This file contains any messages produced by compilers while
running configure, to aid debugging if configure makes a mistake.

It was created by FreeType configure 2.3.5, which was
generated by GNU Autoconf 2.59.  Invocation command line was

  $ ./configure --host=arm-linux-gnu CC=/opt/storlink_arm_920t_le_uclibc//bin/arm-linux-gcc AS=/opt/storlink_arm_920t_le_uclibc//bin/arm-linux-as AR=/opt/storlink_arm_920t_le_uclibc//bin/arm-linux-ar LD=/opt/storlink_arm_920t_le_uclibc//bin/arm-linux-ld RANLIB=/opt/storlink_arm_920t_le_uclibc//bin/arm-linux-ranlib STRIP=/opt/storlink_arm_920t_le_uclibc//bin/arm-linux-strip --prefix=/home/testgpl/dir685/boards/wrgns01/DFB CFLAGS=-I/home/testgpl/dir685/boards/wrgns01/DFB/include LDFLAGS=-L/home/testgpl/dir685/boards/wrgns01/DFB/lib

## --------- ##
## Platform. ##
## --------- ##

hostname = localhost
uname -m = i686
uname -r = 2.6.18-1.2798.fc6
uname -s = Linux
uname -v = #1 SMP Mon Oct 16 14:54:20 EDT 2006

/usr/bin/uname -p = unknown
/bin/uname -X     = unknown

/bin/arch              = i686
/usr/bin/arch -k       = unknown
/usr/convex/getsysinfo = unknown
hostinfo               = unknown
/bin/machine           = unknown
/usr/bin/oslevel       = unknown
/bin/universe          = unknown

PATH: /opt/storlink_arm_920t_le_uclibc/bin
PATH: /opt/storlink_arm_920t_le_uclibc/bin
PATH: /opt/storlink_arm_920t_le_uclibc/bin
PATH: /opt/storlink_arm_920t_le_uclibc/bin
PATH: /opt/storlink_arm_920t_le_uclibc/bin
PATH: /opt/storlink_arm_920t_le_uclibc/bin
PATH: /opt/storlink_arm_920t_le_uclibc/bin
PATH: /opt/storlink_arm_920t_le_uclibc/bin
PATH: /usr/kerberos/sbin
PATH: /opt/storlink_arm_920t_le_uclibc/bin
PATH: /usr/kerberos/bin
PATH: /usr/local/bin
PATH: /bin
PATH: /usr/bin
PATH: /home/user/bin


## ----------- ##
## Core tests. ##
## ----------- ##

configure:1562: checking build system type
configure:1580: result: i686-redhat-linux-gnu
configure:1588: checking host system type
configure:1602: result: arm-unknown-linux-gnu
configure:1610: checking target system type
configure:1624: result: arm-unknown-linux-gnu
configure:1650: checking for arm-linux-gnu-gcc
configure:1676: result: /opt/storlink_arm_920t_le_uclibc//bin/arm-linux-gcc
configure:1958: checking for C compiler version
configure:1961: /opt/storlink_arm_920t_le_uclibc//bin/arm-linux-gcc --version </dev/null >&5
arm-linux-gcc (GCC) 3.4.6
Copyright (C) 2006 Free Software Foundation, Inc.
This is free software; see the source for copying conditions.  There is NO
warranty; not even for MERCHANTABILITY or FITNESS FOR A PARTICULAR PURPOSE.

configure:1964: $? = 0
configure:1966: /opt/storlink_arm_920t_le_uclibc//bin/arm-linux-gcc -v </dev/null >&5
Reading specs from /opt/storlink_arm_920t_le_uclibc.20080713/lib/gcc/arm-linux-uclibc/3.4.6/specs
Configured with: /home/joely/storm/buildroot/buildroot5/toolchain_build_arm/gcc-3.4.6/configure --prefix=/opt/storlink_arm_920t_le_uclibc.20080713 --build=i386-pc-linux-gnu --host=i386-pc-linux-gnu --target=arm-linux-uclibc --enable-languages=c,c++ --disable-__cxa_atexit --enable-target-optspace --with-gnu-ld --enable-shared --disable-nls --enable-threads --disable-multilib --with-float=soft --enable-sjlj-exceptions
Thread model: posix
gcc version 3.4.6
configure:1969: $? = 0
configure:1971: /opt/storlink_arm_920t_le_uclibc//bin/arm-linux-gcc -V </dev/null >&5
arm-linux-gcc: `-V' option must have argument
configure:1974: $? = 1
configure:1997: checking for C compiler default output file name
configure:2000: /opt/storlink_arm_920t_le_uclibc//bin/arm-linux-gcc -I/home/testgpl/dir685/boards/wrgns01/DFB/include  -L/home/testgpl/dir685/boards/wrgns01/DFB/lib conftest.c  >&5
configure:2003: $? = 0
configure:2049: result: a.out
configure:2054: checking whether the C compiler works
configure:2060: ./a.out
./configure: line 2061: ./a.out: cannot execute binary file
configure:2063: $? = 126
configure:2080: result: yes
configure:2087: checking whether we are cross compiling
configure:2089: result: yes
configure:2092: checking for suffix of executables
configure:2094: /opt/storlink_arm_920t_le_uclibc//bin/arm-linux-gcc -o conftest -I/home/testgpl/dir685/boards/wrgns01/DFB/include  -L/home/testgpl/dir685/boards/wrgns01/DFB/lib conftest.c  >&5
configure:2097: $? = 0
configure:2122: result: 
configure:2128: checking for suffix of object files
configure:2149: /opt/storlink_arm_920t_le_uclibc//bin/arm-linux-gcc -c -I/home/testgpl/dir685/boards/wrgns01/DFB/include  conftest.c >&5
configure:2152: $? = 0
configure:2174: result: o
configure:2178: checking whether we are using the GNU C compiler
configure:2202: /opt/storlink_arm_920t_le_uclibc//bin/arm-linux-gcc -c -I/home/testgpl/dir685/boards/wrgns01/DFB/include  conftest.c >&5
configure:2208: $? = 0
configure:2212: test -z 
			 || test ! -s conftest.err
configure:2215: $? = 0
configure:2218: test -s conftest.o
configure:2221: $? = 0
configure:2234: result: yes
configure:2240: checking whether /opt/storlink_arm_920t_le_uclibc//bin/arm-linux-gcc accepts -g
configure:2261: /opt/storlink_arm_920t_le_uclibc//bin/arm-linux-gcc -c -g  conftest.c >&5
configure:2267: $? = 0
configure:2271: test -z 
			 || test ! -s conftest.err
configure:2274: $? = 0
configure:2277: test -s conftest.o
configure:2280: $? = 0
configure:2291: result: yes
configure:2308: checking for /opt/storlink_arm_920t_le_uclibc//bin/arm-linux-gcc option to accept ANSI C
configure:2378: /opt/storlink_arm_920t_le_uclibc//bin/arm-linux-gcc  -c -I/home/testgpl/dir685/boards/wrgns01/DFB/include  conftest.c >&5
configure:2384: $? = 0
configure:2388: test -z 
			 || test ! -s conftest.err
configure:2391: $? = 0
configure:2394: test -s conftest.o
configure:2397: $? = 0
configure:2415: result: none needed
configure:2433: /opt/storlink_arm_920t_le_uclibc//bin/arm-linux-gcc -c -I/home/testgpl/dir685/boards/wrgns01/DFB/include  conftest.c >&5
conftest.c:2: error: syntax error before "me"
configure:2439: $? = 1
configure: failed program was:
| #ifndef __cplusplus
|   choke me
| #endif
configure:2577: checking how to run the C preprocessor
configure:2612: /opt/storlink_arm_920t_le_uclibc//bin/arm-linux-gcc -E  conftest.c
configure:2618: $? = 0
configure:2650: /opt/storlink_arm_920t_le_uclibc//bin/arm-linux-gcc -E  conftest.c
conftest.c:9:28: ac_nonexistent.h: No such file or directory
configure:2656: $? = 1
configure: failed program was:
| /* confdefs.h.  */
| 
| #define PACKAGE_NAME "FreeType"
| #define PACKAGE_TARNAME "freetype"
| #define PACKAGE_VERSION "2.3.5"
| #define PACKAGE_STRING "FreeType 2.3.5"
| #define PACKAGE_BUGREPORT "freetype@nongnu.org"
| /* end confdefs.h.  */
| #include <ac_nonexistent.h>
configure:2695: result: /opt/storlink_arm_920t_le_uclibc//bin/arm-linux-gcc -E
configure:2719: /opt/storlink_arm_920t_le_uclibc//bin/arm-linux-gcc -E  conftest.c
configure:2725: $? = 0
configure:2757: /opt/storlink_arm_920t_le_uclibc//bin/arm-linux-gcc -E  conftest.c
conftest.c:9:28: ac_nonexistent.h: No such file or directory
configure:2763: $? = 1
configure: failed program was:
| /* confdefs.h.  */
| 
| #define PACKAGE_NAME "FreeType"
| #define PACKAGE_TARNAME "freetype"
| #define PACKAGE_VERSION "2.3.5"
| #define PACKAGE_STRING "FreeType 2.3.5"
| #define PACKAGE_BUGREPORT "freetype@nongnu.org"
| /* end confdefs.h.  */
| #include <ac_nonexistent.h>
configure:2814: checking for i686-redhat-linux-gnu-gcc
configure:2843: result: no
configure:2849: checking for gcc
configure:2865: found /usr/bin/gcc
configure:2875: result: gcc
configure:2884: checking for gcc
configure:2927: result: gcc
configure:2938: checking for suffix of native executables
configure:2953: result: 
configure:2995: checking for rm
configure:3011: found /bin/rm
configure:3021: result: rm -f
configure:3030: checking for rmdir
configure:3046: found /bin/rmdir
configure:3056: result: rmdir
configure:3082: checking for a BSD-compatible install
configure:3137: result: /usr/bin/install -c
configure:3160: checking for egrep
configure:3170: result: grep -E
configure:3175: checking for ANSI C header files
configure:3200: /opt/storlink_arm_920t_le_uclibc//bin/arm-linux-gcc -c -I/home/testgpl/dir685/boards/wrgns01/DFB/include  conftest.c >&5
configure:3206: $? = 0
configure:3210: test -z 
			 || test ! -s conftest.err
configure:3213: $? = 0
configure:3216: test -s conftest.o
configure:3219: $? = 0
configure:3331: result: yes
configure:3355: checking for sys/types.h
configure:3371: /opt/storlink_arm_920t_le_uclibc//bin/arm-linux-gcc -c -I/home/testgpl/dir685/boards/wrgns01/DFB/include  conftest.c >&5
configure:3377: $? = 0
configure:3381: test -z 
			 || test ! -s conftest.err
configure:3384: $? = 0
configure:3387: test -s conftest.o
configure:3390: $? = 0
configure:3401: result: yes
configure:3355: checking for sys/stat.h
configure:3371: /opt/storlink_arm_920t_le_uclibc//bin/arm-linux-gcc -c -I/home/testgpl/dir685/boards/wrgns01/DFB/include  conftest.c >&5
configure:3377: $? = 0
configure:3381: test -z 
			 || test ! -s conftest.err
configure:3384: $? = 0
configure:3387: test -s conftest.o
configure:3390: $? = 0
configure:3401: result: yes
configure:3355: checking for stdlib.h
configure:3371: /opt/storlink_arm_920t_le_uclibc//bin/arm-linux-gcc -c -I/home/testgpl/dir685/boards/wrgns01/DFB/include  conftest.c >&5
configure:3377: $? = 0
configure:3381: test -z 
			 || test ! -s conftest.err
configure:3384: $? = 0
configure:3387: test -s conftest.o
configure:3390: $? = 0
configure:3401: result: yes
configure:3355: checking for string.h
configure:3371: /opt/storlink_arm_920t_le_uclibc//bin/arm-linux-gcc -c -I/home/testgpl/dir685/boards/wrgns01/DFB/include  conftest.c >&5
configure:3377: $? = 0
configure:3381: test -z 
			 || test ! -s conftest.err
configure:3384: $? = 0
configure:3387: test -s conftest.o
configure:3390: $? = 0
configure:3401: result: yes
configure:3355: checking for memory.h
configure:3371: /opt/storlink_arm_920t_le_uclibc//bin/arm-linux-gcc -c -I/home/testgpl/dir685/boards/wrgns01/DFB/include  conftest.c >&5
configure:3377: $? = 0
configure:3381: test -z 
			 || test ! -s conftest.err
configure:3384: $? = 0
configure:3387: test -s conftest.o
configure:3390: $? = 0
configure:3401: result: yes
configure:3355: checking for strings.h
configure:3371: /opt/storlink_arm_920t_le_uclibc//bin/arm-linux-gcc -c -I/home/testgpl/dir685/boards/wrgns01/DFB/include  conftest.c >&5
configure:3377: $? = 0
configure:3381: test -z 
			 || test ! -s conftest.err
configure:3384: $? = 0
configure:3387: test -s conftest.o
configure:3390: $? = 0
configure:3401: result: yes
configure:3355: checking for inttypes.h
configure:3371: /opt/storlink_arm_920t_le_uclibc//bin/arm-linux-gcc -c -I/home/testgpl/dir685/boards/wrgns01/DFB/include  conftest.c >&5
configure:3377: $? = 0
configure:3381: test -z 
			 || test ! -s conftest.err
configure:3384: $? = 0
configure:3387: test -s conftest.o
configure:3390: $? = 0
configure:3401: result: yes
configure:3355: checking for stdint.h
configure:3371: /opt/storlink_arm_920t_le_uclibc//bin/arm-linux-gcc -c -I/home/testgpl/dir685/boards/wrgns01/DFB/include  conftest.c >&5
configure:3377: $? = 0
configure:3381: test -z 
			 || test ! -s conftest.err
configure:3384: $? = 0
configure:3387: test -s conftest.o
configure:3390: $? = 0
configure:3401: result: yes
configure:3355: checking for unistd.h
configure:3371: /opt/storlink_arm_920t_le_uclibc//bin/arm-linux-gcc -c -I/home/testgpl/dir685/boards/wrgns01/DFB/include  conftest.c >&5
configure:3377: $? = 0
configure:3381: test -z 
			 || test ! -s conftest.err
configure:3384: $? = 0
configure:3387: test -s conftest.o
configure:3390: $? = 0
configure:3401: result: yes
configure:3428: checking fcntl.h usability
configure:3440: /opt/storlink_arm_920t_le_uclibc//bin/arm-linux-gcc -c -I/home/testgpl/dir685/boards/wrgns01/DFB/include  conftest.c >&5
configure:3446: $? = 0
configure:3450: test -z 
			 || test ! -s conftest.err
configure:3453: $? = 0
configure:3456: test -s conftest.o
configure:3459: $? = 0
configure:3469: result: yes
configure:3473: checking fcntl.h presence
configure:3483: /opt/storlink_arm_920t_le_uclibc//bin/arm-linux-gcc -E  conftest.c
configure:3489: $? = 0
configure:3509: result: yes
configure:3544: checking for fcntl.h
configure:3551: result: yes
configure:3419: checking for unistd.h
configure:3424: result: yes
configure:3568: checking for an ANSI C-conforming const
configure:3635: /opt/storlink_arm_920t_le_uclibc//bin/arm-linux-gcc -c -I/home/testgpl/dir685/boards/wrgns01/DFB/include  conftest.c >&5
configure:3641: $? = 0
configure:3645: test -z 
			 || test ! -s conftest.err
configure:3648: $? = 0
configure:3651: test -s conftest.o
configure:3654: $? = 0
configure:3665: result: yes
configure:3675: checking for int
configure:3699: /opt/storlink_arm_920t_le_uclibc//bin/arm-linux-gcc -c -I/home/testgpl/dir685/boards/wrgns01/DFB/include  conftest.c >&5
configure:3705: $? = 0
configure:3709: test -z 
			 || test ! -s conftest.err
configure:3712: $? = 0
configure:3715: test -s conftest.o
configure:3718: $? = 0
configure:3729: result: yes
configure:3732: checking size of int
configure:3762: /opt/storlink_arm_920t_le_uclibc//bin/arm-linux-gcc -c -I/home/testgpl/dir685/boards/wrgns01/DFB/include  conftest.c >&5
configure:3768: $? = 0
configure:3772: test -z 
			 || test ! -s conftest.err
configure:3775: $? = 0
configure:3778: test -s conftest.o
configure:3781: $? = 0
configure:3803: /opt/storlink_arm_920t_le_uclibc//bin/arm-linux-gcc -c -I/home/testgpl/dir685/boards/wrgns01/DFB/include  conftest.c >&5
conftest.c: In function `main':
conftest.c:58: error: size of array `test_array' is negative
configure:3809: $? = 1
configure: failed program was:
| /* confdefs.h.  */
| 
| #define PACKAGE_NAME "FreeType"
| #define PACKAGE_TARNAME "freetype"
| #define PACKAGE_VERSION "2.3.5"
| #define PACKAGE_STRING "FreeType 2.3.5"
| #define PACKAGE_BUGREPORT "freetype@nongnu.org"
| #define STDC_HEADERS 1
| #define HAVE_SYS_TYPES_H 1
| #define HAVE_SYS_STAT_H 1
| #define HAVE_STDLIB_H 1
| #define HAVE_STRING_H 1
| #define HAVE_MEMORY_H 1
| #define HAVE_STRINGS_H 1
| #define HAVE_INTTYPES_H 1
| #define HAVE_STDINT_H 1
| #define HAVE_UNISTD_H 1
| #define HAVE_FCNTL_H 1
| #define HAVE_UNISTD_H 1
| /* end confdefs.h.  */
| #include <stdio.h>
| #if HAVE_SYS_TYPES_H
| # include <sys/types.h>
| #endif
| #if HAVE_SYS_STAT_H
| # include <sys/stat.h>
| #endif
| #if STDC_HEADERS
| # include <stdlib.h>
| # include <stddef.h>
| #else
| # if HAVE_STDLIB_H
| #  include <stdlib.h>
| # endif
| #endif
| #if HAVE_STRING_H
| # if !STDC_HEADERS && HAVE_MEMORY_H
| #  include <memory.h>
| # endif
| # include <string.h>
| #endif
| #if HAVE_STRINGS_H
| # include <strings.h>
| #endif
| #if HAVE_INTTYPES_H
| # include <inttypes.h>
| #else
| # if HAVE_STDINT_H
| #  include <stdint.h>
| # endif
| #endif
| #if HAVE_UNISTD_H
| # include <unistd.h>
| #endif
| int
| main ()
| {
| static int test_array [1 - 2 * !(((long) (sizeof (int))) <= 0)];
| test_array [0] = 0
| 
|   ;
|   return 0;
| }
configure:3803: /opt/storlink_arm_920t_le_uclibc//bin/arm-linux-gcc -c -I/home/testgpl/dir685/boards/wrgns01/DFB/include  conftest.c >&5
conftest.c: In function `main':
conftest.c:58: error: size of array `test_array' is negative
configure:3809: $? = 1
configure: failed program was:
| /* confdefs.h.  */
| 
| #define PACKAGE_NAME "FreeType"
| #define PACKAGE_TARNAME "freetype"
| #define PACKAGE_VERSION "2.3.5"
| #define PACKAGE_STRING "FreeType 2.3.5"
| #define PACKAGE_BUGREPORT "freetype@nongnu.org"
| #define STDC_HEADERS 1
| #define HAVE_SYS_TYPES_H 1
| #define HAVE_SYS_STAT_H 1
| #define HAVE_STDLIB_H 1
| #define HAVE_STRING_H 1
| #define HAVE_MEMORY_H 1
| #define HAVE_STRINGS_H 1
| #define HAVE_INTTYPES_H 1
| #define HAVE_STDINT_H 1
| #define HAVE_UNISTD_H 1
| #define HAVE_FCNTL_H 1
| #define HAVE_UNISTD_H 1
| /* end confdefs.h.  */
| #include <stdio.h>
| #if HAVE_SYS_TYPES_H
| # include <sys/types.h>
| #endif
| #if HAVE_SYS_STAT_H
| # include <sys/stat.h>
| #endif
| #if STDC_HEADERS
| # include <stdlib.h>
| # include <stddef.h>
| #else
| # if HAVE_STDLIB_H
| #  include <stdlib.h>
| # endif
| #endif
| #if HAVE_STRING_H
| # if !STDC_HEADERS && HAVE_MEMORY_H
| #  include <memory.h>
| # endif
| # include <string.h>
| #endif
| #if HAVE_STRINGS_H
| # include <strings.h>
| #endif
| #if HAVE_INTTYPES_H
| # include <inttypes.h>
| #else
| # if HAVE_STDINT_H
| #  include <stdint.h>
| # endif
| #endif
| #if HAVE_UNISTD_H
| # include <unistd.h>
| #endif
| int
| main ()
| {
| static int test_array [1 - 2 * !(((long) (sizeof (int))) <= 1)];
| test_array [0] = 0
| 
|   ;
|   return 0;
| }
configure:3803: /opt/storlink_arm_920t_le_uclibc//bin/arm-linux-gcc -c -I/home/testgpl/dir685/boards/wrgns01/DFB/include  conftest.c >&5
conftest.c: In function `main':
conftest.c:58: error: size of array `test_array' is negative
configure:3809: $? = 1
configure: failed program was:
| /* confdefs.h.  */
| 
| #define PACKAGE_NAME "FreeType"
| #define PACKAGE_TARNAME "freetype"
| #define PACKAGE_VERSION "2.3.5"
| #define PACKAGE_STRING "FreeType 2.3.5"
| #define PACKAGE_BUGREPORT "freetype@nongnu.org"
| #define STDC_HEADERS 1
| #define HAVE_SYS_TYPES_H 1
| #define HAVE_SYS_STAT_H 1
| #define HAVE_STDLIB_H 1
| #define HAVE_STRING_H 1
| #define HAVE_MEMORY_H 1
| #define HAVE_STRINGS_H 1
| #define HAVE_INTTYPES_H 1
| #define HAVE_STDINT_H 1
| #define HAVE_UNISTD_H 1
| #define HAVE_FCNTL_H 1
| #define HAVE_UNISTD_H 1
| /* end confdefs.h.  */
| #include <stdio.h>
| #if HAVE_SYS_TYPES_H
| # include <sys/types.h>
| #endif
| #if HAVE_SYS_STAT_H
| # include <sys/stat.h>
| #endif
| #if STDC_HEADERS
| # include <stdlib.h>
| # include <stddef.h>
| #else
| # if HAVE_STDLIB_H
| #  include <stdlib.h>
| # endif
| #endif
| #if HAVE_STRING_H
| # if !STDC_HEADERS && HAVE_MEMORY_H
| #  include <memory.h>
| # endif
| # include <string.h>
| #endif
| #if HAVE_STRINGS_H
| # include <strings.h>
| #endif
| #if HAVE_INTTYPES_H
| # include <inttypes.h>
| #else
| # if HAVE_STDINT_H
| #  include <stdint.h>
| # endif
| #endif
| #if HAVE_UNISTD_H
| # include <unistd.h>
| #endif
| int
| main ()
| {
| static int test_array [1 - 2 * !(((long) (sizeof (int))) <= 3)];
| test_array [0] = 0
| 
|   ;
|   return 0;
| }
configure:3803: /opt/storlink_arm_920t_le_uclibc//bin/arm-linux-gcc -c -I/home/testgpl/dir685/boards/wrgns01/DFB/include  conftest.c >&5
configure:3809: $? = 0
configure:3813: test -z 
			 || test ! -s conftest.err
configure:3816: $? = 0
configure:3819: test -s conftest.o
configure:3822: $? = 0
configure:3966: /opt/storlink_arm_920t_le_uclibc//bin/arm-linux-gcc -c -I/home/testgpl/dir685/boards/wrgns01/DFB/include  conftest.c >&5
configure:3972: $? = 0
configure:3976: test -z 
			 || test ! -s conftest.err
configure:3979: $? = 0
configure:3982: test -s conftest.o
configure:3985: $? = 0
configure:3966: /opt/storlink_arm_920t_le_uclibc//bin/arm-linux-gcc -c -I/home/testgpl/dir685/boards/wrgns01/DFB/include  conftest.c >&5
configure:3972: $? = 0
configure:3976: test -z 
			 || test ! -s conftest.err
configure:3979: $? = 0
configure:3982: test -s conftest.o
configure:3985: $? = 0
configure:4082: result: 4
configure:4089: checking for long
configure:4113: /opt/storlink_arm_920t_le_uclibc//bin/arm-linux-gcc -c -I/home/testgpl/dir685/boards/wrgns01/DFB/include  conftest.c >&5
configure:4119: $? = 0
configure:4123: test -z 
			 || test ! -s conftest.err
configure:4126: $? = 0
configure:4129: test -s conftest.o
configure:4132: $? = 0
configure:4143: result: yes
configure:4146: checking size of long
configure:4176: /opt/storlink_arm_920t_le_uclibc//bin/arm-linux-gcc -c -I/home/testgpl/dir685/boards/wrgns01/DFB/include  conftest.c >&5
configure:4182: $? = 0
configure:4186: test -z 
			 || test ! -s conftest.err
configure:4189: $? = 0
configure:4192: test -s conftest.o
configure:4195: $? = 0
configure:4217: /opt/storlink_arm_920t_le_uclibc//bin/arm-linux-gcc -c -I/home/testgpl/dir685/boards/wrgns01/DFB/include  conftest.c >&5
conftest.c: In function `main':
conftest.c:59: error: size of array `test_array' is negative
configure:4223: $? = 1
configure: failed program was:
| /* confdefs.h.  */
| 
| #define PACKAGE_NAME "FreeType"
| #define PACKAGE_TARNAME "freetype"
| #define PACKAGE_VERSION "2.3.5"
| #define PACKAGE_STRING "FreeType 2.3.5"
| #define PACKAGE_BUGREPORT "freetype@nongnu.org"
| #define STDC_HEADERS 1
| #define HAVE_SYS_TYPES_H 1
| #define HAVE_SYS_STAT_H 1
| #define HAVE_STDLIB_H 1
| #define HAVE_STRING_H 1
| #define HAVE_MEMORY_H 1
| #define HAVE_STRINGS_H 1
| #define HAVE_INTTYPES_H 1
| #define HAVE_STDINT_H 1
| #define HAVE_UNISTD_H 1
| #define HAVE_FCNTL_H 1
| #define HAVE_UNISTD_H 1
| #define SIZEOF_INT 4
| /* end confdefs.h.  */
| #include <stdio.h>
| #if HAVE_SYS_TYPES_H
| # include <sys/types.h>
| #endif
| #if HAVE_SYS_STAT_H
| # include <sys/stat.h>
| #endif
| #if STDC_HEADERS
| # include <stdlib.h>
| # include <stddef.h>
| #else
| # if HAVE_STDLIB_H
| #  include <stdlib.h>
| # endif
| #endif
| #if HAVE_STRING_H
| # if !STDC_HEADERS && HAVE_MEMORY_H
| #  include <memory.h>
| # endif
| # include <string.h>
| #endif
| #if HAVE_STRINGS_H
| # include <strings.h>
| #endif
| #if HAVE_INTTYPES_H
| # include <inttypes.h>
| #else
| # if HAVE_STDINT_H
| #  include <stdint.h>
| # endif
| #endif
| #if HAVE_UNISTD_H
| # include <unistd.h>
| #endif
| int
| main ()
| {
| static int test_array [1 - 2 * !(((long) (sizeof (long))) <= 0)];
| test_array [0] = 0
| 
|   ;
|   return 0;
| }
configure:4217: /opt/storlink_arm_920t_le_uclibc//bin/arm-linux-gcc -c -I/home/testgpl/dir685/boards/wrgns01/DFB/include  conftest.c >&5
conftest.c: In function `main':
conftest.c:59: error: size of array `test_array' is negative
configure:4223: $? = 1
configure: failed program was:
| /* confdefs.h.  */
| 
| #define PACKAGE_NAME "FreeType"
| #define PACKAGE_TARNAME "freetype"
| #define PACKAGE_VERSION "2.3.5"
| #define PACKAGE_STRING "FreeType 2.3.5"
| #define PACKAGE_BUGREPORT "freetype@nongnu.org"
| #define STDC_HEADERS 1
| #define HAVE_SYS_TYPES_H 1
| #define HAVE_SYS_STAT_H 1
| #define HAVE_STDLIB_H 1
| #define HAVE_STRING_H 1
| #define HAVE_MEMORY_H 1
| #define HAVE_STRINGS_H 1
| #define HAVE_INTTYPES_H 1
| #define HAVE_STDINT_H 1
| #define HAVE_UNISTD_H 1
| #define HAVE_FCNTL_H 1
| #define HAVE_UNISTD_H 1
| #define SIZEOF_INT 4
| /* end confdefs.h.  */
| #include <stdio.h>
| #if HAVE_SYS_TYPES_H
| # include <sys/types.h>
| #endif
| #if HAVE_SYS_STAT_H
| # include <sys/stat.h>
| #endif
| #if STDC_HEADERS
| # include <stdlib.h>
| # include <stddef.h>
| #else
| # if HAVE_STDLIB_H
| #  include <stdlib.h>
| # endif
| #endif
| #if HAVE_STRING_H
| # if !STDC_HEADERS && HAVE_MEMORY_H
| #  include <memory.h>
| # endif
| # include <string.h>
| #endif
| #if HAVE_STRINGS_H
| # include <strings.h>
| #endif
| #if HAVE_INTTYPES_H
| # include <inttypes.h>
| #else
| # if HAVE_STDINT_H
| #  include <stdint.h>
| # endif
| #endif
| #if HAVE_UNISTD_H
| # include <unistd.h>
| #endif
| int
| main ()
| {
| static int test_array [1 - 2 * !(((long) (sizeof (long))) <= 1)];
| test_array [0] = 0
| 
|   ;
|   return 0;
| }
configure:4217: /opt/storlink_arm_920t_le_uclibc//bin/arm-linux-gcc -c -I/home/testgpl/dir685/boards/wrgns01/DFB/include  conftest.c >&5
conftest.c: In function `main':
conftest.c:59: error: size of array `test_array' is negative
configure:4223: $? = 1
configure: failed program was:
| /* confdefs.h.  */
| 
| #define PACKAGE_NAME "FreeType"
| #define PACKAGE_TARNAME "freetype"
| #define PACKAGE_VERSION "2.3.5"
| #define PACKAGE_STRING "FreeType 2.3.5"
| #define PACKAGE_BUGREPORT "freetype@nongnu.org"
| #define STDC_HEADERS 1
| #define HAVE_SYS_TYPES_H 1
| #define HAVE_SYS_STAT_H 1
| #define HAVE_STDLIB_H 1
| #define HAVE_STRING_H 1
| #define HAVE_MEMORY_H 1
| #define HAVE_STRINGS_H 1
| #define HAVE_INTTYPES_H 1
| #define HAVE_STDINT_H 1
| #define HAVE_UNISTD_H 1
| #define HAVE_FCNTL_H 1
| #define HAVE_UNISTD_H 1
| #define SIZEOF_INT 4
| /* end confdefs.h.  */
| #include <stdio.h>
| #if HAVE_SYS_TYPES_H
| # include <sys/types.h>
| #endif
| #if HAVE_SYS_STAT_H
| # include <sys/stat.h>
| #endif
| #if STDC_HEADERS
| # include <stdlib.h>
| # include <stddef.h>
| #else
| # if HAVE_STDLIB_H
| #  include <stdlib.h>
| # endif
| #endif
| #if HAVE_STRING_H
| # if !STDC_HEADERS && HAVE_MEMORY_H
| #  include <memory.h>
| # endif
| # include <string.h>
| #endif
| #if HAVE_STRINGS_H
| # include <strings.h>
| #endif
| #if HAVE_INTTYPES_H
| # include <inttypes.h>
| #else
| # if HAVE_STDINT_H
| #  include <stdint.h>
| # endif
| #endif
| #if HAVE_UNISTD_H
| # include <unistd.h>
| #endif
| int
| main ()
| {
| static int test_array [1 - 2 * !(((long) (sizeof (long))) <= 3)];
| test_array [0] = 0
| 
|   ;
|   return 0;
| }
configure:4217: /opt/storlink_arm_920t_le_uclibc//bin/arm-linux-gcc -c -I/home/testgpl/dir685/boards/wrgns01/DFB/include  conftest.c >&5
configure:4223: $? = 0
configure:4227: test -z 
			 || test ! -s conftest.err
configure:4230: $? = 0
configure:4233: test -s conftest.o
configure:4236: $? = 0
configure:4380: /opt/storlink_arm_920t_le_uclibc//bin/arm-linux-gcc -c -I/home/testgpl/dir685/boards/wrgns01/DFB/include  conftest.c >&5
configure:4386: $? = 0
configure:4390: test -z 
			 || test ! -s conftest.err
configure:4393: $? = 0
configure:4396: test -s conftest.o
configure:4399: $? = 0
configure:4380: /opt/storlink_arm_920t_le_uclibc//bin/arm-linux-gcc -c -I/home/testgpl/dir685/boards/wrgns01/DFB/include  conftest.c >&5
configure:4386: $? = 0
configure:4390: test -z 
			 || test ! -s conftest.err
configure:4393: $? = 0
configure:4396: test -s conftest.o
configure:4399: $? = 0
configure:4496: result: 4
configure:4515: checking for stdlib.h
configure:4520: result: yes
configure:4515: checking for unistd.h
configure:4520: result: yes
configure:4664: checking for getpagesize
configure:4721: /opt/storlink_arm_920t_le_uclibc//bin/arm-linux-gcc -o conftest -I/home/testgpl/dir685/boards/wrgns01/DFB/include  -L/home/testgpl/dir685/boards/wrgns01/DFB/lib conftest.c  >&5
configure:4727: $? = 0
configure:4731: test -z 
			 || test ! -s conftest.err
configure:4734: $? = 0
configure:4737: test -s conftest
configure:4740: $? = 0
configure:4752: result: yes
configure:4762: checking for working mmap
configure:4926: result: no
configure:5087: checking for memcpy
configure:5144: /opt/storlink_arm_920t_le_uclibc//bin/arm-linux-gcc -o conftest -I/home/testgpl/dir685/boards/wrgns01/DFB/include  -L/home/testgpl/dir685/boards/wrgns01/DFB/lib conftest.c  >&5
conftest.c:50: warning: conflicting types for built-in function 'memcpy'
configure:5150: $? = 0
configure:5154: test -z 
			 || test ! -s conftest.err
configure:5157: $? = 0
configure:5160: test -s conftest
configure:5163: $? = 0
configure:5175: result: yes
configure:5087: checking for memmove
configure:5144: /opt/storlink_arm_920t_le_uclibc//bin/arm-linux-gcc -o conftest -I/home/testgpl/dir685/boards/wrgns01/DFB/include  -L/home/testgpl/dir685/boards/wrgns01/DFB/lib conftest.c  >&5
conftest.c:51: warning: conflicting types for built-in function 'memmove'
configure:5150: $? = 0
configure:5154: test -z 
			 || test ! -s conftest.err
configure:5157: $? = 0
configure:5160: test -s conftest
configure:5163: $? = 0
configure:5175: result: yes
configure:5197: checking for gzsetparams in -lz
configure:5227: /opt/storlink_arm_920t_le_uclibc//bin/arm-linux-gcc -o conftest -I/home/testgpl/dir685/boards/wrgns01/DFB/include  -L/home/testgpl/dir685/boards/wrgns01/DFB/lib conftest.c -lz   >&5
configure:5233: $? = 0
configure:5237: test -z 
			 || test ! -s conftest.err
configure:5240: $? = 0
configure:5243: test -s conftest
configure:5246: $? = 0
configure:5259: result: yes
configure:5272: checking zlib.h usability
configure:5284: /opt/storlink_arm_920t_le_uclibc//bin/arm-linux-gcc -c -I/home/testgpl/dir685/boards/wrgns01/DFB/include  conftest.c >&5
configure:5290: $? = 0
configure:5294: test -z 
			 || test ! -s conftest.err
configure:5297: $? = 0
configure:5300: test -s conftest.o
configure:5303: $? = 0
configure:5313: result: yes
configure:5317: checking zlib.h presence
configure:5327: /opt/storlink_arm_920t_le_uclibc//bin/arm-linux-gcc -E  conftest.c
conftest.c:28:18: zlib.h: No such file or directory
configure:5333: $? = 1
configure: failed program was:
| /* confdefs.h.  */
| 
| #define PACKAGE_NAME "FreeType"
| #define PACKAGE_TARNAME "freetype"
| #define PACKAGE_VERSION "2.3.5"
| #define PACKAGE_STRING "FreeType 2.3.5"
| #define PACKAGE_BUGREPORT "freetype@nongnu.org"
| #define STDC_HEADERS 1
| #define HAVE_SYS_TYPES_H 1
| #define HAVE_SYS_STAT_H 1
| #define HAVE_STDLIB_H 1
| #define HAVE_STRING_H 1
| #define HAVE_MEMORY_H 1
| #define HAVE_STRINGS_H 1
| #define HAVE_INTTYPES_H 1
| #define HAVE_STDINT_H 1
| #define HAVE_UNISTD_H 1
| #define HAVE_FCNTL_H 1
| #define HAVE_UNISTD_H 1
| #define SIZEOF_INT 4
| #define SIZEOF_LONG 4
| #define HAVE_STDLIB_H 1
| #define HAVE_UNISTD_H 1
| #define HAVE_GETPAGESIZE 1
| #define HAVE_MEMCPY 1
| #define HAVE_MEMMOVE 1
| /* end confdefs.h.  */
| #include <zlib.h>
configure:5353: result: no
configure:5359: WARNING: zlib.h: accepted by the compiler, rejected by the preprocessor!
configure:5361: WARNING: zlib.h: proceeding with the compiler's result
configure:5388: checking for zlib.h
configure:5395: result: yes
configure:6151: checking for a sed that does not truncate output
configure:6207: result: /bin/sed
configure:6221: checking for ld used by /opt/storlink_arm_920t_le_uclibc//bin/arm-linux-gcc
configure:6288: result: /opt/storlink_arm_920t_le_uclibc//bin/arm-linux-ld
configure:6297: checking if the linker (/opt/storlink_arm_920t_le_uclibc//bin/arm-linux-ld) is GNU ld
configure:6312: result: yes
configure:6317: checking for /opt/storlink_arm_920t_le_uclibc//bin/arm-linux-ld option to reload object files
configure:6324: result: -r
configure:6342: checking for BSD-compatible nm
configure:6391: result: nm
configure:6395: checking whether ln -s works
configure:6399: result: yes
configure:6406: checking how to recognise dependent libraries
configure:6582: result: pass_all
configure:6827: checking dlfcn.h usability
configure:6839: /opt/storlink_arm_920t_le_uclibc//bin/arm-linux-gcc -c -I/home/testgpl/dir685/boards/wrgns01/DFB/include -DFT_CONFIG_OPTION_SYSTEM_ZLIB  conftest.c >&5
configure:6845: $? = 0
configure:6849: test -z 
			 || test ! -s conftest.err
configure:6852: $? = 0
configure:6855: test -s conftest.o
configure:6858: $? = 0
configure:6868: result: yes
configure:6872: checking dlfcn.h presence
configure:6882: /opt/storlink_arm_920t_le_uclibc//bin/arm-linux-gcc -E  conftest.c
configure:6888: $? = 0
configure:6908: result: yes
configure:6943: checking for dlfcn.h
configure:6950: result: yes
configure:6973: checking for arm-linux-gnu-g++
configure:6999: result: /opt/storlink_arm_920t_le_uclibc//bin/arm-linux-g++
configure:7057: checking for C++ compiler version
configure:7060: /opt/storlink_arm_920t_le_uclibc//bin/arm-linux-g++ --version </dev/null >&5
arm-linux-g++ (GCC) 3.4.6
Copyright (C) 2006 Free Software Foundation, Inc.
This is free software; see the source for copying conditions.  There is NO
warranty; not even for MERCHANTABILITY or FITNESS FOR A PARTICULAR PURPOSE.

configure:7063: $? = 0
configure:7065: /opt/storlink_arm_920t_le_uclibc//bin/arm-linux-g++ -v </dev/null >&5
Reading specs from /opt/storlink_arm_920t_le_uclibc.20080713/lib/gcc/arm-linux-uclibc/3.4.6/specs
Configured with: /home/joely/storm/buildroot/buildroot5/toolchain_build_arm/gcc-3.4.6/configure --prefix=/opt/storlink_arm_920t_le_uclibc.20080713 --build=i386-pc-linux-gnu --host=i386-pc-linux-gnu --target=arm-linux-uclibc --enable-languages=c,c++ --disable-__cxa_atexit --enable-target-optspace --with-gnu-ld --enable-shared --disable-nls --enable-threads --disable-multilib --with-float=soft --enable-sjlj-exceptions
Thread model: posix
gcc version 3.4.6
configure:7068: $? = 0
configure:7070: /opt/storlink_arm_920t_le_uclibc//bin/arm-linux-g++ -V </dev/null >&5
arm-linux-g++: `-V' option must have argument
configure:7073: $? = 1
configure:7076: checking whether we are using the GNU C++ compiler
configure:7100: /opt/storlink_arm_920t_le_uclibc//bin/arm-linux-g++ -c   conftest.cc >&5
configure:7106: $? = 0
configure:7110: test -z 
			 || test ! -s conftest.err
configure:7113: $? = 0
configure:7116: test -s conftest.o
configure:7119: $? = 0
configure:7132: result: yes
configure:7138: checking whether /opt/storlink_arm_920t_le_uclibc//bin/arm-linux-g++ accepts -g
configure:7159: /opt/storlink_arm_920t_le_uclibc//bin/arm-linux-g++ -c -g  conftest.cc >&5
configure:7165: $? = 0
configure:7169: test -z 
			 || test ! -s conftest.err
configure:7172: $? = 0
configure:7175: test -s conftest.o
configure:7178: $? = 0
configure:7189: result: yes
configure:7231: /opt/storlink_arm_920t_le_uclibc//bin/arm-linux-g++ -c -g -O2  conftest.cc >&5
configure:7237: $? = 0
configure:7241: test -z 
			 || test ! -s conftest.err
configure:7244: $? = 0
configure:7247: test -s conftest.o
configure:7250: $? = 0
configure:7276: /opt/storlink_arm_920t_le_uclibc//bin/arm-linux-g++ -c -g -O2  conftest.cc >&5
conftest.cc: In function `int main()':
conftest.cc:33: error: `exit' was not declared in this scope
configure:7282: $? = 1
configure: failed program was:
| /* confdefs.h.  */
| 
| #define PACKAGE_NAME "FreeType"
| #define PACKAGE_TARNAME "freetype"
| #define PACKAGE_VERSION "2.3.5"
| #define PACKAGE_STRING "FreeType 2.3.5"
| #define PACKAGE_BUGREPORT "freetype@nongnu.org"
| #define STDC_HEADERS 1
| #define HAVE_SYS_TYPES_H 1
| #define HAVE_SYS_STAT_H 1
| #define HAVE_STDLIB_H 1
| #define HAVE_STRING_H 1
| #define HAVE_MEMORY_H 1
| #define HAVE_STRINGS_H 1
| #define HAVE_INTTYPES_H 1
| #define HAVE_STDINT_H 1
| #define HAVE_UNISTD_H 1
| #define HAVE_FCNTL_H 1
| #define HAVE_UNISTD_H 1
| #define SIZEOF_INT 4
| #define SIZEOF_LONG 4
| #define HAVE_STDLIB_H 1
| #define HAVE_UNISTD_H 1
| #define HAVE_GETPAGESIZE 1
| #define HAVE_MEMCPY 1
| #define HAVE_MEMMOVE 1
| #define HAVE_DLFCN_H 1
| /* end confdefs.h.  */
| 
| int
| main ()
| {
| exit (42);
|   ;
|   return 0;
| }
configure:7231: /opt/storlink_arm_920t_le_uclibc//bin/arm-linux-g++ -c -g -O2  conftest.cc >&5
configure:7237: $? = 0
configure:7241: test -z 
			 || test ! -s conftest.err
configure:7244: $? = 0
configure:7247: test -s conftest.o
configure:7250: $? = 0
configure:7276: /opt/storlink_arm_920t_le_uclibc//bin/arm-linux-g++ -c -g -O2  conftest.cc >&5
configure:7282: $? = 0
configure:7286: test -z 
			 || test ! -s conftest.err
configure:7289: $? = 0
configure:7292: test -s conftest.o
configure:7295: $? = 0
configure:7328: checking how to run the C++ preprocessor
configure:7359: /opt/storlink_arm_920t_le_uclibc//bin/arm-linux-g++ -E  conftest.cc
configure:7365: $? = 0
configure:7397: /opt/storlink_arm_920t_le_uclibc//bin/arm-linux-g++ -E  conftest.cc
conftest.cc:32:28: ac_nonexistent.h: No such file or directory
configure:7403: $? = 1
configure: failed program was:
| /* confdefs.h.  */
| 
| #define PACKAGE_NAME "FreeType"
| #define PACKAGE_TARNAME "freetype"
| #define PACKAGE_VERSION "2.3.5"
| #define PACKAGE_STRING "FreeType 2.3.5"
| #define PACKAGE_BUGREPORT "freetype@nongnu.org"
| #define STDC_HEADERS 1
| #define HAVE_SYS_TYPES_H 1
| #define HAVE_SYS_STAT_H 1
| #define HAVE_STDLIB_H 1
| #define HAVE_STRING_H 1
| #define HAVE_MEMORY_H 1
| #define HAVE_STRINGS_H 1
| #define HAVE_INTTYPES_H 1
| #define HAVE_STDINT_H 1
| #define HAVE_UNISTD_H 1
| #define HAVE_FCNTL_H 1
| #define HAVE_UNISTD_H 1
| #define SIZEOF_INT 4
| #define SIZEOF_LONG 4
| #define HAVE_STDLIB_H 1
| #define HAVE_UNISTD_H 1
| #define HAVE_GETPAGESIZE 1
| #define HAVE_MEMCPY 1
| #define HAVE_MEMMOVE 1
| #define HAVE_DLFCN_H 1
| #ifdef __cplusplus
| extern "C" void std::exit (int) throw (); using std::exit;
| #endif
| /* end confdefs.h.  */
| #include <ac_nonexistent.h>
configure:7442: result: /opt/storlink_arm_920t_le_uclibc//bin/arm-linux-g++ -E
configure:7466: /opt/storlink_arm_920t_le_uclibc//bin/arm-linux-g++ -E  conftest.cc
configure:7472: $? = 0
configure:7504: /opt/storlink_arm_920t_le_uclibc//bin/arm-linux-g++ -E  conftest.cc
conftest.cc:32:28: ac_nonexistent.h: No such file or directory
configure:7510: $? = 1
configure: failed program was:
| /* confdefs.h.  */
| 
| #define PACKAGE_NAME "FreeType"
| #define PACKAGE_TARNAME "freetype"
| #define PACKAGE_VERSION "2.3.5"
| #define PACKAGE_STRING "FreeType 2.3.5"
| #define PACKAGE_BUGREPORT "freetype@nongnu.org"
| #define STDC_HEADERS 1
| #define HAVE_SYS_TYPES_H 1
| #define HAVE_SYS_STAT_H 1
| #define HAVE_STDLIB_H 1
| #define HAVE_STRING_H 1
| #define HAVE_MEMORY_H 1
| #define HAVE_STRINGS_H 1
| #define HAVE_INTTYPES_H 1
| #define HAVE_STDINT_H 1
| #define HAVE_UNISTD_H 1
| #define HAVE_FCNTL_H 1
| #define HAVE_UNISTD_H 1
| #define SIZEOF_INT 4
| #define SIZEOF_LONG 4
| #define HAVE_STDLIB_H 1
| #define HAVE_UNISTD_H 1
| #define HAVE_GETPAGESIZE 1
| #define HAVE_MEMCPY 1
| #define HAVE_MEMMOVE 1
| #define HAVE_DLFCN_H 1
| #ifdef __cplusplus
| extern "C" void std::exit (int) throw (); using std::exit;
| #endif
| /* end confdefs.h.  */
| #include <ac_nonexistent.h>
configure:7565: checking for arm-linux-gnu-g77
configure:7594: result: no
configure:7565: checking for arm-linux-gnu-f77
configure:7594: result: no
configure:7565: checking for arm-linux-gnu-xlf
configure:7594: result: no
configure:7565: checking for arm-linux-gnu-frt
configure:7594: result: no
configure:7565: checking for arm-linux-gnu-pgf77
configure:7594: result: no
configure:7565: checking for arm-linux-gnu-fort77
configure:7594: result: no
configure:7565: checking for arm-linux-gnu-fl32
configure:7594: result: no
configure:7565: checking for arm-linux-gnu-af77
configure:7594: result: no
configure:7565: checking for arm-linux-gnu-f90
configure:7594: result: no
configure:7565: checking for arm-linux-gnu-xlf90
configure:7594: result: no
configure:7565: checking for arm-linux-gnu-pgf90
configure:7594: result: no
configure:7565: checking for arm-linux-gnu-epcf90
configure:7594: result: no
configure:7565: checking for arm-linux-gnu-f95
configure:7594: result: no
configure:7565: checking for arm-linux-gnu-fort
configure:7594: result: no
configure:7565: checking for arm-linux-gnu-xlf95
configure:7594: result: no
configure:7565: checking for arm-linux-gnu-ifc
configure:7594: result: no
configure:7565: checking for arm-linux-gnu-efc
configure:7594: result: no
configure:7565: checking for arm-linux-gnu-pgf95
configure:7594: result: no
configure:7565: checking for arm-linux-gnu-lf95
configure:7594: result: no
configure:7565: checking for arm-linux-gnu-gfortran
configure:7594: result: no
configure:7607: checking for g77
configure:7636: result: no
configure:7607: checking for f77
configure:7636: result: no
configure:7607: checking for xlf
configure:7636: result: no
configure:7607: checking for frt
configure:7636: result: no
configure:7607: checking for pgf77
configure:7636: result: no
configure:7607: checking for fort77
configure:7636: result: no
configure:7607: checking for fl32
configure:7636: result: no
configure:7607: checking for af77
configure:7636: result: no
configure:7607: checking for f90
configure:7636: result: no
configure:7607: checking for xlf90
configure:7636: result: no
configure:7607: checking for pgf90
configure:7636: result: no
configure:7607: checking for epcf90
configure:7636: result: no
configure:7607: checking for f95
configure:7623: found /usr/bin/f95
configure:7633: result: f95
configure:7648: checking for Fortran 77 compiler version
configure:7651: f95 --version </dev/null >&5
GNU Fortran 95 (GCC) 4.1.1 20061011 (Red Hat 4.1.1-30)
Copyright (C) 2006 Free Software Foundation, Inc.

GNU Fortran comes with NO WARRANTY, to the extent permitted by law.
You may redistribute copies of GNU Fortran
under the terms of the GNU General Public License.
For more information about these matters, see the file named COPYING

configure:7654: $? = 0
configure:7656: f95 -v </dev/null >&5
Using built-in specs.
Target: i386-redhat-linux
Configured with: ../configure --prefix=/usr --mandir=/usr/share/man --infodir=/usr/share/info --enable-shared --enable-threads=posix --enable-checking=release --with-system-zlib --enable-__cxa_atexit --disable-libunwind-exceptions --enable-libgcj-multifile --enable-languages=c,c++,objc,obj-c++,java,fortran,ada --enable-java-awt=gtk --disable-dssi --enable-plugin --with-java-home=/usr/lib/jvm/java-1.4.2-gcj-1.4.2.0/jre --with-cpu=generic --host=i386-redhat-linux
Thread model: posix
gcc version 4.1.1 20061011 (Red Hat 4.1.1-30)
configure:7659: $? = 0
configure:7661: f95 -V </dev/null >&5
f95: '-V' option must have argument
configure:7664: $? = 1
configure:7672: checking whether we are using the GNU Fortran 77 compiler
configure:7686: f95 -c  conftest.F >&5
configure:7692: $? = 0
configure:7696: test -z 
			 || test ! -s conftest.err
configure:7699: $? = 0
configure:7702: test -s conftest.o
configure:7705: $? = 0
configure:7718: result: yes
configure:7724: checking whether f95 accepts -g
configure:7736: f95 -c -g conftest.f >&5
configure:7742: $? = 0
configure:7746: test -z 
			 || test ! -s conftest.err
configure:7749: $? = 0
configure:7752: test -s conftest.o
configure:7755: $? = 0
configure:7767: result: yes
configure:7797: checking the maximum length of command line arguments
configure:7906: result: 32768
configure:7917: checking command to parse nm output from /opt/storlink_arm_920t_le_uclibc//bin/arm-linux-gcc object
configure:8022: /opt/storlink_arm_920t_le_uclibc//bin/arm-linux-gcc -c -I/home/testgpl/dir685/boards/wrgns01/DFB/include -DFT_CONFIG_OPTION_SYSTEM_ZLIB  conftest.c >&5
configure:8025: $? = 0
configure:8029: nm conftest.o \| sed -n -e 's/^.*[ 	]\([ABCDGIRSTW][ABCDGIRSTW]*\)[ 	][ 	]*\([_A-Za-z][_A-Za-z0-9]*\)$/\1 \2 \2/p' \> conftest.nm
configure:8032: $? = 0
configure:8084: /opt/storlink_arm_920t_le_uclibc//bin/arm-linux-gcc -o conftest -I/home/testgpl/dir685/boards/wrgns01/DFB/include -DFT_CONFIG_OPTION_SYSTEM_ZLIB  -L/home/testgpl/dir685/boards/wrgns01/DFB/lib -lz conftest.c conftstm.o >&5
configure:8087: $? = 0
configure:8125: result: ok
configure:8129: checking for objdir
configure:8144: result: .libs
configure:8196: checking for arm-linux-gnu-ar
configure:8222: result: /opt/storlink_arm_920t_le_uclibc//bin/arm-linux-ar
configure:8276: checking for arm-linux-gnu-ranlib
configure:8302: result: /opt/storlink_arm_920t_le_uclibc//bin/arm-linux-ranlib
configure:8356: checking for arm-linux-gnu-strip
configure:8382: result: /opt/storlink_arm_920t_le_uclibc//bin/arm-linux-strip
configure:8693: checking if /opt/storlink_arm_920t_le_uclibc//bin/arm-linux-gcc supports -fno-rtti -fno-exceptions
configure:8711: /opt/storlink_arm_920t_le_uclibc//bin/arm-linux-gcc -c -I/home/testgpl/dir685/boards/wrgns01/DFB/include -DFT_CONFIG_OPTION_SYSTEM_ZLIB  -fno-rtti -fno-exceptions conftest.c >&5
cc1: warning: command line option "-fno-rtti" is valid for C++/ObjC++ but not for C
configure:8715: $? = 0
configure:8728: result: no
configure:8743: checking for /opt/storlink_arm_920t_le_uclibc//bin/arm-linux-gcc option to produce PIC
configure:8953: result: -fPIC
configure:8961: checking if /opt/storlink_arm_920t_le_uclibc//bin/arm-linux-gcc PIC flag -fPIC works
configure:8979: /opt/storlink_arm_920t_le_uclibc//bin/arm-linux-gcc -c -I/home/testgpl/dir685/boards/wrgns01/DFB/include -DFT_CONFIG_OPTION_SYSTEM_ZLIB  -fPIC -DPIC conftest.c >&5
configure:8983: $? = 0
configure:8996: result: yes
configure:9024: checking if /opt/storlink_arm_920t_le_uclibc//bin/arm-linux-gcc static flag -static works
configure:9052: result: yes
configure:9062: checking if /opt/storlink_arm_920t_le_uclibc//bin/arm-linux-gcc supports -c -o file.o
configure:9083: /opt/storlink_arm_920t_le_uclibc//bin/arm-linux-gcc -c -I/home/testgpl/dir685/boards/wrgns01/DFB/include -DFT_CONFIG_OPTION_SYSTEM_ZLIB  -o out/conftest2.o conftest.c >&5
configure:9087: $? = 0
configure:9109: result: yes
configure:9135: checking whether the /opt/storlink_arm_920t_le_uclibc//bin/arm-linux-gcc linker (/opt/storlink_arm_920t_le_uclibc//bin/arm-linux-ld) supports shared libraries
configure:10093: result: yes
configure:10114: checking whether -lc should be explicitly linked in
configure:10119: /opt/storlink_arm_920t_le_uclibc//bin/arm-linux-gcc -c -I/home/testgpl/dir685/boards/wrgns01/DFB/include -DFT_CONFIG_OPTION_SYSTEM_ZLIB  conftest.c >&5
configure:10122: $? = 0
configure:10137: /opt/storlink_arm_920t_le_uclibc//bin/arm-linux-gcc -shared conftest.o  -v -Wl,-soname -Wl,conftest -o conftest 2\>\&1 \| grep  -lc  \>/dev/null 2\>\&1
configure:10140: $? = 0
configure:10152: result: no
configure:10160: checking dynamic linker characteristics
configure:10769: result: GNU/Linux ld.so
configure:10778: checking how to hardcode library paths into programs
configure:10803: result: immediate
configure:10817: checking whether stripping libraries is possible
configure:10822: result: yes
configure:11656: checking if libtool supports shared libraries
configure:11658: result: yes
configure:11661: checking whether to build shared libraries
configure:11682: result: yes
configure:11685: checking whether to build static libraries
configure:11689: result: yes
configure:11781: creating libtool
configure:12372: checking for ld used by /opt/storlink_arm_920t_le_uclibc//bin/arm-linux-g++
configure:12439: result: /opt/storlink_arm_920t_le_uclibc//bin/arm-linux-ld
configure:12448: checking if the linker (/opt/storlink_arm_920t_le_uclibc//bin/arm-linux-ld) is GNU ld
configure:12463: result: yes
configure:12514: checking whether the /opt/storlink_arm_920t_le_uclibc//bin/arm-linux-g++ linker (/opt/storlink_arm_920t_le_uclibc//bin/arm-linux-ld) supports shared libraries
configure:13452: result: yes
configure:13470: /opt/storlink_arm_920t_le_uclibc//bin/arm-linux-g++ -c -g -O2  conftest.cpp >&5
configure:13473: $? = 0
configure:13592: checking for /opt/storlink_arm_920t_le_uclibc//bin/arm-linux-g++ option to produce PIC
configure:13866: result: -fPIC
configure:13874: checking if /opt/storlink_arm_920t_le_uclibc//bin/arm-linux-g++ PIC flag -fPIC works
configure:13892: /opt/storlink_arm_920t_le_uclibc//bin/arm-linux-g++ -c -g -O2  -fPIC -DPIC conftest.cpp >&5
configure:13896: $? = 0
configure:13909: result: yes
configure:13937: checking if /opt/storlink_arm_920t_le_uclibc//bin/arm-linux-g++ static flag -static works
configure:13965: result: yes
configure:13975: checking if /opt/storlink_arm_920t_le_uclibc//bin/arm-linux-g++ supports -c -o file.o
configure:13996: /opt/storlink_arm_920t_le_uclibc//bin/arm-linux-g++ -c -g -O2  -o out/conftest2.o conftest.cpp >&5
configure:14000: $? = 0
configure:14022: result: yes
configure:14048: checking whether the /opt/storlink_arm_920t_le_uclibc//bin/arm-linux-g++ linker (/opt/storlink_arm_920t_le_uclibc//bin/arm-linux-ld) supports shared libraries
configure:14073: result: yes
configure:14140: checking dynamic linker characteristics
configure:14749: result: GNU/Linux ld.so
configure:14758: checking how to hardcode library paths into programs
configure:14783: result: immediate
configure:15312: checking if libtool supports shared libraries
configure:15314: result: yes
configure:15317: checking whether to build shared libraries
configure:15337: result: yes
configure:15340: checking whether to build static libraries
configure:15344: result: yes
configure:15354: checking for f95 option to produce PIC
configure:15564: result: -fPIC
configure:15572: checking if f95 PIC flag -fPIC works
configure:15590: f95 -c -g -O2 -fPIC conftest.f >&5
configure:15594: $? = 0
configure:15607: result: yes
configure:15635: checking if f95 static flag -static works
/usr/bin/ld: skipping incompatible /home/testgpl/dir685/boards/wrgns01/DFB/lib/libz.a when searching for -lz
configure:15663: result: yes
configure:15673: checking if f95 supports -c -o file.o
configure:15694: f95 -c -g -O2 -o out/conftest2.o conftest.f >&5
configure:15698: $? = 0
configure:15720: result: yes
configure:15746: checking whether the f95 linker (/opt/storlink_arm_920t_le_uclibc//bin/arm-linux-ld) supports shared libraries
configure:16684: result: yes
configure:16751: checking dynamic linker characteristics
configure:17360: result: GNU/Linux ld.so
configure:17369: checking how to hardcode library paths into programs
configure:17394: result: immediate
configure:21106: creating ./config.status

## ---------------------- ##
## Running config.status. ##
## ---------------------- ##

This file was extended by FreeType config.status 2.3.5, which was
generated by GNU Autoconf 2.59.  Invocation command line was

  CONFIG_FILES    = 
  CONFIG_HEADERS  = 
  CONFIG_LINKS    = 
  CONFIG_COMMANDS = 
  $ ./config.status 

on localhost

config.status:696: creating unix-cc.mk
config.status:696: creating unix-def.mk
config.status:696: creating freetype-config
config.status:696: creating freetype2.pc
config.status:800: creating ftconfig.h

## ---------------- ##
## Cache variables. ##
## ---------------- ##

ac_cv_build=i686-redhat-linux-gnu
ac_cv_build_alias=i686-redhat-linux-gnu
ac_cv_c_compiler_gnu=yes
ac_cv_c_const=yes
ac_cv_cxx_compiler_gnu=yes
ac_cv_env_CC_set=set
ac_cv_env_CC_value=/opt/storlink_arm_920t_le_uclibc//bin/arm-linux-gcc
ac_cv_env_CFLAGS_set=set
ac_cv_env_CFLAGS_value=-I/home/testgpl/dir685/boards/wrgns01/DFB/include
ac_cv_env_CPPFLAGS_set=
ac_cv_env_CPPFLAGS_value=
ac_cv_env_CPP_set=
ac_cv_env_CPP_value=
ac_cv_env_CXXCPP_set=
ac_cv_env_CXXCPP_value=
ac_cv_env_CXXFLAGS_set=
ac_cv_env_CXXFLAGS_value=
ac_cv_env_CXX_set=set
ac_cv_env_CXX_value=/opt/storlink_arm_920t_le_uclibc//bin/arm-linux-g++
ac_cv_env_F77_set=
ac_cv_env_F77_value=
ac_cv_env_FFLAGS_set=
ac_cv_env_FFLAGS_value=
ac_cv_env_LDFLAGS_set=set
ac_cv_env_LDFLAGS_value=-L/home/testgpl/dir685/boards/wrgns01/DFB/lib
ac_cv_env_build_alias_set=
ac_cv_env_build_alias_value=
ac_cv_env_host_alias_set=set
ac_cv_env_host_alias_value=arm-linux-gnu
ac_cv_env_target_alias_set=
ac_cv_env_target_alias_value=
ac_cv_exeext=
ac_cv_f77_compiler_gnu=yes
ac_cv_func_getpagesize=yes
ac_cv_func_memcpy=yes
ac_cv_func_memmove=yes
ac_cv_func_mmap_fixed_mapped=no
ac_cv_header_dlfcn_h=yes
ac_cv_header_fcntl_h=yes
ac_cv_header_inttypes_h=yes
ac_cv_header_memory_h=yes
ac_cv_header_stdc=yes
ac_cv_header_stdint_h=yes
ac_cv_header_stdlib_h=yes
ac_cv_header_string_h=yes
ac_cv_header_strings_h=yes
ac_cv_header_sys_stat_h=yes
ac_cv_header_sys_types_h=yes
ac_cv_header_unistd_h=yes
ac_cv_header_zlib_h=yes
ac_cv_host=arm-unknown-linux-gnu
ac_cv_host_alias=arm-linux-gnu
ac_cv_lib_z_gzsetparams=yes
ac_cv_objext=o
ac_cv_path_install='/usr/bin/install -c'
ac_cv_prog_AR=/opt/storlink_arm_920t_le_uclibc//bin/arm-linux-ar
ac_cv_prog_CC=/opt/storlink_arm_920t_le_uclibc//bin/arm-linux-gcc
ac_cv_prog_CC_BUILD=gcc
ac_cv_prog_CPP='/opt/storlink_arm_920t_le_uclibc//bin/arm-linux-gcc -E'
ac_cv_prog_CXX=/opt/storlink_arm_920t_le_uclibc//bin/arm-linux-g++
ac_cv_prog_CXXCPP='/opt/storlink_arm_920t_le_uclibc//bin/arm-linux-g++ -E'
ac_cv_prog_RANLIB=/opt/storlink_arm_920t_le_uclibc//bin/arm-linux-ranlib
ac_cv_prog_RMDIR=rmdir
ac_cv_prog_RMF='rm -f'
ac_cv_prog_STRIP=/opt/storlink_arm_920t_le_uclibc//bin/arm-linux-strip
ac_cv_prog_ac_ct_F77=f95
ac_cv_prog_cc_g=yes
ac_cv_prog_cc_stdc=
ac_cv_prog_cxx_g=yes
ac_cv_prog_egrep='grep -E'
ac_cv_prog_f77_g=yes
ac_cv_sizeof_int=4
ac_cv_sizeof_long=4
ac_cv_target=arm-unknown-linux-gnu
ac_cv_target_alias=arm-linux-gnu
ac_cv_type_int=yes
ac_cv_type_long=yes
lt_cv_deplibs_check_method=pass_all
lt_cv_file_magic_cmd='$MAGIC_CMD'
lt_cv_file_magic_test_file=
lt_cv_ld_reload_flag=-r
lt_cv_objdir=.libs
lt_cv_path_LD=/opt/storlink_arm_920t_le_uclibc//bin/arm-linux-ld
lt_cv_path_LDCXX=/opt/storlink_arm_920t_le_uclibc//bin/arm-linux-ld
lt_cv_path_NM=nm
lt_cv_path_SED=/bin/sed
lt_cv_prog_compiler_c_o=yes
lt_cv_prog_compiler_c_o_CXX=yes
lt_cv_prog_compiler_c_o_F77=yes
lt_cv_prog_compiler_rtti_exceptions=no
lt_cv_prog_gnu_ld=yes
lt_cv_prog_gnu_ldcxx=yes
lt_cv_sys_global_symbol_pipe='sed -n -e '\''s/^.*[ 	]\([ABCDGIRSTW][ABCDGIRSTW]*\)[ 	][ 	]*\([_A-Za-z][_A-Za-z0-9]*\)$/\1 \2 \2/p'\'''
lt_cv_sys_global_symbol_to_c_name_address='sed -n -e '\''s/^: \([^ ]*\) $/  {\"\1\", (lt_ptr) 0},/p'\'' -e '\''s/^[BCDEGRST] \([^ ]*\) \([^ ]*\)$/  {"\2", (lt_ptr) \&\2},/p'\'''
lt_cv_sys_global_symbol_to_cdecl='sed -n -e '\''s/^. .* \(.*\)$/extern int \1;/p'\'''
lt_cv_sys_max_cmd_len=32768
lt_lt_cv_prog_compiler_c_o='"yes"'
lt_lt_cv_prog_compiler_c_o_CXX='"yes"'
lt_lt_cv_prog_compiler_c_o_F77='"yes"'
lt_lt_cv_sys_global_symbol_pipe='"sed -n -e '\''s/^.*[ 	]\\([ABCDGIRSTW][ABCDGIRSTW]*\\)[ 	][ 	]*\\([_A-Za-z][_A-Za-z0-9]*\\)\$/\\1 \\2 \\2/p'\''"'
lt_lt_cv_sys_global_symbol_to_c_name_address='"sed -n -e '\''s/^: \\([^ ]*\\) \$/  {\\\"\\1\\\", (lt_ptr) 0},/p'\'' -e '\''s/^[BCDEGRST] \\([^ ]*\\) \\([^ ]*\\)\$/  {\"\\2\", (lt_ptr) \\&\\2},/p'\''"'
lt_lt_cv_sys_global_symbol_to_cdecl='"sed -n -e '\''s/^. .* \\(.*\\)\$/extern int \\1;/p'\''"'

## ----------------- ##
## Output variables. ##
## ----------------- ##

AR='/opt/storlink_arm_920t_le_uclibc//bin/arm-linux-ar'
CC='/opt/storlink_arm_920t_le_uclibc//bin/arm-linux-gcc'
CC_BUILD='gcc'
CFLAGS='-I/home/testgpl/dir685/boards/wrgns01/DFB/include -DFT_CONFIG_OPTION_SYSTEM_ZLIB'
CPP='/opt/storlink_arm_920t_le_uclibc//bin/arm-linux-gcc -E'
CPPFLAGS=''
CXX='/opt/storlink_arm_920t_le_uclibc//bin/arm-linux-g++'
CXXCPP='/opt/storlink_arm_920t_le_uclibc//bin/arm-linux-g++ -E'
CXXFLAGS='-g -O2'
DEFS='-DHAVE_CONFIG_H'
ECHO='echo'
ECHO_C=''
ECHO_N='-n'
ECHO_T=''
EGREP='grep -E'
EXEEXT=''
EXEEXT_BUILD=''
F77='f95'
FFLAGS='-g -O2'
FT2_EXTRA_LIBS=''
FTSYS_SRC='$(BASE_DIR)/ftsystem.c'
INSTALL_DATA='${INSTALL} -m 644'
INSTALL_PROGRAM='${INSTALL}'
INSTALL_SCRIPT='${INSTALL}'
LDFLAGS='-L/home/testgpl/dir685/boards/wrgns01/DFB/lib -lz'
LIBOBJS=''
LIBS=''
LIBTOOL='$(SHELL) $(top_builddir)/libtool'
LIBZ='-lz'
LN_S='ln -s'
LTLIBOBJS=''
OBJEXT='o'
PACKAGE_BUGREPORT='freetype@nongnu.org'
PACKAGE_NAME='FreeType'
PACKAGE_STRING='FreeType 2.3.5'
PACKAGE_TARNAME='freetype'
PACKAGE_VERSION='2.3.5'
PATH_SEPARATOR=':'
RANLIB='/opt/storlink_arm_920t_le_uclibc//bin/arm-linux-ranlib'
RMDIR='rmdir'
RMF='rm -f'
SED='/bin/sed'
SHELL='/bin/sh'
STRIP='/opt/storlink_arm_920t_le_uclibc//bin/arm-linux-strip'
SYSTEM_ZLIB='yes'
XX_ANSIFLAGS=''
XX_CFLAGS=''
ac_ct_AR=''
ac_ct_CC=''
ac_ct_CXX=''
ac_ct_F77='f95'
ac_ct_RANLIB=''
ac_ct_STRIP=''
bindir='${exec_prefix}/bin'
build='i686-redhat-linux-gnu'
build_alias=''
build_cpu='i686'
build_os='linux-gnu'
build_vendor='redhat'
datadir='${prefix}/share'
enable_shared='yes'
exec_prefix='${prefix}'
ft_version='9.16.3'
hardcode_libdir_flag_spec='${wl}--rpath ${wl}$libdir'
host='arm-unknown-linux-gnu'
host_alias='arm-linux-gnu'
host_cpu='arm'
host_os='linux-gnu'
host_vendor='unknown'
includedir='${prefix}/include'
infodir='${prefix}/info'
libdir='${exec_prefix}/lib'
libexecdir='${exec_prefix}/libexec'
localstatedir='${prefix}/var'
mandir='${prefix}/man'
oldincludedir='/usr/include'
prefix='/home/testgpl/dir685/boards/wrgns01/DFB'
program_transform_name='s,x,x,'
sbindir='${exec_prefix}/sbin'
sharedstatedir='${prefix}/com'
sysconfdir='${prefix}/etc'
target='arm-unknown-linux-gnu'
target_alias=''
target_cpu='arm'
target_os='linux-gnu'
target_vendor='unknown'
version_info='9:16:3'
wl='-Wl,'

## ----------- ##
## confdefs.h. ##
## ----------- ##

#define HAVE_DLFCN_H 1
#define HAVE_FCNTL_H 1
#define HAVE_GETPAGESIZE 1
#define HAVE_INTTYPES_H 1
#define HAVE_MEMCPY 1
#define HAVE_MEMMOVE 1
#define HAVE_MEMORY_H 1
#define HAVE_STDINT_H 1
#define HAVE_STDLIB_H 1
#define HAVE_STDLIB_H 1
#define HAVE_STRINGS_H 1
#define HAVE_STRING_H 1
#define HAVE_SYS_STAT_H 1
#define HAVE_SYS_TYPES_H 1
#define HAVE_UNISTD_H 1
#define HAVE_UNISTD_H 1
#define HAVE_UNISTD_H 1
#define PACKAGE_BUGREPORT "freetype@nongnu.org"
#define PACKAGE_NAME "FreeType"
#define PACKAGE_STRING "FreeType 2.3.5"
#define PACKAGE_TARNAME "freetype"
#define PACKAGE_VERSION "2.3.5"
#define SIZEOF_INT 4
#define SIZEOF_LONG 4
#define STDC_HEADERS 1
#endif
#ifdef __cplusplus
extern "C" void std::exit (int) throw (); using std::exit;

configure: exit 0
