This file contains any messages produced by compilers while
running configure, to aid debugging if configure makes a mistake.

It was created by smartmontools configure 5.38, which was
generated by GNU Autoconf 2.61.  Invocation command line was

  $ configure --host=arm-linux-gnu CXX=/opt/storlink_920t_le/bin/arm_920t_le-g++ AS=/opt/storlink_arm_920t_le_uclibc//bin/arm-linux-as AR=/opt/storlink_arm_920t_le_uclibc//bin/arm-linux-ar LD=/opt/storlink_arm_920t_le_uclibc//bin/arm-linux-ld LDFLAGS=-static RANLIB=/opt/storlink_arm_920t_le_uclibc//bin/arm-linux-ranlib STRIP=/opt/storlink_arm_920t_le_uclibc//bin/arm-linux-strip CPPFLAGS=-I/home/jana/20090522/kernel/include

## --------- ##
## Platform. ##
## --------- ##

hostname = enzo
uname -m = i686
uname -r = 2.6.18-1.2798.fc6
uname -s = Linux
uname -v = #1 SMP Mon Oct 16 14:54:20 EDT 2006

/usr/bin/uname -p = unknown
/bin/uname -X     = unknown

/bin/arch              = i686
/usr/bin/arch -k       = unknown
/usr/convex/getsysinfo = unknown
/usr/bin/hostinfo      = unknown
/bin/machine           = unknown
/usr/bin/oslevel       = unknown
/bin/universe          = unknown

PATH: /opt/storlink_arm_920t_le_uclibc/bin
PATH: /usr/kerberos/bin
PATH: /usr/local/bin
PATH: /bin
PATH: /usr/bin
PATH: /home/jana/bin


## ----------- ##
## Core tests. ##
## ----------- ##

configure:1881: checking for a BSD-compatible install
configure:1937: result: /usr/bin/install -c
configure:1948: checking whether build environment is sane
configure:1991: result: yes
configure:2019: checking for a thread-safe mkdir -p
configure:2058: result: /bin/mkdir -p
configure:2071: checking for gawk
configure:2087: found /bin/gawk
configure:2098: result: gawk
configure:2109: checking whether make sets $(MAKE)
configure:2130: result: yes
configure:2210: checking for arm-linux-gnu-strip
configure:2237: result: /opt/storlink_arm_920t_le_uclibc//bin/arm-linux-strip
configure:2319: checking whether to enable maintainer-specific portions of Makefiles
configure:2328: result: no
configure:2464: checking for C++ compiler version
configure:2471: /opt/storlink_920t_le/bin/arm_920t_le-g++ --version >&5
arm_920t_le-g++ (GCC) 3.4.4
Copyright (C) 2004 Free Software Foundation, Inc.
This is free software; see the source for copying conditions.  There is NO
warranty; not even for MERCHANTABILITY or FITNESS FOR A PARTICULAR PURPOSE.

configure:2474: $? = 0
configure:2481: /opt/storlink_920t_le/bin/arm_920t_le-g++ -v >&5
Reading specs from /spaces/opt/storlink_920t_le/bin/../lib/gcc/arm-linux/3.4.4/specs
Configured with: /home/ijsung/crosstool/crosstool-0.38/build/arm-linux/gcc-3.4.4-glibc-2.3.5/gcc-3.4.4/configure --target=arm-linux --host=i686-host_pc-linux-gnu --prefix=/opt/crosstool/arm-linux/gcc-3.4.4-glibc-2.3.5/arm-linux --with-float=soft --with-headers=/opt/crosstool/arm-linux/gcc-3.4.4-glibc-2.3.5/arm-linux/arm-linux/include --with-local-prefix=/opt/crosstool/arm-linux/gcc-3.4.4-glibc-2.3.5/arm-linux/arm-linux --disable-nls --enable-threads=posix --enable-symvers=gnu --enable-__cxa_atexit --enable-languages=c,c++ --enable-shared --enable-c99 --enable-long-long
Thread model: posix
gcc version 3.4.4
configure:2484: $? = 0
configure:2491: /opt/storlink_920t_le/bin/arm_920t_le-g++ -V >&5
arm_920t_le-g++: `-V' option must have argument
configure:2494: $? = 1
configure:2517: checking for C++ compiler default output file name
configure:2544: /opt/storlink_920t_le/bin/arm_920t_le-g++  -I/home/jana/20090522/kernel/include -static conftest.cpp  >&5
configure:2547: $? = 0
configure:2585: result: a.out
configure:2602: checking whether the C++ compiler works
configure:2612: ./a.out
configure: line 2613: ./a.out: cannot execute binary file
configure:2615: $? = 126
configure:2632: result: yes
configure:2639: checking whether we are cross compiling
configure:2641: result: yes
configure:2644: checking for suffix of executables
configure:2651: /opt/storlink_920t_le/bin/arm_920t_le-g++ -o conftest  -I/home/jana/20090522/kernel/include -static conftest.cpp  >&5
configure:2654: $? = 0
configure:2678: result: 
configure:2684: checking for suffix of object files
configure:2710: /opt/storlink_920t_le/bin/arm_920t_le-g++ -c  -I/home/jana/20090522/kernel/include conftest.cpp >&5
configure:2713: $? = 0
configure:2736: result: o
configure:2740: checking whether we are using the GNU C++ compiler
configure:2769: /opt/storlink_920t_le/bin/arm_920t_le-g++ -c  -I/home/jana/20090522/kernel/include conftest.cpp >&5
configure:2775: $? = 0
configure:2792: result: yes
configure:2797: checking whether /opt/storlink_920t_le/bin/arm_920t_le-g++ accepts -g
configure:2827: /opt/storlink_920t_le/bin/arm_920t_le-g++ -c -g -I/home/jana/20090522/kernel/include conftest.cpp >&5
configure:2833: $? = 0
configure:2932: result: yes
configure:2966: checking for style of include used by make
configure:2994: result: GNU
configure:3019: checking dependency style of /opt/storlink_920t_le/bin/arm_920t_le-g++
configure:3110: result: gcc3
configure:3133: checking for arm-linux-gnu-gcc
configure:3160: result: /opt/storlink_arm_920t_le_uclibc//bin/arm-linux-gcc
configure:3438: checking for C compiler version
configure:3445: /opt/storlink_arm_920t_le_uclibc//bin/arm-linux-gcc --version >&5
arm-linux-gcc (GCC) 3.4.6
Copyright (C) 2006 Free Software Foundation, Inc.
This is free software; see the source for copying conditions.  There is NO
warranty; not even for MERCHANTABILITY or FITNESS FOR A PARTICULAR PURPOSE.

configure:3448: $? = 0
configure:3455: /opt/storlink_arm_920t_le_uclibc//bin/arm-linux-gcc -v >&5
Reading specs from /spaces/opt/storlink_arm_920t_le_uclibc.20080713/bin/../lib/gcc/arm-linux-uclibc/3.4.6/specs
Configured with: /home/joely/storm/buildroot/buildroot5/toolchain_build_arm/gcc-3.4.6/configure --prefix=/opt/storlink_arm_920t_le_uclibc.20080713 --build=i386-pc-linux-gnu --host=i386-pc-linux-gnu --target=arm-linux-uclibc --enable-languages=c,c++ --disable-__cxa_atexit --enable-target-optspace --with-gnu-ld --enable-shared --disable-nls --enable-threads --disable-multilib --with-float=soft --enable-sjlj-exceptions
Thread model: posix
gcc version 3.4.6
configure:3458: $? = 0
configure:3465: /opt/storlink_arm_920t_le_uclibc//bin/arm-linux-gcc -V >&5
arm-linux-gcc: `-V' option must have argument
configure:3468: $? = 1
configure:3471: checking whether we are using the GNU C compiler
configure:3500: /opt/storlink_arm_920t_le_uclibc//bin/arm-linux-gcc -c -Os -Wall -D__UCLIBC_HAS_MMU__ -D__UCLIBC__ -DLOGNUM=1 -DRGDB_BLOCK_OFFSET=0  -DDEFAULT_STORAGE_FS=\"EXT3\" -DCONFIG_MEM_HELPER_DISABLE=y -I/home/jana/20090522/kernel/include conftest.c >&5
configure:3506: $? = 0
configure:3523: result: yes
configure:3528: checking whether /opt/storlink_arm_920t_le_uclibc//bin/arm-linux-gcc accepts -g
configure:3558: /opt/storlink_arm_920t_le_uclibc//bin/arm-linux-gcc -c -g -I/home/jana/20090522/kernel/include conftest.c >&5
configure:3564: $? = 0
configure:3663: result: yes
configure:3680: checking for /opt/storlink_arm_920t_le_uclibc//bin/arm-linux-gcc option to accept ISO C89
configure:3754: /opt/storlink_arm_920t_le_uclibc//bin/arm-linux-gcc  -c -Os -Wall -D__UCLIBC_HAS_MMU__ -D__UCLIBC__ -DLOGNUM=1 -DRGDB_BLOCK_OFFSET=0  -DDEFAULT_STORAGE_FS=\"EXT3\" -DCONFIG_MEM_HELPER_DISABLE=y -I/home/jana/20090522/kernel/include conftest.c >&5
configure:3760: $? = 0
configure:3783: result: none needed
configure:3803: checking dependency style of /opt/storlink_arm_920t_le_uclibc//bin/arm-linux-gcc
configure:3894: result: gcc3
configure:3918: checking dependency style of /opt/storlink_arm_920t_le_uclibc//bin/arm-linux-gcc
configure:4009: result: gcc3
configure:4037: checking for a BSD-compatible install
configure:4093: result: /usr/bin/install -c
configure:4111: checking build system type
configure:4129: result: i686-pc-linux-gnu
configure:4151: checking host system type
configure:4166: result: arm-unknown-linux-gnu
configure:4200: checking for library containing gethostbyname
configure:4241: /opt/storlink_920t_le/bin/arm_920t_le-g++ -o conftest -g -O2 -I/home/jana/20090522/kernel/include -static conftest.cpp  >&5
/tmp/cc67pb0f.o: In function `main':
/home/jana/20090522/boards/wrgns01/apps/smartmontools/smartmontools-5.38/conftest.cpp:27: warning: Using 'gethostbyname' in statically linked applications requires at runtime the shared libraries from the glibc version used for linking
configure:4247: $? = 0
configure:4275: result: none required
configure:4374: checking how to run the C++ preprocessor
configure:4410: /opt/storlink_920t_le/bin/arm_920t_le-g++ -E -I/home/jana/20090522/kernel/include conftest.cpp
configure:4416: $? = 0
configure:4447: /opt/storlink_920t_le/bin/arm_920t_le-g++ -E -I/home/jana/20090522/kernel/include conftest.cpp
conftest.cpp:16:28: ac_nonexistent.h: No such file or directory
configure:4453: $? = 1
configure: failed program was:
| /* confdefs.h.  */
| #define PACKAGE_NAME "smartmontools"
| #define PACKAGE_TARNAME "smartmontools"
| #define PACKAGE_VERSION "5.38"
| #define PACKAGE_STRING "smartmontools 5.38"
| #define PACKAGE_BUGREPORT "smartmontools-support@lists.sourceforge.net"
| #define SMARTMONTOOLS_CONFIGURE_ARGS " '--host=arm-linux-gnu' 'CXX=/opt/storlink_920t_le/bin/arm_920t_le-g++' 'AS=/opt/storlink_arm_920t_le_uclibc//bin/arm-linux-as' 'AR=/opt/storlink_arm_920t_le_uclibc//bin/arm-linux-ar' 'LD=/opt/storlink_arm_920t_le_uclibc//bin/arm-linux-ld' 'LDFLAGS=-static' 'RANLIB=/opt/storlink_arm_920t_le_uclibc//bin/arm-linux-ranlib' 'STRIP=/opt/storlink_arm_920t_le_uclibc//bin/arm-linux-strip' 'CPPFLAGS=-I/home/jana/20090522/kernel/include' 'host_alias=arm-linux-gnu' 'CC=/opt/storlink_arm_920t_le_uclibc//bin/arm-linux-gcc' 'CFLAGS=-Os -Wall -D__UCLIBC_HAS_MMU__ -D__UCLIBC__ -DLOGNUM=1 -DRGDB_BLOCK_OFFSET=0  -DDEFAULT_STORAGE_FS=\"EXT3\" -DCONFIG_MEM_HELPER_DISABLE=y'"
| #define SMARTMONTOOLS_CONFIGURE_DATE "2009/05/27 10:43:22 UTC"
| #define SMARTMONTOOLS_RELEASE_DATE "2008/03/10"
| #define SMARTMONTOOLS_RELEASE_TIME "10:44:07 GMT"
| #define CONFIG_H_CVSID "$Id: configure.in,v 1.134 2008/03/09 13:41:23 card_captor Exp $"
| #define PACKAGE_HOMEPAGE "http://smartmontools.sourceforge.net/"
| #define PACKAGE "smartmontools"
| #define VERSION "5.38"
| /* end confdefs.h.  */
| #include <ac_nonexistent.h>
configure:4486: result: /opt/storlink_920t_le/bin/arm_920t_le-g++ -E
configure:4515: /opt/storlink_920t_le/bin/arm_920t_le-g++ -E -I/home/jana/20090522/kernel/include conftest.cpp
configure:4521: $? = 0
configure:4552: /opt/storlink_920t_le/bin/arm_920t_le-g++ -E -I/home/jana/20090522/kernel/include conftest.cpp
conftest.cpp:16:28: ac_nonexistent.h: No such file or directory
configure:4558: $? = 1
configure: failed program was:
| /* confdefs.h.  */
| #define PACKAGE_NAME "smartmontools"
| #define PACKAGE_TARNAME "smartmontools"
| #define PACKAGE_VERSION "5.38"
| #define PACKAGE_STRING "smartmontools 5.38"
| #define PACKAGE_BUGREPORT "smartmontools-support@lists.sourceforge.net"
| #define SMARTMONTOOLS_CONFIGURE_ARGS " '--host=arm-linux-gnu' 'CXX=/opt/storlink_920t_le/bin/arm_920t_le-g++' 'AS=/opt/storlink_arm_920t_le_uclibc//bin/arm-linux-as' 'AR=/opt/storlink_arm_920t_le_uclibc//bin/arm-linux-ar' 'LD=/opt/storlink_arm_920t_le_uclibc//bin/arm-linux-ld' 'LDFLAGS=-static' 'RANLIB=/opt/storlink_arm_920t_le_uclibc//bin/arm-linux-ranlib' 'STRIP=/opt/storlink_arm_920t_le_uclibc//bin/arm-linux-strip' 'CPPFLAGS=-I/home/jana/20090522/kernel/include' 'host_alias=arm-linux-gnu' 'CC=/opt/storlink_arm_920t_le_uclibc//bin/arm-linux-gcc' 'CFLAGS=-Os -Wall -D__UCLIBC_HAS_MMU__ -D__UCLIBC__ -DLOGNUM=1 -DRGDB_BLOCK_OFFSET=0  -DDEFAULT_STORAGE_FS=\"EXT3\" -DCONFIG_MEM_HELPER_DISABLE=y'"
| #define SMARTMONTOOLS_CONFIGURE_DATE "2009/05/27 10:43:22 UTC"
| #define SMARTMONTOOLS_RELEASE_DATE "2008/03/10"
| #define SMARTMONTOOLS_RELEASE_TIME "10:44:07 GMT"
| #define CONFIG_H_CVSID "$Id: configure.in,v 1.134 2008/03/09 13:41:23 card_captor Exp $"
| #define PACKAGE_HOMEPAGE "http://smartmontools.sourceforge.net/"
| #define PACKAGE "smartmontools"
| #define VERSION "5.38"
| /* end confdefs.h.  */
| #include <ac_nonexistent.h>
configure:4596: checking for grep that handles long lines and -e
configure:4670: result: /bin/grep
configure:4675: checking for egrep
configure:4753: result: /bin/grep -E
configure:4758: checking for ANSI C header files
configure:4788: /opt/storlink_920t_le/bin/arm_920t_le-g++ -c -g -O2 -I/home/jana/20090522/kernel/include conftest.cpp >&5
configure:4794: $? = 0
configure:4922: result: yes
configure:4946: checking for sys/types.h
configure:4967: /opt/storlink_920t_le/bin/arm_920t_le-g++ -c -g -O2 -I/home/jana/20090522/kernel/include conftest.cpp >&5
configure:4973: $? = 0
configure:4989: result: yes
configure:4946: checking for sys/stat.h
configure:4967: /opt/storlink_920t_le/bin/arm_920t_le-g++ -c -g -O2 -I/home/jana/20090522/kernel/include conftest.cpp >&5
configure:4973: $? = 0
configure:4989: result: yes
configure:4946: checking for stdlib.h
configure:4967: /opt/storlink_920t_le/bin/arm_920t_le-g++ -c -g -O2 -I/home/jana/20090522/kernel/include conftest.cpp >&5
configure:4973: $? = 0
configure:4989: result: yes
configure:4946: checking for string.h
configure:4967: /opt/storlink_920t_le/bin/arm_920t_le-g++ -c -g -O2 -I/home/jana/20090522/kernel/include conftest.cpp >&5
configure:4973: $? = 0
configure:4989: result: yes
configure:4946: checking for memory.h
configure:4967: /opt/storlink_920t_le/bin/arm_920t_le-g++ -c -g -O2 -I/home/jana/20090522/kernel/include conftest.cpp >&5
configure:4973: $? = 0
configure:4989: result: yes
configure:4946: checking for strings.h
configure:4967: /opt/storlink_920t_le/bin/arm_920t_le-g++ -c -g -O2 -I/home/jana/20090522/kernel/include conftest.cpp >&5
configure:4973: $? = 0
configure:4989: result: yes
configure:4946: checking for inttypes.h
configure:4967: /opt/storlink_920t_le/bin/arm_920t_le-g++ -c -g -O2 -I/home/jana/20090522/kernel/include conftest.cpp >&5
configure:4973: $? = 0
configure:4989: result: yes
configure:4946: checking for stdint.h
configure:4967: /opt/storlink_920t_le/bin/arm_920t_le-g++ -c -g -O2 -I/home/jana/20090522/kernel/include conftest.cpp >&5
configure:4973: $? = 0
configure:4989: result: yes
configure:4946: checking for unistd.h
configure:4967: /opt/storlink_920t_le/bin/arm_920t_le-g++ -c -g -O2 -I/home/jana/20090522/kernel/include conftest.cpp >&5
configure:4973: $? = 0
configure:4989: result: yes
configure:5016: checking locale.h usability
configure:5033: /opt/storlink_920t_le/bin/arm_920t_le-g++ -c -g -O2 -I/home/jana/20090522/kernel/include conftest.cpp >&5
configure:5039: $? = 0
configure:5053: result: yes
configure:5057: checking locale.h presence
configure:5072: /opt/storlink_920t_le/bin/arm_920t_le-g++ -E -I/home/jana/20090522/kernel/include conftest.cpp
configure:5078: $? = 0
configure:5092: result: yes
configure:5125: checking for locale.h
configure:5133: result: yes
configure:5161: checking getopt.h usability
configure:5178: /opt/storlink_920t_le/bin/arm_920t_le-g++ -c -g -O2 -I/home/jana/20090522/kernel/include conftest.cpp >&5
configure:5184: $? = 0
configure:5198: result: yes
configure:5202: checking getopt.h presence
configure:5217: /opt/storlink_920t_le/bin/arm_920t_le-g++ -E -I/home/jana/20090522/kernel/include conftest.cpp
configure:5223: $? = 0
configure:5237: result: yes
configure:5270: checking for getopt.h
configure:5278: result: yes
configure:5306: checking dev/ata/atavar.h usability
configure:5323: /opt/storlink_920t_le/bin/arm_920t_le-g++ -c -g -O2 -I/home/jana/20090522/kernel/include conftest.cpp >&5
conftest.cpp:61:28: dev/ata/atavar.h: No such file or directory
configure:5329: $? = 1
configure: failed program was:
| /* confdefs.h.  */
| #define PACKAGE_NAME "smartmontools"
| #define PACKAGE_TARNAME "smartmontools"
| #define PACKAGE_VERSION "5.38"
| #define PACKAGE_STRING "smartmontools 5.38"
| #define PACKAGE_BUGREPORT "smartmontools-support@lists.sourceforge.net"
| #define SMARTMONTOOLS_CONFIGURE_ARGS " '--host=arm-linux-gnu' 'CXX=/opt/storlink_920t_le/bin/arm_920t_le-g++' 'AS=/opt/storlink_arm_920t_le_uclibc//bin/arm-linux-as' 'AR=/opt/storlink_arm_920t_le_uclibc//bin/arm-linux-ar' 'LD=/opt/storlink_arm_920t_le_uclibc//bin/arm-linux-ld' 'LDFLAGS=-static' 'RANLIB=/opt/storlink_arm_920t_le_uclibc//bin/arm-linux-ranlib' 'STRIP=/opt/storlink_arm_920t_le_uclibc//bin/arm-linux-strip' 'CPPFLAGS=-I/home/jana/20090522/kernel/include' 'host_alias=arm-linux-gnu' 'CC=/opt/storlink_arm_920t_le_uclibc//bin/arm-linux-gcc' 'CFLAGS=-Os -Wall -D__UCLIBC_HAS_MMU__ -D__UCLIBC__ -DLOGNUM=1 -DRGDB_BLOCK_OFFSET=0  -DDEFAULT_STORAGE_FS=\"EXT3\" -DCONFIG_MEM_HELPER_DISABLE=y'"
| #define SMARTMONTOOLS_CONFIGURE_DATE "2009/05/27 10:43:22 UTC"
| #define SMARTMONTOOLS_RELEASE_DATE "2008/03/10"
| #define SMARTMONTOOLS_RELEASE_TIME "10:44:07 GMT"
| #define CONFIG_H_CVSID "$Id: configure.in,v 1.134 2008/03/09 13:41:23 card_captor Exp $"
| #define PACKAGE_HOMEPAGE "http://smartmontools.sourceforge.net/"
| #define PACKAGE "smartmontools"
| #define VERSION "5.38"
| #define STDC_HEADERS 1
| #define HAVE_SYS_TYPES_H 1
| #define HAVE_SYS_STAT_H 1
| #define HAVE_STDLIB_H 1
| #define HAVE_STRING_H 1
| #define HAVE_MEMORY_H 1
| #define HAVE_STRINGS_H 1
| #define HAVE_INTTYPES_H 1
| #define HAVE_STDINT_H 1
| #define HAVE_UNISTD_H 1
| #define HAVE_LOCALE_H 1
| #define HAVE_GETOPT_H 1
| /* end confdefs.h.  */
| #include <stdio.h>
| #ifdef HAVE_SYS_TYPES_H
| # include <sys/types.h>
| #endif
| #ifdef HAVE_SYS_STAT_H
| # include <sys/stat.h>
| #endif
| #ifdef STDC_HEADERS
| # include <stdlib.h>
| # include <stddef.h>
| #else
| # ifdef HAVE_STDLIB_H
| #  include <stdlib.h>
| # endif
| #endif
| #ifdef HAVE_STRING_H
| # if !defined STDC_HEADERS && defined HAVE_MEMORY_H
| #  include <memory.h>
| # endif
| # include <string.h>
| #endif
| #ifdef HAVE_STRINGS_H
| # include <strings.h>
| #endif
| #ifdef HAVE_INTTYPES_H
| # include <inttypes.h>
| #endif
| #ifdef HAVE_STDINT_H
| # include <stdint.h>
| #endif
| #ifdef HAVE_UNISTD_H
| # include <unistd.h>
| #endif
| #include <dev/ata/atavar.h>
configure:5343: result: no
configure:5347: checking dev/ata/atavar.h presence
configure:5362: /opt/storlink_920t_le/bin/arm_920t_le-g++ -E -I/home/jana/20090522/kernel/include conftest.cpp
conftest.cpp:28:28: dev/ata/atavar.h: No such file or directory
configure:5368: $? = 1
configure: failed program was:
| /* confdefs.h.  */
| #define PACKAGE_NAME "smartmontools"
| #define PACKAGE_TARNAME "smartmontools"
| #define PACKAGE_VERSION "5.38"
| #define PACKAGE_STRING "smartmontools 5.38"
| #define PACKAGE_BUGREPORT "smartmontools-support@lists.sourceforge.net"
| #define SMARTMONTOOLS_CONFIGURE_ARGS " '--host=arm-linux-gnu' 'CXX=/opt/storlink_920t_le/bin/arm_920t_le-g++' 'AS=/opt/storlink_arm_920t_le_uclibc//bin/arm-linux-as' 'AR=/opt/storlink_arm_920t_le_uclibc//bin/arm-linux-ar' 'LD=/opt/storlink_arm_920t_le_uclibc//bin/arm-linux-ld' 'LDFLAGS=-static' 'RANLIB=/opt/storlink_arm_920t_le_uclibc//bin/arm-linux-ranlib' 'STRIP=/opt/storlink_arm_920t_le_uclibc//bin/arm-linux-strip' 'CPPFLAGS=-I/home/jana/20090522/kernel/include' 'host_alias=arm-linux-gnu' 'CC=/opt/storlink_arm_920t_le_uclibc//bin/arm-linux-gcc' 'CFLAGS=-Os -Wall -D__UCLIBC_HAS_MMU__ -D__UCLIBC__ -DLOGNUM=1 -DRGDB_BLOCK_OFFSET=0  -DDEFAULT_STORAGE_FS=\"EXT3\" -DCONFIG_MEM_HELPER_DISABLE=y'"
| #define SMARTMONTOOLS_CONFIGURE_DATE "2009/05/27 10:43:22 UTC"
| #define SMARTMONTOOLS_RELEASE_DATE "2008/03/10"
| #define SMARTMONTOOLS_RELEASE_TIME "10:44:07 GMT"
| #define CONFIG_H_CVSID "$Id: configure.in,v 1.134 2008/03/09 13:41:23 card_captor Exp $"
| #define PACKAGE_HOMEPAGE "http://smartmontools.sourceforge.net/"
| #define PACKAGE "smartmontools"
| #define VERSION "5.38"
| #define STDC_HEADERS 1
| #define HAVE_SYS_TYPES_H 1
| #define HAVE_SYS_STAT_H 1
| #define HAVE_STDLIB_H 1
| #define HAVE_STRING_H 1
| #define HAVE_MEMORY_H 1
| #define HAVE_STRINGS_H 1
| #define HAVE_INTTYPES_H 1
| #define HAVE_STDINT_H 1
| #define HAVE_UNISTD_H 1
| #define HAVE_LOCALE_H 1
| #define HAVE_GETOPT_H 1
| /* end confdefs.h.  */
| #include <dev/ata/atavar.h>
configure:5382: result: no
configure:5415: checking for dev/ata/atavar.h
configure:5423: result: no
configure:5451: checking netdb.h usability
configure:5468: /opt/storlink_920t_le/bin/arm_920t_le-g++ -c -g -O2 -I/home/jana/20090522/kernel/include conftest.cpp >&5
configure:5474: $? = 0
configure:5488: result: yes
configure:5492: checking netdb.h presence
configure:5507: /opt/storlink_920t_le/bin/arm_920t_le-g++ -E -I/home/jana/20090522/kernel/include conftest.cpp
configure:5513: $? = 0
configure:5527: result: yes
configure:5560: checking for netdb.h
configure:5568: result: yes
configure:5586: checking for inttypes.h
configure:5592: result: yes
configure:5730: checking for stdint.h
configure:5736: result: yes
configure:5884: checking sys/inttypes.h usability
configure:5901: /opt/storlink_920t_le/bin/arm_920t_le-g++ -c -g -O2 -I/home/jana/20090522/kernel/include conftest.cpp >&5
conftest.cpp:64:26: sys/inttypes.h: No such file or directory
configure:5907: $? = 1
configure: failed program was:
| /* confdefs.h.  */
| #define PACKAGE_NAME "smartmontools"
| #define PACKAGE_TARNAME "smartmontools"
| #define PACKAGE_VERSION "5.38"
| #define PACKAGE_STRING "smartmontools 5.38"
| #define PACKAGE_BUGREPORT "smartmontools-support@lists.sourceforge.net"
| #define SMARTMONTOOLS_CONFIGURE_ARGS " '--host=arm-linux-gnu' 'CXX=/opt/storlink_920t_le/bin/arm_920t_le-g++' 'AS=/opt/storlink_arm_920t_le_uclibc//bin/arm-linux-as' 'AR=/opt/storlink_arm_920t_le_uclibc//bin/arm-linux-ar' 'LD=/opt/storlink_arm_920t_le_uclibc//bin/arm-linux-ld' 'LDFLAGS=-static' 'RANLIB=/opt/storlink_arm_920t_le_uclibc//bin/arm-linux-ranlib' 'STRIP=/opt/storlink_arm_920t_le_uclibc//bin/arm-linux-strip' 'CPPFLAGS=-I/home/jana/20090522/kernel/include' 'host_alias=arm-linux-gnu' 'CC=/opt/storlink_arm_920t_le_uclibc//bin/arm-linux-gcc' 'CFLAGS=-Os -Wall -D__UCLIBC_HAS_MMU__ -D__UCLIBC__ -DLOGNUM=1 -DRGDB_BLOCK_OFFSET=0  -DDEFAULT_STORAGE_FS=\"EXT3\" -DCONFIG_MEM_HELPER_DISABLE=y'"
| #define SMARTMONTOOLS_CONFIGURE_DATE "2009/05/27 10:43:22 UTC"
| #define SMARTMONTOOLS_RELEASE_DATE "2008/03/10"
| #define SMARTMONTOOLS_RELEASE_TIME "10:44:07 GMT"
| #define CONFIG_H_CVSID "$Id: configure.in,v 1.134 2008/03/09 13:41:23 card_captor Exp $"
| #define PACKAGE_HOMEPAGE "http://smartmontools.sourceforge.net/"
| #define PACKAGE "smartmontools"
| #define VERSION "5.38"
| #define STDC_HEADERS 1
| #define HAVE_SYS_TYPES_H 1
| #define HAVE_SYS_STAT_H 1
| #define HAVE_STDLIB_H 1
| #define HAVE_STRING_H 1
| #define HAVE_MEMORY_H 1
| #define HAVE_STRINGS_H 1
| #define HAVE_INTTYPES_H 1
| #define HAVE_STDINT_H 1
| #define HAVE_UNISTD_H 1
| #define HAVE_LOCALE_H 1
| #define HAVE_GETOPT_H 1
| #define HAVE_NETDB_H 1
| #define HAVE_INTTYPES_H 1
| #define HAVE_STDINT_H 1
| /* end confdefs.h.  */
| #include <stdio.h>
| #ifdef HAVE_SYS_TYPES_H
| # include <sys/types.h>
| #endif
| #ifdef HAVE_SYS_STAT_H
| # include <sys/stat.h>
| #endif
| #ifdef STDC_HEADERS
| # include <stdlib.h>
| # include <stddef.h>
| #else
| # ifdef HAVE_STDLIB_H
| #  include <stdlib.h>
| # endif
| #endif
| #ifdef HAVE_STRING_H
| # if !defined STDC_HEADERS && defined HAVE_MEMORY_H
| #  include <memory.h>
| # endif
| # include <string.h>
| #endif
| #ifdef HAVE_STRINGS_H
| # include <strings.h>
| #endif
| #ifdef HAVE_INTTYPES_H
| # include <inttypes.h>
| #endif
| #ifdef HAVE_STDINT_H
| # include <stdint.h>
| #endif
| #ifdef HAVE_UNISTD_H
| # include <unistd.h>
| #endif
| #include <sys/inttypes.h>
configure:5921: result: no
configure:5925: checking sys/inttypes.h presence
configure:5940: /opt/storlink_920t_le/bin/arm_920t_le-g++ -E -I/home/jana/20090522/kernel/include conftest.cpp
conftest.cpp:31:26: sys/inttypes.h: No such file or directory
configure:5946: $? = 1
configure: failed program was:
| /* confdefs.h.  */
| #define PACKAGE_NAME "smartmontools"
| #define PACKAGE_TARNAME "smartmontools"
| #define PACKAGE_VERSION "5.38"
| #define PACKAGE_STRING "smartmontools 5.38"
| #define PACKAGE_BUGREPORT "smartmontools-support@lists.sourceforge.net"
| #define SMARTMONTOOLS_CONFIGURE_ARGS " '--host=arm-linux-gnu' 'CXX=/opt/storlink_920t_le/bin/arm_920t_le-g++' 'AS=/opt/storlink_arm_920t_le_uclibc//bin/arm-linux-as' 'AR=/opt/storlink_arm_920t_le_uclibc//bin/arm-linux-ar' 'LD=/opt/storlink_arm_920t_le_uclibc//bin/arm-linux-ld' 'LDFLAGS=-static' 'RANLIB=/opt/storlink_arm_920t_le_uclibc//bin/arm-linux-ranlib' 'STRIP=/opt/storlink_arm_920t_le_uclibc//bin/arm-linux-strip' 'CPPFLAGS=-I/home/jana/20090522/kernel/include' 'host_alias=arm-linux-gnu' 'CC=/opt/storlink_arm_920t_le_uclibc//bin/arm-linux-gcc' 'CFLAGS=-Os -Wall -D__UCLIBC_HAS_MMU__ -D__UCLIBC__ -DLOGNUM=1 -DRGDB_BLOCK_OFFSET=0  -DDEFAULT_STORAGE_FS=\"EXT3\" -DCONFIG_MEM_HELPER_DISABLE=y'"
| #define SMARTMONTOOLS_CONFIGURE_DATE "2009/05/27 10:43:22 UTC"
| #define SMARTMONTOOLS_RELEASE_DATE "2008/03/10"
| #define SMARTMONTOOLS_RELEASE_TIME "10:44:07 GMT"
| #define CONFIG_H_CVSID "$Id: configure.in,v 1.134 2008/03/09 13:41:23 card_captor Exp $"
| #define PACKAGE_HOMEPAGE "http://smartmontools.sourceforge.net/"
| #define PACKAGE "smartmontools"
| #define VERSION "5.38"
| #define STDC_HEADERS 1
| #define HAVE_SYS_TYPES_H 1
| #define HAVE_SYS_STAT_H 1
| #define HAVE_STDLIB_H 1
| #define HAVE_STRING_H 1
| #define HAVE_MEMORY_H 1
| #define HAVE_STRINGS_H 1
| #define HAVE_INTTYPES_H 1
| #define HAVE_STDINT_H 1
| #define HAVE_UNISTD_H 1
| #define HAVE_LOCALE_H 1
| #define HAVE_GETOPT_H 1
| #define HAVE_NETDB_H 1
| #define HAVE_INTTYPES_H 1
| #define HAVE_STDINT_H 1
| /* end confdefs.h.  */
| #include <sys/inttypes.h>
configure:5960: result: no
configure:5993: checking for sys/inttypes.h
configure:6001: result: no
configure:6028: checking sys/int_types.h usability
configure:6045: /opt/storlink_920t_le/bin/arm_920t_le-g++ -c -g -O2 -I/home/jana/20090522/kernel/include conftest.cpp >&5
conftest.cpp:64:27: sys/int_types.h: No such file or directory
configure:6051: $? = 1
configure: failed program was:
| /* confdefs.h.  */
| #define PACKAGE_NAME "smartmontools"
| #define PACKAGE_TARNAME "smartmontools"
| #define PACKAGE_VERSION "5.38"
| #define PACKAGE_STRING "smartmontools 5.38"
| #define PACKAGE_BUGREPORT "smartmontools-support@lists.sourceforge.net"
| #define SMARTMONTOOLS_CONFIGURE_ARGS " '--host=arm-linux-gnu' 'CXX=/opt/storlink_920t_le/bin/arm_920t_le-g++' 'AS=/opt/storlink_arm_920t_le_uclibc//bin/arm-linux-as' 'AR=/opt/storlink_arm_920t_le_uclibc//bin/arm-linux-ar' 'LD=/opt/storlink_arm_920t_le_uclibc//bin/arm-linux-ld' 'LDFLAGS=-static' 'RANLIB=/opt/storlink_arm_920t_le_uclibc//bin/arm-linux-ranlib' 'STRIP=/opt/storlink_arm_920t_le_uclibc//bin/arm-linux-strip' 'CPPFLAGS=-I/home/jana/20090522/kernel/include' 'host_alias=arm-linux-gnu' 'CC=/opt/storlink_arm_920t_le_uclibc//bin/arm-linux-gcc' 'CFLAGS=-Os -Wall -D__UCLIBC_HAS_MMU__ -D__UCLIBC__ -DLOGNUM=1 -DRGDB_BLOCK_OFFSET=0  -DDEFAULT_STORAGE_FS=\"EXT3\" -DCONFIG_MEM_HELPER_DISABLE=y'"
| #define SMARTMONTOOLS_CONFIGURE_DATE "2009/05/27 10:43:22 UTC"
| #define SMARTMONTOOLS_RELEASE_DATE "2008/03/10"
| #define SMARTMONTOOLS_RELEASE_TIME "10:44:07 GMT"
| #define CONFIG_H_CVSID "$Id: configure.in,v 1.134 2008/03/09 13:41:23 card_captor Exp $"
| #define PACKAGE_HOMEPAGE "http://smartmontools.sourceforge.net/"
| #define PACKAGE "smartmontools"
| #define VERSION "5.38"
| #define STDC_HEADERS 1
| #define HAVE_SYS_TYPES_H 1
| #define HAVE_SYS_STAT_H 1
| #define HAVE_STDLIB_H 1
| #define HAVE_STRING_H 1
| #define HAVE_MEMORY_H 1
| #define HAVE_STRINGS_H 1
| #define HAVE_INTTYPES_H 1
| #define HAVE_STDINT_H 1
| #define HAVE_UNISTD_H 1
| #define HAVE_LOCALE_H 1
| #define HAVE_GETOPT_H 1
| #define HAVE_NETDB_H 1
| #define HAVE_INTTYPES_H 1
| #define HAVE_STDINT_H 1
| /* end confdefs.h.  */
| #include <stdio.h>
| #ifdef HAVE_SYS_TYPES_H
| # include <sys/types.h>
| #endif
| #ifdef HAVE_SYS_STAT_H
| # include <sys/stat.h>
| #endif
| #ifdef STDC_HEADERS
| # include <stdlib.h>
| # include <stddef.h>
| #else
| # ifdef HAVE_STDLIB_H
| #  include <stdlib.h>
| # endif
| #endif
| #ifdef HAVE_STRING_H
| # if !defined STDC_HEADERS && defined HAVE_MEMORY_H
| #  include <memory.h>
| # endif
| # include <string.h>
| #endif
| #ifdef HAVE_STRINGS_H
| # include <strings.h>
| #endif
| #ifdef HAVE_INTTYPES_H
| # include <inttypes.h>
| #endif
| #ifdef HAVE_STDINT_H
| # include <stdint.h>
| #endif
| #ifdef HAVE_UNISTD_H
| # include <unistd.h>
| #endif
| #include <sys/int_types.h>
configure:6065: result: no
configure:6069: checking sys/int_types.h presence
configure:6084: /opt/storlink_920t_le/bin/arm_920t_le-g++ -E -I/home/jana/20090522/kernel/include conftest.cpp
conftest.cpp:31:27: sys/int_types.h: No such file or directory
configure:6090: $? = 1
configure: failed program was:
| /* confdefs.h.  */
| #define PACKAGE_NAME "smartmontools"
| #define PACKAGE_TARNAME "smartmontools"
| #define PACKAGE_VERSION "5.38"
| #define PACKAGE_STRING "smartmontools 5.38"
| #define PACKAGE_BUGREPORT "smartmontools-support@lists.sourceforge.net"
| #define SMARTMONTOOLS_CONFIGURE_ARGS " '--host=arm-linux-gnu' 'CXX=/opt/storlink_920t_le/bin/arm_920t_le-g++' 'AS=/opt/storlink_arm_920t_le_uclibc//bin/arm-linux-as' 'AR=/opt/storlink_arm_920t_le_uclibc//bin/arm-linux-ar' 'LD=/opt/storlink_arm_920t_le_uclibc//bin/arm-linux-ld' 'LDFLAGS=-static' 'RANLIB=/opt/storlink_arm_920t_le_uclibc//bin/arm-linux-ranlib' 'STRIP=/opt/storlink_arm_920t_le_uclibc//bin/arm-linux-strip' 'CPPFLAGS=-I/home/jana/20090522/kernel/include' 'host_alias=arm-linux-gnu' 'CC=/opt/storlink_arm_920t_le_uclibc//bin/arm-linux-gcc' 'CFLAGS=-Os -Wall -D__UCLIBC_HAS_MMU__ -D__UCLIBC__ -DLOGNUM=1 -DRGDB_BLOCK_OFFSET=0  -DDEFAULT_STORAGE_FS=\"EXT3\" -DCONFIG_MEM_HELPER_DISABLE=y'"
| #define SMARTMONTOOLS_CONFIGURE_DATE "2009/05/27 10:43:22 UTC"
| #define SMARTMONTOOLS_RELEASE_DATE "2008/03/10"
| #define SMARTMONTOOLS_RELEASE_TIME "10:44:07 GMT"
| #define CONFIG_H_CVSID "$Id: configure.in,v 1.134 2008/03/09 13:41:23 card_captor Exp $"
| #define PACKAGE_HOMEPAGE "http://smartmontools.sourceforge.net/"
| #define PACKAGE "smartmontools"
| #define VERSION "5.38"
| #define STDC_HEADERS 1
| #define HAVE_SYS_TYPES_H 1
| #define HAVE_SYS_STAT_H 1
| #define HAVE_STDLIB_H 1
| #define HAVE_STRING_H 1
| #define HAVE_MEMORY_H 1
| #define HAVE_STRINGS_H 1
| #define HAVE_INTTYPES_H 1
| #define HAVE_STDINT_H 1
| #define HAVE_UNISTD_H 1
| #define HAVE_LOCALE_H 1
| #define HAVE_GETOPT_H 1
| #define HAVE_NETDB_H 1
| #define HAVE_INTTYPES_H 1
| #define HAVE_STDINT_H 1
| /* end confdefs.h.  */
| #include <sys/int_types.h>
configure:6104: result: no
configure:6137: checking for sys/int_types.h
configure:6145: result: no
configure:6172: checking sys/tweio.h usability
configure:6189: /opt/storlink_920t_le/bin/arm_920t_le-g++ -c -g -O2 -I/home/jana/20090522/kernel/include conftest.cpp >&5
conftest.cpp:64:23: sys/tweio.h: No such file or directory
configure:6195: $? = 1
configure: failed program was:
| /* confdefs.h.  */
| #define PACKAGE_NAME "smartmontools"
| #define PACKAGE_TARNAME "smartmontools"
| #define PACKAGE_VERSION "5.38"
| #define PACKAGE_STRING "smartmontools 5.38"
| #define PACKAGE_BUGREPORT "smartmontools-support@lists.sourceforge.net"
| #define SMARTMONTOOLS_CONFIGURE_ARGS " '--host=arm-linux-gnu' 'CXX=/opt/storlink_920t_le/bin/arm_920t_le-g++' 'AS=/opt/storlink_arm_920t_le_uclibc//bin/arm-linux-as' 'AR=/opt/storlink_arm_920t_le_uclibc//bin/arm-linux-ar' 'LD=/opt/storlink_arm_920t_le_uclibc//bin/arm-linux-ld' 'LDFLAGS=-static' 'RANLIB=/opt/storlink_arm_920t_le_uclibc//bin/arm-linux-ranlib' 'STRIP=/opt/storlink_arm_920t_le_uclibc//bin/arm-linux-strip' 'CPPFLAGS=-I/home/jana/20090522/kernel/include' 'host_alias=arm-linux-gnu' 'CC=/opt/storlink_arm_920t_le_uclibc//bin/arm-linux-gcc' 'CFLAGS=-Os -Wall -D__UCLIBC_HAS_MMU__ -D__UCLIBC__ -DLOGNUM=1 -DRGDB_BLOCK_OFFSET=0  -DDEFAULT_STORAGE_FS=\"EXT3\" -DCONFIG_MEM_HELPER_DISABLE=y'"
| #define SMARTMONTOOLS_CONFIGURE_DATE "2009/05/27 10:43:22 UTC"
| #define SMARTMONTOOLS_RELEASE_DATE "2008/03/10"
| #define SMARTMONTOOLS_RELEASE_TIME "10:44:07 GMT"
| #define CONFIG_H_CVSID "$Id: configure.in,v 1.134 2008/03/09 13:41:23 card_captor Exp $"
| #define PACKAGE_HOMEPAGE "http://smartmontools.sourceforge.net/"
| #define PACKAGE "smartmontools"
| #define VERSION "5.38"
| #define STDC_HEADERS 1
| #define HAVE_SYS_TYPES_H 1
| #define HAVE_SYS_STAT_H 1
| #define HAVE_STDLIB_H 1
| #define HAVE_STRING_H 1
| #define HAVE_MEMORY_H 1
| #define HAVE_STRINGS_H 1
| #define HAVE_INTTYPES_H 1
| #define HAVE_STDINT_H 1
| #define HAVE_UNISTD_H 1
| #define HAVE_LOCALE_H 1
| #define HAVE_GETOPT_H 1
| #define HAVE_NETDB_H 1
| #define HAVE_INTTYPES_H 1
| #define HAVE_STDINT_H 1
| /* end confdefs.h.  */
| #include <stdio.h>
| #ifdef HAVE_SYS_TYPES_H
| # include <sys/types.h>
| #endif
| #ifdef HAVE_SYS_STAT_H
| # include <sys/stat.h>
| #endif
| #ifdef STDC_HEADERS
| # include <stdlib.h>
| # include <stddef.h>
| #else
| # ifdef HAVE_STDLIB_H
| #  include <stdlib.h>
| # endif
| #endif
| #ifdef HAVE_STRING_H
| # if !defined STDC_HEADERS && defined HAVE_MEMORY_H
| #  include <memory.h>
| # endif
| # include <string.h>
| #endif
| #ifdef HAVE_STRINGS_H
| # include <strings.h>
| #endif
| #ifdef HAVE_INTTYPES_H
| # include <inttypes.h>
| #endif
| #ifdef HAVE_STDINT_H
| # include <stdint.h>
| #endif
| #ifdef HAVE_UNISTD_H
| # include <unistd.h>
| #endif
| #include <sys/tweio.h>
configure:6209: result: no
configure:6213: checking sys/tweio.h presence
configure:6228: /opt/storlink_920t_le/bin/arm_920t_le-g++ -E -I/home/jana/20090522/kernel/include conftest.cpp
conftest.cpp:31:23: sys/tweio.h: No such file or directory
configure:6234: $? = 1
configure: failed program was:
| /* confdefs.h.  */
| #define PACKAGE_NAME "smartmontools"
| #define PACKAGE_TARNAME "smartmontools"
| #define PACKAGE_VERSION "5.38"
| #define PACKAGE_STRING "smartmontools 5.38"
| #define PACKAGE_BUGREPORT "smartmontools-support@lists.sourceforge.net"
| #define SMARTMONTOOLS_CONFIGURE_ARGS " '--host=arm-linux-gnu' 'CXX=/opt/storlink_920t_le/bin/arm_920t_le-g++' 'AS=/opt/storlink_arm_920t_le_uclibc//bin/arm-linux-as' 'AR=/opt/storlink_arm_920t_le_uclibc//bin/arm-linux-ar' 'LD=/opt/storlink_arm_920t_le_uclibc//bin/arm-linux-ld' 'LDFLAGS=-static' 'RANLIB=/opt/storlink_arm_920t_le_uclibc//bin/arm-linux-ranlib' 'STRIP=/opt/storlink_arm_920t_le_uclibc//bin/arm-linux-strip' 'CPPFLAGS=-I/home/jana/20090522/kernel/include' 'host_alias=arm-linux-gnu' 'CC=/opt/storlink_arm_920t_le_uclibc//bin/arm-linux-gcc' 'CFLAGS=-Os -Wall -D__UCLIBC_HAS_MMU__ -D__UCLIBC__ -DLOGNUM=1 -DRGDB_BLOCK_OFFSET=0  -DDEFAULT_STORAGE_FS=\"EXT3\" -DCONFIG_MEM_HELPER_DISABLE=y'"
| #define SMARTMONTOOLS_CONFIGURE_DATE "2009/05/27 10:43:22 UTC"
| #define SMARTMONTOOLS_RELEASE_DATE "2008/03/10"
| #define SMARTMONTOOLS_RELEASE_TIME "10:44:07 GMT"
| #define CONFIG_H_CVSID "$Id: configure.in,v 1.134 2008/03/09 13:41:23 card_captor Exp $"
| #define PACKAGE_HOMEPAGE "http://smartmontools.sourceforge.net/"
| #define PACKAGE "smartmontools"
| #define VERSION "5.38"
| #define STDC_HEADERS 1
| #define HAVE_SYS_TYPES_H 1
| #define HAVE_SYS_STAT_H 1
| #define HAVE_STDLIB_H 1
| #define HAVE_STRING_H 1
| #define HAVE_MEMORY_H 1
| #define HAVE_STRINGS_H 1
| #define HAVE_INTTYPES_H 1
| #define HAVE_STDINT_H 1
| #define HAVE_UNISTD_H 1
| #define HAVE_LOCALE_H 1
| #define HAVE_GETOPT_H 1
| #define HAVE_NETDB_H 1
| #define HAVE_INTTYPES_H 1
| #define HAVE_STDINT_H 1
| /* end confdefs.h.  */
| #include <sys/tweio.h>
configure:6248: result: no
configure:6281: checking for sys/tweio.h
configure:6289: result: no
configure:6317: checking sys/twereg.h usability
configure:6334: /opt/storlink_920t_le/bin/arm_920t_le-g++ -c -g -O2 -I/home/jana/20090522/kernel/include conftest.cpp >&5
conftest.cpp:64:24: sys/twereg.h: No such file or directory
configure:6340: $? = 1
configure: failed program was:
| /* confdefs.h.  */
| #define PACKAGE_NAME "smartmontools"
| #define PACKAGE_TARNAME "smartmontools"
| #define PACKAGE_VERSION "5.38"
| #define PACKAGE_STRING "smartmontools 5.38"
| #define PACKAGE_BUGREPORT "smartmontools-support@lists.sourceforge.net"
| #define SMARTMONTOOLS_CONFIGURE_ARGS " '--host=arm-linux-gnu' 'CXX=/opt/storlink_920t_le/bin/arm_920t_le-g++' 'AS=/opt/storlink_arm_920t_le_uclibc//bin/arm-linux-as' 'AR=/opt/storlink_arm_920t_le_uclibc//bin/arm-linux-ar' 'LD=/opt/storlink_arm_920t_le_uclibc//bin/arm-linux-ld' 'LDFLAGS=-static' 'RANLIB=/opt/storlink_arm_920t_le_uclibc//bin/arm-linux-ranlib' 'STRIP=/opt/storlink_arm_920t_le_uclibc//bin/arm-linux-strip' 'CPPFLAGS=-I/home/jana/20090522/kernel/include' 'host_alias=arm-linux-gnu' 'CC=/opt/storlink_arm_920t_le_uclibc//bin/arm-linux-gcc' 'CFLAGS=-Os -Wall -D__UCLIBC_HAS_MMU__ -D__UCLIBC__ -DLOGNUM=1 -DRGDB_BLOCK_OFFSET=0  -DDEFAULT_STORAGE_FS=\"EXT3\" -DCONFIG_MEM_HELPER_DISABLE=y'"
| #define SMARTMONTOOLS_CONFIGURE_DATE "2009/05/27 10:43:22 UTC"
| #define SMARTMONTOOLS_RELEASE_DATE "2008/03/10"
| #define SMARTMONTOOLS_RELEASE_TIME "10:44:07 GMT"
| #define CONFIG_H_CVSID "$Id: configure.in,v 1.134 2008/03/09 13:41:23 card_captor Exp $"
| #define PACKAGE_HOMEPAGE "http://smartmontools.sourceforge.net/"
| #define PACKAGE "smartmontools"
| #define VERSION "5.38"
| #define STDC_HEADERS 1
| #define HAVE_SYS_TYPES_H 1
| #define HAVE_SYS_STAT_H 1
| #define HAVE_STDLIB_H 1
| #define HAVE_STRING_H 1
| #define HAVE_MEMORY_H 1
| #define HAVE_STRINGS_H 1
| #define HAVE_INTTYPES_H 1
| #define HAVE_STDINT_H 1
| #define HAVE_UNISTD_H 1
| #define HAVE_LOCALE_H 1
| #define HAVE_GETOPT_H 1
| #define HAVE_NETDB_H 1
| #define HAVE_INTTYPES_H 1
| #define HAVE_STDINT_H 1
| /* end confdefs.h.  */
| #include <stdio.h>
| #ifdef HAVE_SYS_TYPES_H
| # include <sys/types.h>
| #endif
| #ifdef HAVE_SYS_STAT_H
| # include <sys/stat.h>
| #endif
| #ifdef STDC_HEADERS
| # include <stdlib.h>
| # include <stddef.h>
| #else
| # ifdef HAVE_STDLIB_H
| #  include <stdlib.h>
| # endif
| #endif
| #ifdef HAVE_STRING_H
| # if !defined STDC_HEADERS && defined HAVE_MEMORY_H
| #  include <memory.h>
| # endif
| # include <string.h>
| #endif
| #ifdef HAVE_STRINGS_H
| # include <strings.h>
| #endif
| #ifdef HAVE_INTTYPES_H
| # include <inttypes.h>
| #endif
| #ifdef HAVE_STDINT_H
| # include <stdint.h>
| #endif
| #ifdef HAVE_UNISTD_H
| # include <unistd.h>
| #endif
| #include <sys/twereg.h>
configure:6354: result: no
configure:6358: checking sys/twereg.h presence
configure:6373: /opt/storlink_920t_le/bin/arm_920t_le-g++ -E -I/home/jana/20090522/kernel/include conftest.cpp
conftest.cpp:31:24: sys/twereg.h: No such file or directory
configure:6379: $? = 1
configure: failed program was:
| /* confdefs.h.  */
| #define PACKAGE_NAME "smartmontools"
| #define PACKAGE_TARNAME "smartmontools"
| #define PACKAGE_VERSION "5.38"
| #define PACKAGE_STRING "smartmontools 5.38"
| #define PACKAGE_BUGREPORT "smartmontools-support@lists.sourceforge.net"
| #define SMARTMONTOOLS_CONFIGURE_ARGS " '--host=arm-linux-gnu' 'CXX=/opt/storlink_920t_le/bin/arm_920t_le-g++' 'AS=/opt/storlink_arm_920t_le_uclibc//bin/arm-linux-as' 'AR=/opt/storlink_arm_920t_le_uclibc//bin/arm-linux-ar' 'LD=/opt/storlink_arm_920t_le_uclibc//bin/arm-linux-ld' 'LDFLAGS=-static' 'RANLIB=/opt/storlink_arm_920t_le_uclibc//bin/arm-linux-ranlib' 'STRIP=/opt/storlink_arm_920t_le_uclibc//bin/arm-linux-strip' 'CPPFLAGS=-I/home/jana/20090522/kernel/include' 'host_alias=arm-linux-gnu' 'CC=/opt/storlink_arm_920t_le_uclibc//bin/arm-linux-gcc' 'CFLAGS=-Os -Wall -D__UCLIBC_HAS_MMU__ -D__UCLIBC__ -DLOGNUM=1 -DRGDB_BLOCK_OFFSET=0  -DDEFAULT_STORAGE_FS=\"EXT3\" -DCONFIG_MEM_HELPER_DISABLE=y'"
| #define SMARTMONTOOLS_CONFIGURE_DATE "2009/05/27 10:43:22 UTC"
| #define SMARTMONTOOLS_RELEASE_DATE "2008/03/10"
| #define SMARTMONTOOLS_RELEASE_TIME "10:44:07 GMT"
| #define CONFIG_H_CVSID "$Id: configure.in,v 1.134 2008/03/09 13:41:23 card_captor Exp $"
| #define PACKAGE_HOMEPAGE "http://smartmontools.sourceforge.net/"
| #define PACKAGE "smartmontools"
| #define VERSION "5.38"
| #define STDC_HEADERS 1
| #define HAVE_SYS_TYPES_H 1
| #define HAVE_SYS_STAT_H 1
| #define HAVE_STDLIB_H 1
| #define HAVE_STRING_H 1
| #define HAVE_MEMORY_H 1
| #define HAVE_STRINGS_H 1
| #define HAVE_INTTYPES_H 1
| #define HAVE_STDINT_H 1
| #define HAVE_UNISTD_H 1
| #define HAVE_LOCALE_H 1
| #define HAVE_GETOPT_H 1
| #define HAVE_NETDB_H 1
| #define HAVE_INTTYPES_H 1
| #define HAVE_STDINT_H 1
| /* end confdefs.h.  */
| #include <sys/twereg.h>
configure:6393: result: no
configure:6426: checking for sys/twereg.h
configure:6434: result: no
configure:6462: checking sys/tw_osl_ioctl.h usability
configure:6479: /opt/storlink_920t_le/bin/arm_920t_le-g++ -c -g -O2 -I/home/jana/20090522/kernel/include conftest.cpp >&5
conftest.cpp:64:30: sys/tw_osl_ioctl.h: No such file or directory
configure:6485: $? = 1
configure: failed program was:
| /* confdefs.h.  */
| #define PACKAGE_NAME "smartmontools"
| #define PACKAGE_TARNAME "smartmontools"
| #define PACKAGE_VERSION "5.38"
| #define PACKAGE_STRING "smartmontools 5.38"
| #define PACKAGE_BUGREPORT "smartmontools-support@lists.sourceforge.net"
| #define SMARTMONTOOLS_CONFIGURE_ARGS " '--host=arm-linux-gnu' 'CXX=/opt/storlink_920t_le/bin/arm_920t_le-g++' 'AS=/opt/storlink_arm_920t_le_uclibc//bin/arm-linux-as' 'AR=/opt/storlink_arm_920t_le_uclibc//bin/arm-linux-ar' 'LD=/opt/storlink_arm_920t_le_uclibc//bin/arm-linux-ld' 'LDFLAGS=-static' 'RANLIB=/opt/storlink_arm_920t_le_uclibc//bin/arm-linux-ranlib' 'STRIP=/opt/storlink_arm_920t_le_uclibc//bin/arm-linux-strip' 'CPPFLAGS=-I/home/jana/20090522/kernel/include' 'host_alias=arm-linux-gnu' 'CC=/opt/storlink_arm_920t_le_uclibc//bin/arm-linux-gcc' 'CFLAGS=-Os -Wall -D__UCLIBC_HAS_MMU__ -D__UCLIBC__ -DLOGNUM=1 -DRGDB_BLOCK_OFFSET=0  -DDEFAULT_STORAGE_FS=\"EXT3\" -DCONFIG_MEM_HELPER_DISABLE=y'"
| #define SMARTMONTOOLS_CONFIGURE_DATE "2009/05/27 10:43:22 UTC"
| #define SMARTMONTOOLS_RELEASE_DATE "2008/03/10"
| #define SMARTMONTOOLS_RELEASE_TIME "10:44:07 GMT"
| #define CONFIG_H_CVSID "$Id: configure.in,v 1.134 2008/03/09 13:41:23 card_captor Exp $"
| #define PACKAGE_HOMEPAGE "http://smartmontools.sourceforge.net/"
| #define PACKAGE "smartmontools"
| #define VERSION "5.38"
| #define STDC_HEADERS 1
| #define HAVE_SYS_TYPES_H 1
| #define HAVE_SYS_STAT_H 1
| #define HAVE_STDLIB_H 1
| #define HAVE_STRING_H 1
| #define HAVE_MEMORY_H 1
| #define HAVE_STRINGS_H 1
| #define HAVE_INTTYPES_H 1
| #define HAVE_STDINT_H 1
| #define HAVE_UNISTD_H 1
| #define HAVE_LOCALE_H 1
| #define HAVE_GETOPT_H 1
| #define HAVE_NETDB_H 1
| #define HAVE_INTTYPES_H 1
| #define HAVE_STDINT_H 1
| /* end confdefs.h.  */
| #include <stdio.h>
| #ifdef HAVE_SYS_TYPES_H
| # include <sys/types.h>
| #endif
| #ifdef HAVE_SYS_STAT_H
| # include <sys/stat.h>
| #endif
| #ifdef STDC_HEADERS
| # include <stdlib.h>
| # include <stddef.h>
| #else
| # ifdef HAVE_STDLIB_H
| #  include <stdlib.h>
| # endif
| #endif
| #ifdef HAVE_STRING_H
| # if !defined STDC_HEADERS && defined HAVE_MEMORY_H
| #  include <memory.h>
| # endif
| # include <string.h>
| #endif
| #ifdef HAVE_STRINGS_H
| # include <strings.h>
| #endif
| #ifdef HAVE_INTTYPES_H
| # include <inttypes.h>
| #endif
| #ifdef HAVE_STDINT_H
| # include <stdint.h>
| #endif
| #ifdef HAVE_UNISTD_H
| # include <unistd.h>
| #endif
| #include <sys/tw_osl_ioctl.h>
configure:6499: result: no
configure:6503: checking sys/tw_osl_ioctl.h presence
configure:6518: /opt/storlink_920t_le/bin/arm_920t_le-g++ -E -I/home/jana/20090522/kernel/include conftest.cpp
conftest.cpp:31:30: sys/tw_osl_ioctl.h: No such file or directory
configure:6524: $? = 1
configure: failed program was:
| /* confdefs.h.  */
| #define PACKAGE_NAME "smartmontools"
| #define PACKAGE_TARNAME "smartmontools"
| #define PACKAGE_VERSION "5.38"
| #define PACKAGE_STRING "smartmontools 5.38"
| #define PACKAGE_BUGREPORT "smartmontools-support@lists.sourceforge.net"
| #define SMARTMONTOOLS_CONFIGURE_ARGS " '--host=arm-linux-gnu' 'CXX=/opt/storlink_920t_le/bin/arm_920t_le-g++' 'AS=/opt/storlink_arm_920t_le_uclibc//bin/arm-linux-as' 'AR=/opt/storlink_arm_920t_le_uclibc//bin/arm-linux-ar' 'LD=/opt/storlink_arm_920t_le_uclibc//bin/arm-linux-ld' 'LDFLAGS=-static' 'RANLIB=/opt/storlink_arm_920t_le_uclibc//bin/arm-linux-ranlib' 'STRIP=/opt/storlink_arm_920t_le_uclibc//bin/arm-linux-strip' 'CPPFLAGS=-I/home/jana/20090522/kernel/include' 'host_alias=arm-linux-gnu' 'CC=/opt/storlink_arm_920t_le_uclibc//bin/arm-linux-gcc' 'CFLAGS=-Os -Wall -D__UCLIBC_HAS_MMU__ -D__UCLIBC__ -DLOGNUM=1 -DRGDB_BLOCK_OFFSET=0  -DDEFAULT_STORAGE_FS=\"EXT3\" -DCONFIG_MEM_HELPER_DISABLE=y'"
| #define SMARTMONTOOLS_CONFIGURE_DATE "2009/05/27 10:43:22 UTC"
| #define SMARTMONTOOLS_RELEASE_DATE "2008/03/10"
| #define SMARTMONTOOLS_RELEASE_TIME "10:44:07 GMT"
| #define CONFIG_H_CVSID "$Id: configure.in,v 1.134 2008/03/09 13:41:23 card_captor Exp $"
| #define PACKAGE_HOMEPAGE "http://smartmontools.sourceforge.net/"
| #define PACKAGE "smartmontools"
| #define VERSION "5.38"
| #define STDC_HEADERS 1
| #define HAVE_SYS_TYPES_H 1
| #define HAVE_SYS_STAT_H 1
| #define HAVE_STDLIB_H 1
| #define HAVE_STRING_H 1
| #define HAVE_MEMORY_H 1
| #define HAVE_STRINGS_H 1
| #define HAVE_INTTYPES_H 1
| #define HAVE_STDINT_H 1
| #define HAVE_UNISTD_H 1
| #define HAVE_LOCALE_H 1
| #define HAVE_GETOPT_H 1
| #define HAVE_NETDB_H 1
| #define HAVE_INTTYPES_H 1
| #define HAVE_STDINT_H 1
| /* end confdefs.h.  */
| #include <sys/tw_osl_ioctl.h>
configure:6538: result: no
configure:6571: checking for sys/tw_osl_ioctl.h
configure:6579: result: no
configure:6607: checking dev/ciss/cissio.h usability
configure:6624: /opt/storlink_920t_le/bin/arm_920t_le-g++ -c -g -O2 -I/home/jana/20090522/kernel/include conftest.cpp >&5
conftest.cpp:64:29: dev/ciss/cissio.h: No such file or directory
configure:6630: $? = 1
configure: failed program was:
| /* confdefs.h.  */
| #define PACKAGE_NAME "smartmontools"
| #define PACKAGE_TARNAME "smartmontools"
| #define PACKAGE_VERSION "5.38"
| #define PACKAGE_STRING "smartmontools 5.38"
| #define PACKAGE_BUGREPORT "smartmontools-support@lists.sourceforge.net"
| #define SMARTMONTOOLS_CONFIGURE_ARGS " '--host=arm-linux-gnu' 'CXX=/opt/storlink_920t_le/bin/arm_920t_le-g++' 'AS=/opt/storlink_arm_920t_le_uclibc//bin/arm-linux-as' 'AR=/opt/storlink_arm_920t_le_uclibc//bin/arm-linux-ar' 'LD=/opt/storlink_arm_920t_le_uclibc//bin/arm-linux-ld' 'LDFLAGS=-static' 'RANLIB=/opt/storlink_arm_920t_le_uclibc//bin/arm-linux-ranlib' 'STRIP=/opt/storlink_arm_920t_le_uclibc//bin/arm-linux-strip' 'CPPFLAGS=-I/home/jana/20090522/kernel/include' 'host_alias=arm-linux-gnu' 'CC=/opt/storlink_arm_920t_le_uclibc//bin/arm-linux-gcc' 'CFLAGS=-Os -Wall -D__UCLIBC_HAS_MMU__ -D__UCLIBC__ -DLOGNUM=1 -DRGDB_BLOCK_OFFSET=0  -DDEFAULT_STORAGE_FS=\"EXT3\" -DCONFIG_MEM_HELPER_DISABLE=y'"
| #define SMARTMONTOOLS_CONFIGURE_DATE "2009/05/27 10:43:22 UTC"
| #define SMARTMONTOOLS_RELEASE_DATE "2008/03/10"
| #define SMARTMONTOOLS_RELEASE_TIME "10:44:07 GMT"
| #define CONFIG_H_CVSID "$Id: configure.in,v 1.134 2008/03/09 13:41:23 card_captor Exp $"
| #define PACKAGE_HOMEPAGE "http://smartmontools.sourceforge.net/"
| #define PACKAGE "smartmontools"
| #define VERSION "5.38"
| #define STDC_HEADERS 1
| #define HAVE_SYS_TYPES_H 1
| #define HAVE_SYS_STAT_H 1
| #define HAVE_STDLIB_H 1
| #define HAVE_STRING_H 1
| #define HAVE_MEMORY_H 1
| #define HAVE_STRINGS_H 1
| #define HAVE_INTTYPES_H 1
| #define HAVE_STDINT_H 1
| #define HAVE_UNISTD_H 1
| #define HAVE_LOCALE_H 1
| #define HAVE_GETOPT_H 1
| #define HAVE_NETDB_H 1
| #define HAVE_INTTYPES_H 1
| #define HAVE_STDINT_H 1
| /* end confdefs.h.  */
| #include <stdio.h>
| #ifdef HAVE_SYS_TYPES_H
| # include <sys/types.h>
| #endif
| #ifdef HAVE_SYS_STAT_H
| # include <sys/stat.h>
| #endif
| #ifdef STDC_HEADERS
| # include <stdlib.h>
| # include <stddef.h>
| #else
| # ifdef HAVE_STDLIB_H
| #  include <stdlib.h>
| # endif
| #endif
| #ifdef HAVE_STRING_H
| # if !defined STDC_HEADERS && defined HAVE_MEMORY_H
| #  include <memory.h>
| # endif
| # include <string.h>
| #endif
| #ifdef HAVE_STRINGS_H
| # include <strings.h>
| #endif
| #ifdef HAVE_INTTYPES_H
| # include <inttypes.h>
| #endif
| #ifdef HAVE_STDINT_H
| # include <stdint.h>
| #endif
| #ifdef HAVE_UNISTD_H
| # include <unistd.h>
| #endif
| #include <dev/ciss/cissio.h>
configure:6644: result: no
configure:6648: checking dev/ciss/cissio.h presence
configure:6663: /opt/storlink_920t_le/bin/arm_920t_le-g++ -E -I/home/jana/20090522/kernel/include conftest.cpp
conftest.cpp:31:29: dev/ciss/cissio.h: No such file or directory
configure:6669: $? = 1
configure: failed program was:
| /* confdefs.h.  */
| #define PACKAGE_NAME "smartmontools"
| #define PACKAGE_TARNAME "smartmontools"
| #define PACKAGE_VERSION "5.38"
| #define PACKAGE_STRING "smartmontools 5.38"
| #define PACKAGE_BUGREPORT "smartmontools-support@lists.sourceforge.net"
| #define SMARTMONTOOLS_CONFIGURE_ARGS " '--host=arm-linux-gnu' 'CXX=/opt/storlink_920t_le/bin/arm_920t_le-g++' 'AS=/opt/storlink_arm_920t_le_uclibc//bin/arm-linux-as' 'AR=/opt/storlink_arm_920t_le_uclibc//bin/arm-linux-ar' 'LD=/opt/storlink_arm_920t_le_uclibc//bin/arm-linux-ld' 'LDFLAGS=-static' 'RANLIB=/opt/storlink_arm_920t_le_uclibc//bin/arm-linux-ranlib' 'STRIP=/opt/storlink_arm_920t_le_uclibc//bin/arm-linux-strip' 'CPPFLAGS=-I/home/jana/20090522/kernel/include' 'host_alias=arm-linux-gnu' 'CC=/opt/storlink_arm_920t_le_uclibc//bin/arm-linux-gcc' 'CFLAGS=-Os -Wall -D__UCLIBC_HAS_MMU__ -D__UCLIBC__ -DLOGNUM=1 -DRGDB_BLOCK_OFFSET=0  -DDEFAULT_STORAGE_FS=\"EXT3\" -DCONFIG_MEM_HELPER_DISABLE=y'"
| #define SMARTMONTOOLS_CONFIGURE_DATE "2009/05/27 10:43:22 UTC"
| #define SMARTMONTOOLS_RELEASE_DATE "2008/03/10"
| #define SMARTMONTOOLS_RELEASE_TIME "10:44:07 GMT"
| #define CONFIG_H_CVSID "$Id: configure.in,v 1.134 2008/03/09 13:41:23 card_captor Exp $"
| #define PACKAGE_HOMEPAGE "http://smartmontools.sourceforge.net/"
| #define PACKAGE "smartmontools"
| #define VERSION "5.38"
| #define STDC_HEADERS 1
| #define HAVE_SYS_TYPES_H 1
| #define HAVE_SYS_STAT_H 1
| #define HAVE_STDLIB_H 1
| #define HAVE_STRING_H 1
| #define HAVE_MEMORY_H 1
| #define HAVE_STRINGS_H 1
| #define HAVE_INTTYPES_H 1
| #define HAVE_STDINT_H 1
| #define HAVE_UNISTD_H 1
| #define HAVE_LOCALE_H 1
| #define HAVE_GETOPT_H 1
| #define HAVE_NETDB_H 1
| #define HAVE_INTTYPES_H 1
| #define HAVE_STDINT_H 1
| /* end confdefs.h.  */
| #include <dev/ciss/cissio.h>
configure:6683: result: no
configure:6716: checking for dev/ciss/cissio.h
configure:6724: result: no
configure:6752: checking linux/compiler.h usability
configure:6769: /opt/storlink_920t_le/bin/arm_920t_le-g++ -c -g -O2 -I/home/jana/20090522/kernel/include conftest.cpp >&5
configure:6775: $? = 0
configure:6789: result: yes
configure:6793: checking linux/compiler.h presence
configure:6808: /opt/storlink_920t_le/bin/arm_920t_le-g++ -E -I/home/jana/20090522/kernel/include conftest.cpp
configure:6814: $? = 0
configure:6828: result: yes
configure:6861: checking for linux/compiler.h
configure:6869: result: yes
configure:6886: checking for linux/cciss_ioctl.h
configure:6911: /opt/storlink_920t_le/bin/arm_920t_le-g++ -c -g -O2 -I/home/jana/20090522/kernel/include conftest.cpp >&5
configure:6917: $? = 0
configure:6933: result: yes
configure:6945: checking for int64_t
configure:6975: /opt/storlink_920t_le/bin/arm_920t_le-g++ -c -g -O2 -I/home/jana/20090522/kernel/include conftest.cpp >&5
configure:6981: $? = 0
configure:6996: result: yes
configure:7006: checking for uint64_t
configure:7036: /opt/storlink_920t_le/bin/arm_920t_le-g++ -c -g -O2 -I/home/jana/20090522/kernel/include conftest.cpp >&5
configure:7042: $? = 0
configure:7057: result: yes
configure:7073: checking for getopt
configure:7129: /opt/storlink_920t_le/bin/arm_920t_le-g++ -o conftest -g -O2 -I/home/jana/20090522/kernel/include -static conftest.cpp  >&5
configure:7135: $? = 0
configure:7153: result: yes
configure:7167: checking for getopt_long
configure:7223: /opt/storlink_920t_le/bin/arm_920t_le-g++ -o conftest -g -O2 -I/home/jana/20090522/kernel/include -static conftest.cpp  >&5
configure:7229: $? = 0
configure:7247: result: yes
configure:7261: checking for getdomainname
configure:7317: /opt/storlink_920t_le/bin/arm_920t_le-g++ -o conftest -g -O2 -I/home/jana/20090522/kernel/include -static conftest.cpp  >&5
configure:7323: $? = 0
configure:7341: result: yes
configure:7355: checking for gethostname
configure:7411: /opt/storlink_920t_le/bin/arm_920t_le-g++ -o conftest -g -O2 -I/home/jana/20090522/kernel/include -static conftest.cpp  >&5
configure:7417: $? = 0
configure:7435: result: yes
configure:7449: checking for gethostbyname
configure:7505: /opt/storlink_920t_le/bin/arm_920t_le-g++ -o conftest -g -O2 -I/home/jana/20090522/kernel/include -static conftest.cpp  >&5
/tmp/ccEgDKYX.o: In function `main':
/home/jana/20090522/boards/wrgns01/apps/smartmontools/smartmontools-5.38/conftest.cpp:73: warning: Using 'gethostbyname' in statically linked applications requires at runtime the shared libraries from the glibc version used for linking
configure:7511: $? = 0
configure:7529: result: yes
configure:7543: checking for sigset
configure:7599: /opt/storlink_920t_le/bin/arm_920t_le-g++ -o conftest -g -O2 -I/home/jana/20090522/kernel/include -static conftest.cpp  >&5
configure:7605: $? = 0
configure:7623: result: yes
configure:7637: checking for strtoull
configure:7693: /opt/storlink_920t_le/bin/arm_920t_le-g++ -o conftest -g -O2 -I/home/jana/20090522/kernel/include -static conftest.cpp  >&5
configure:7699: $? = 0
configure:7717: result: yes
configure:7731: checking for uname
configure:7787: /opt/storlink_920t_le/bin/arm_920t_le-g++ -o conftest -g -O2 -I/home/jana/20090522/kernel/include -static conftest.cpp  >&5
configure:7793: $? = 0
configure:7811: result: yes
configure:7825: checking for working snprintf
configure:7886: result: no
configure:7892: checking whether C++ compiler supports __attribute__((packed))
configure:7915: /opt/storlink_920t_le/bin/arm_920t_le-g++ -c -g -O2 -I/home/jana/20090522/kernel/include conftest.cpp >&5
configure:7921: $? = 0
configure:7958: /opt/storlink_920t_le/bin/arm_920t_le-g++ -c -g -O2 -I/home/jana/20090522/kernel/include conftest.cpp >&5
configure:7964: $? = 0
configure:7985: result: yes
configure:8365: creating ./config.status

## ---------------------- ##
## Running config.status. ##
## ---------------------- ##

This file was extended by smartmontools config.status 5.38, which was
generated by GNU Autoconf 2.61.  Invocation command line was

  CONFIG_FILES    = 
  CONFIG_HEADERS  = 
  CONFIG_LINKS    = 
  CONFIG_COMMANDS = 
  $ ./config.status 

on enzo

config.status:680: creating Makefile
config.status:680: creating examplescripts/Makefile
config.status:680: creating config.h
config.status:977: executing depfiles commands
configure:9656: checking whether make sets $(MAKE)
configure:9677: result: yes

## ---------------- ##
## Cache variables. ##
## ---------------- ##

ac_cv_build=i686-pc-linux-gnu
ac_cv_c_compiler_gnu=yes
ac_cv_cxx_compiler_gnu=yes
ac_cv_env_CCASFLAGS_set=
ac_cv_env_CCASFLAGS_value=
ac_cv_env_CCAS_set=
ac_cv_env_CCAS_value=
ac_cv_env_CCC_set=
ac_cv_env_CCC_value=
ac_cv_env_CC_set=set
ac_cv_env_CC_value=/opt/storlink_arm_920t_le_uclibc//bin/arm-linux-gcc
ac_cv_env_CFLAGS_set=set
ac_cv_env_CFLAGS_value='-Os -Wall -D__UCLIBC_HAS_MMU__ -D__UCLIBC__ -DLOGNUM=1 -DRGDB_BLOCK_OFFSET=0  -DDEFAULT_STORAGE_FS=\"EXT3\" -DCONFIG_MEM_HELPER_DISABLE=y'
ac_cv_env_CPPFLAGS_set=set
ac_cv_env_CPPFLAGS_value=-I/home/jana/20090522/kernel/include
ac_cv_env_CXXCPP_set=
ac_cv_env_CXXCPP_value=
ac_cv_env_CXXFLAGS_set=
ac_cv_env_CXXFLAGS_value=
ac_cv_env_CXX_set=set
ac_cv_env_CXX_value=/opt/storlink_920t_le/bin/arm_920t_le-g++
ac_cv_env_LDFLAGS_set=set
ac_cv_env_LDFLAGS_value=-static
ac_cv_env_LIBS_set=
ac_cv_env_LIBS_value=
ac_cv_env_build_alias_set=
ac_cv_env_build_alias_value=
ac_cv_env_host_alias_set=set
ac_cv_env_host_alias_value=arm-linux-gnu
ac_cv_env_target_alias_set=
ac_cv_env_target_alias_value=
ac_cv_func_getdomainname=yes
ac_cv_func_gethostbyname=yes
ac_cv_func_gethostname=yes
ac_cv_func_getopt=yes
ac_cv_func_getopt_long=yes
ac_cv_func_sigset=yes
ac_cv_func_strtoull=yes
ac_cv_func_uname=yes
ac_cv_header_dev_ata_atavar_h=no
ac_cv_header_dev_ciss_cissio_h=no
ac_cv_header_getopt_h=yes
ac_cv_header_inttypes_h=yes
ac_cv_header_linux_cciss_ioctl_h=yes
ac_cv_header_linux_compiler_h=yes
ac_cv_header_locale_h=yes
ac_cv_header_memory_h=yes
ac_cv_header_netdb_h=yes
ac_cv_header_stdc=yes
ac_cv_header_stdint_h=yes
ac_cv_header_stdlib_h=yes
ac_cv_header_string_h=yes
ac_cv_header_strings_h=yes
ac_cv_header_sys_int_types_h=no
ac_cv_header_sys_inttypes_h=no
ac_cv_header_sys_stat_h=yes
ac_cv_header_sys_tw_osl_ioctl_h=no
ac_cv_header_sys_tweio_h=no
ac_cv_header_sys_twereg_h=no
ac_cv_header_sys_types_h=yes
ac_cv_header_unistd_h=yes
ac_cv_host=arm-unknown-linux-gnu
ac_cv_objext=o
ac_cv_path_EGREP='/bin/grep -E'
ac_cv_path_GREP=/bin/grep
ac_cv_path_install='/usr/bin/install -c'
ac_cv_path_mkdir=/bin/mkdir
ac_cv_prog_AWK=gawk
ac_cv_prog_CC=/opt/storlink_arm_920t_le_uclibc//bin/arm-linux-gcc
ac_cv_prog_CXXCPP='/opt/storlink_920t_le/bin/arm_920t_le-g++ -E'
ac_cv_prog_STRIP=/opt/storlink_arm_920t_le_uclibc//bin/arm-linux-strip
ac_cv_prog_cc_c89=
ac_cv_prog_cc_g=yes
ac_cv_prog_cxx_g=yes
ac_cv_prog_make_make_set=yes
ac_cv_search_gethostbyname='none required'
ac_cv_type_int64_t=yes
ac_cv_type_uint64_t=yes
am_cv_CCAS_dependencies_compiler_type=gcc3
am_cv_CC_dependencies_compiler_type=gcc3
am_cv_CXX_dependencies_compiler_type=gcc3

## ----------------- ##
## Output variables. ##
## ----------------- ##

ACLOCAL='${SHELL} /home/jana/20090522/boards/wrgns01/apps/smartmontools/smartmontools-5.38/missing --run aclocal-1.10'
AMDEPBACKSLASH='\'
AMDEP_FALSE='#'
AMDEP_TRUE=''
AMTAR='${SHELL} /home/jana/20090522/boards/wrgns01/apps/smartmontools/smartmontools-5.38/missing --run tar'
ASFLAGS=''
AUTOCONF='${SHELL} /home/jana/20090522/boards/wrgns01/apps/smartmontools/smartmontools-5.38/missing --run autoconf'
AUTOHEADER='${SHELL} /home/jana/20090522/boards/wrgns01/apps/smartmontools/smartmontools-5.38/missing --run autoheader'
AUTOMAKE='${SHELL} /home/jana/20090522/boards/wrgns01/apps/smartmontools/smartmontools-5.38/missing --run automake-1.10'
AWK='gawk'
CC='/opt/storlink_arm_920t_le_uclibc//bin/arm-linux-gcc'
CCAS='/opt/storlink_arm_920t_le_uclibc//bin/arm-linux-gcc'
CCASDEPMODE='depmode=gcc3'
CCASFLAGS='-Os -Wall -D__UCLIBC_HAS_MMU__ -D__UCLIBC__ -DLOGNUM=1 -DRGDB_BLOCK_OFFSET=0  -DDEFAULT_STORAGE_FS=\"EXT3\" -DCONFIG_MEM_HELPER_DISABLE=y'
CCDEPMODE='depmode=gcc3'
CFLAGS='-Os -Wall -D__UCLIBC_HAS_MMU__ -D__UCLIBC__ -DLOGNUM=1 -DRGDB_BLOCK_OFFSET=0  -DDEFAULT_STORAGE_FS=\"EXT3\" -DCONFIG_MEM_HELPER_DISABLE=y'
CPPFLAGS='-I/home/jana/20090522/kernel/include'
CXX='/opt/storlink_920t_le/bin/arm_920t_le-g++'
CXXCPP='/opt/storlink_920t_le/bin/arm_920t_le-g++ -E'
CXXDEPMODE='depmode=gcc3'
CXXFLAGS='-g -O2 -Wall -W'
CYGPATH_W='echo'
DEFS='-DHAVE_CONFIG_H'
DEPDIR='.deps'
ECHO_C=''
ECHO_N='-n'
ECHO_T=''
EGREP='/bin/grep -E'
EXEEXT=''
GREP='/bin/grep'
INSTALL_DATA='${INSTALL} -m 644'
INSTALL_PROGRAM='${INSTALL}'
INSTALL_SCRIPT='${INSTALL}'
INSTALL_STRIP_PROGRAM='$(install_sh) -c -s'
LDFLAGS='-static'
LIBOBJS=''
LIBS=''
LTLIBOBJS=''
MAINT='#'
MAINTAINER_MODE_FALSE=''
MAINTAINER_MODE_TRUE='#'
MAKEINFO='${SHELL} /home/jana/20090522/boards/wrgns01/apps/smartmontools/smartmontools-5.38/missing --run makeinfo'
OBJEXT='o'
OS_DARWIN_FALSE=''
OS_DARWIN_TRUE='#'
OS_SOLARIS_FALSE=''
OS_SOLARIS_TRUE='#'
OS_WIN32_MINGW_FALSE=''
OS_WIN32_MINGW_TRUE='#'
PACKAGE='smartmontools'
PACKAGE_BUGREPORT='smartmontools-support@lists.sourceforge.net'
PACKAGE_NAME='smartmontools'
PACKAGE_STRING='smartmontools 5.38'
PACKAGE_TARNAME='smartmontools'
PACKAGE_VERSION='5.38'
PATH_SEPARATOR=':'
SET_MAKE=''
SHELL='/bin/sh'
SMARTD_SUFFIX_FALSE=''
SMARTD_SUFFIX_TRUE='#'
STRIP='/opt/storlink_arm_920t_le_uclibc//bin/arm-linux-strip'
VERSION='5.38'
ac_ct_CC=''
ac_ct_CXX=''
am__fastdepCCAS_FALSE='#'
am__fastdepCCAS_TRUE=''
am__fastdepCC_FALSE='#'
am__fastdepCC_TRUE=''
am__fastdepCXX_FALSE='#'
am__fastdepCXX_TRUE=''
am__include='include'
am__isrc=''
am__leading_dot='.'
am__quote=''
am__tar='${AMTAR} chof - "$$tardir"'
am__untar='${AMTAR} xf -'
bindir='${exec_prefix}/bin'
build='i686-pc-linux-gnu'
build_alias=''
build_cpu='i686'
build_os='linux-gnu'
build_vendor='pc'
datadir='${datarootdir}'
datarootdir='${prefix}/share'
docdir='${prefix}/share/doc/${PACKAGE}-${VERSION}'
dvidir='${docdir}'
exampledir='${docdir}/examplescripts'
exec_prefix='${prefix}'
gcc_have_attr_packed='yes'
host='arm-unknown-linux-gnu'
host_alias='arm-linux-gnu'
host_cpu='arm'
host_os='linux-gnu'
host_vendor='unknown'
htmldir='${docdir}'
includedir='${prefix}/include'
infodir='${datarootdir}/info'
initddir='${sysconfdir}/rc.d/init.d'
install_sh='$(SHELL) /home/jana/20090522/boards/wrgns01/apps/smartmontools/smartmontools-5.38/install-sh'
libc_have_working_snprintf='no'
libdir='${exec_prefix}/lib'
libexecdir='${exec_prefix}/libexec'
localedir='${datarootdir}/locale'
localstatedir='${prefix}/var'
mandir='${datarootdir}/man'
mkdir_p='/bin/mkdir -p'
oldincludedir='/usr/include'
os_deps='os_linux.o cciss.o'
os_libs=''
pdfdir='${docdir}'
prefix='/usr/local'
program_transform_name='s,x,x,'
psdir='${docdir}'
releaseversion='${PACKAGE}-${VERSION}'
sbindir='${exec_prefix}/sbin'
sharedstatedir='${prefix}/com'
smartd_suffix=''
smartmontools_release_date='2008/03/10'
smartmontools_release_time='10:44:07 GMT'
sysconfdir='${prefix}/etc'
target_alias=''

## ----------- ##
## confdefs.h. ##
## ----------- ##

#define PACKAGE_NAME "smartmontools"
#define PACKAGE_TARNAME "smartmontools"
#define PACKAGE_VERSION "5.38"
#define PACKAGE_STRING "smartmontools 5.38"
#define PACKAGE_BUGREPORT "smartmontools-support@lists.sourceforge.net"
#define SMARTMONTOOLS_CONFIGURE_ARGS " '--host=arm-linux-gnu' 'CXX=/opt/storlink_920t_le/bin/arm_920t_le-g++' 'AS=/opt/storlink_arm_920t_le_uclibc//bin/arm-linux-as' 'AR=/opt/storlink_arm_920t_le_uclibc//bin/arm-linux-ar' 'LD=/opt/storlink_arm_920t_le_uclibc//bin/arm-linux-ld' 'LDFLAGS=-static' 'RANLIB=/opt/storlink_arm_920t_le_uclibc//bin/arm-linux-ranlib' 'STRIP=/opt/storlink_arm_920t_le_uclibc//bin/arm-linux-strip' 'CPPFLAGS=-I/home/jana/20090522/kernel/include' 'host_alias=arm-linux-gnu' 'CC=/opt/storlink_arm_920t_le_uclibc//bin/arm-linux-gcc' 'CFLAGS=-Os -Wall -D__UCLIBC_HAS_MMU__ -D__UCLIBC__ -DLOGNUM=1 -DRGDB_BLOCK_OFFSET=0  -DDEFAULT_STORAGE_FS=\"EXT3\" -DCONFIG_MEM_HELPER_DISABLE=y'"
#define SMARTMONTOOLS_CONFIGURE_DATE "2009/05/27 10:43:22 UTC"
#define SMARTMONTOOLS_RELEASE_DATE "2008/03/10"
#define SMARTMONTOOLS_RELEASE_TIME "10:44:07 GMT"
#define CONFIG_H_CVSID "$Id: configure.in,v 1.134 2008/03/09 13:41:23 card_captor Exp $"
#define PACKAGE_HOMEPAGE "http://smartmontools.sourceforge.net/"
#define PACKAGE "smartmontools"
#define VERSION "5.38"
#define STDC_HEADERS 1
#define HAVE_SYS_TYPES_H 1
#define HAVE_SYS_STAT_H 1
#define HAVE_STDLIB_H 1
#define HAVE_STRING_H 1
#define HAVE_MEMORY_H 1
#define HAVE_STRINGS_H 1
#define HAVE_INTTYPES_H 1
#define HAVE_STDINT_H 1
#define HAVE_UNISTD_H 1
#define HAVE_LOCALE_H 1
#define HAVE_GETOPT_H 1
#define HAVE_NETDB_H 1
#define HAVE_INTTYPES_H 1
#define HAVE_STDINT_H 1
#define HAVE_LINUX_COMPILER_H 1
#define HAVE_LINUX_CCISS_IOCTL_H 1
#define HAVE_INT64_T 1
#define HAVE_UINT64_T 1
#define HAVE_GETOPT 1
#define HAVE_GETOPT_LONG 1
#define HAVE_GETDOMAINNAME 1
#define HAVE_GETHOSTNAME 1
#define HAVE_GETHOSTBYNAME 1
#define HAVE_SIGSET 1
#define HAVE_STRTOULL 1
#define HAVE_UNAME 1
#define HAVE_ATTR_PACKED 1
#define SMARTMONTOOLS_BUILD_HOST "arm-unknown-linux-gnu"

configure: exit 0
