This file contains any messages produced by compilers while
running configure, to aid debugging if configure makes a mistake.

It was created by libusb configure 1.0.0, which was
generated by GNU Autoconf 2.63.  Invocation command line was

  $ ./libusb-1.0.0/configure --host=arm-linux-gnu CC=/opt/storlink_arm_920t_le_uclibc//bin/arm-linux-gcc AS=/opt/storlink_arm_920t_le_uclibc//bin/arm-linux-as AR=/opt/storlink_arm_920t_le_uclibc//bin/arm-linux-ar LD=/opt/storlink_arm_920t_le_uclibc//bin/arm-linux-ld RANLIB=/opt/storlink_arm_920t_le_uclibc//bin/arm-linux-ranlib STRIP=/opt/storlink_arm_920t_le_uclibc//bin/arm-linux-strip

## --------- ##
## Platform. ##
## --------- ##

hostname = mercedes
uname -m = i686
uname -r = 2.6.22.2-42.fc6
uname -s = Linux
uname -v = #1 SMP Wed Aug 15 11:32:12 EDT 2007

/usr/bin/uname -p = unknown
/bin/uname -X     = unknown

/bin/arch              = i686
/usr/bin/arch -k       = unknown
/usr/convex/getsysinfo = unknown
/usr/bin/hostinfo      = unknown
/bin/machine           = unknown
/usr/bin/oslevel       = unknown
/bin/universe          = unknown

PATH: /opt/storlink_arm_920t_le_uclibc/bin
PATH: /usr/kerberos/bin
PATH: /usr/local/bin
PATH: /bin
PATH: /usr/bin
PATH: /home/mark/bin


## ----------- ##
## Core tests. ##
## ----------- ##

configure:2077: checking for a BSD-compatible install
configure:2145: result: /usr/bin/install -c
configure:2156: checking whether build environment is sane
configure:2199: result: yes
configure:2224: checking for a thread-safe mkdir -p
configure:2263: result: /bin/mkdir -p
configure:2276: checking for gawk
configure:2292: found /bin/gawk
configure:2303: result: gawk
configure:2314: checking whether make sets $(MAKE)
configure:2336: result: yes
configure:2360: error: source directory already configured; run "make distclean" there first

## ---------------- ##
## Cache variables. ##
## ---------------- ##

ac_cv_env_CC_set=set
ac_cv_env_CC_value=/opt/storlink_arm_920t_le_uclibc//bin/arm-linux-gcc
ac_cv_env_CFLAGS_set=set
ac_cv_env_CFLAGS_value='-Os -Wall -D__UCLIBC_HAS_MMU__ -D__UCLIBC__ -DLOGNUM=1 -DRGDB_BLOCK_OFFSET=0  -DDEFAULT_STORAGE_FS=\"EXT3\"'
ac_cv_env_CPPFLAGS_set=
ac_cv_env_CPPFLAGS_value=
ac_cv_env_CPP_set=
ac_cv_env_CPP_value=
ac_cv_env_LDFLAGS_set=set
ac_cv_env_LDFLAGS_value=
ac_cv_env_LIBS_set=set
ac_cv_env_LIBS_value='-static -lusb'
ac_cv_env_build_alias_set=
ac_cv_env_build_alias_value=
ac_cv_env_host_alias_set=set
ac_cv_env_host_alias_value=arm-linux-gnu
ac_cv_env_target_alias_set=
ac_cv_env_target_alias_value=
ac_cv_path_install='/usr/bin/install -c'
ac_cv_path_mkdir=/bin/mkdir
ac_cv_prog_AWK=gawk
ac_cv_prog_make_make_set=yes

## ----------------- ##
## Output variables. ##
## ----------------- ##

ACLOCAL=''
AMDEPBACKSLASH=''
AMDEP_FALSE=''
AMDEP_TRUE=''
AMTAR=''
AM_CFLAGS=''
AR='/opt/storlink_arm_920t_le_uclibc//bin/arm-linux-ar'
AUTOCONF=''
AUTOHEADER=''
AUTOMAKE=''
AWK='gawk'
BUILD_EXAMPLES_FALSE=''
BUILD_EXAMPLES_TRUE=''
CC='/opt/storlink_arm_920t_le_uclibc//bin/arm-linux-gcc'
CCDEPMODE=''
CFLAGS='-Os -Wall -D__UCLIBC_HAS_MMU__ -D__UCLIBC__ -DLOGNUM=1 -DRGDB_BLOCK_OFFSET=0  -DDEFAULT_STORAGE_FS=\"EXT3\"'
CPP=''
CPPFLAGS=''
CYGPATH_W=''
DEFS=''
DEPDIR=''
DSYMUTIL=''
DUMPBIN=''
ECHO_C=''
ECHO_N='-n'
ECHO_T=''
EGREP=''
EXEEXT=''
FGREP=''
GREP=''
INSTALL_DATA='${INSTALL} -m 644'
INSTALL_PROGRAM='${INSTALL}'
INSTALL_SCRIPT='${INSTALL}'
INSTALL_STRIP_PROGRAM=''
LD='/opt/storlink_arm_920t_le_uclibc//bin/arm-linux-ld'
LDFLAGS=''
LIBOBJS=''
LIBS='-static -lusb'
LIBTOOL=''
LIPO=''
LN_S=''
LTLIBOBJS=''
MAKEINFO=''
MKDIR_P='/bin/mkdir -p'
NM=''
NMEDIT=''
OBJDUMP=''
OBJEXT=''
OS_LINUX=''
OS_LINUX_FALSE=''
OS_LINUX_TRUE=''
OTOOL64=''
OTOOL=''
PACKAGE=''
PACKAGE_BUGREPORT=''
PACKAGE_NAME='libusb'
PACKAGE_STRING='libusb 1.0.0'
PACKAGE_TARNAME='libusb'
PACKAGE_VERSION='1.0.0'
PATH_SEPARATOR=':'
RANLIB='/opt/storlink_arm_920t_le_uclibc//bin/arm-linux-ranlib'
SED=''
SET_MAKE=''
SHELL='/bin/sh'
STRIP='/opt/storlink_arm_920t_le_uclibc//bin/arm-linux-strip'
VERSION=''
ac_ct_CC=''
ac_ct_DUMPBIN=''
am__fastdepCC_FALSE=''
am__fastdepCC_TRUE=''
am__include=''
am__isrc=' -I$(srcdir)'
am__leading_dot='.'
am__quote=''
am__tar=''
am__untar=''
bindir='${exec_prefix}/bin'
build=''
build_alias=''
build_cpu=''
build_os=''
build_vendor=''
datadir='${datarootdir}'
datarootdir='${prefix}/share'
docdir='${datarootdir}/doc/${PACKAGE_TARNAME}'
dvidir='${docdir}'
exec_prefix='NONE'
host='arm-linux-gnu'
host_alias='arm-linux-gnu'
host_cpu=''
host_os=''
host_vendor=''
htmldir='${docdir}'
includedir='${prefix}/include'
infodir='${datarootdir}/info'
install_sh=''
libdir='${exec_prefix}/lib'
libexecdir='${exec_prefix}/libexec'
localedir='${datarootdir}/locale'
localstatedir='${prefix}/var'
lt_ECHO='echo'
lt_age=''
lt_major=''
lt_revision=''
mandir='${datarootdir}/man'
mkdir_p='/bin/mkdir -p'
oldincludedir='/usr/include'
pdfdir='${docdir}'
prefix='NONE'
program_transform_name='s,x,x,'
psdir='${docdir}'
sbindir='${exec_prefix}/sbin'
sharedstatedir='${prefix}/com'
sysconfdir='${prefix}/etc'
target_alias=''

## ----------- ##
## confdefs.h. ##
## ----------- ##

#define PACKAGE_NAME "libusb"
#define PACKAGE_TARNAME "libusb"
#define PACKAGE_VERSION "1.0.0"
#define PACKAGE_STRING "libusb 1.0.0"
#define PACKAGE_BUGREPORT ""

configure: exit 1
