This file contains any messages produced by compilers while
running configure, to aid debugging if configure makes a mistake.

It was created by configure, which was
generated by GNU Autoconf 2.53.  Invocation command line was

  $ ./configure 

## --------- ##
## Platform. ##
## --------- ##

hostname = redhat9
uname -m = i686
uname -r = 2.4.20-8
uname -s = Linux
uname -v = #1 Thu Mar 13 17:54:28 EST 2003

/usr/bin/uname -p = unknown
/bin/uname -X     = unknown

/bin/arch              = i686
/usr/bin/arch -k       = unknown
/usr/convex/getsysinfo = unknown
hostinfo               = unknown
/bin/machine           = unknown
/usr/bin/oslevel       = unknown
/bin/universe          = unknown

PATH: /usr/local/sbin
PATH: /usr/local/bin
PATH: /sbin
PATH: /bin
PATH: /usr/sbin
PATH: /usr/bin
PATH: /usr/X11R6/bin
PATH: /usr/local/ActiveTcl/bin


## ----------- ##
## Core tests. ##
## ----------- ##

configure:1226: checking for gcc
configure:1242: found /usr/bin/gcc
configure:1252: result: gcc
configure:1496: checking for C compiler version
configure:1499: gcc --version </dev/null >&5
gcc (GCC) 3.2.2 20030222 (Red Hat Linux 3.2.2-5)
Copyright (C) 2002 Free Software Foundation, Inc.
This is free software; see the source for copying conditions.  There is NO
warranty; not even for MERCHANTABILITY or FITNESS FOR A PARTICULAR PURPOSE.

configure:1502: $? = 0
configure:1504: gcc -v </dev/null >&5
Reading specs from /usr/lib/gcc-lib/i386-redhat-linux/3.2.2/specs
Configured with: ../configure --prefix=/usr --mandir=/usr/share/man --infodir=/usr/share/info --enable-shared --enable-threads=posix --disable-checking --with-system-zlib --enable-__cxa_atexit --host=i386-redhat-linux
Thread model: posix
gcc version 3.2.2 20030222 (Red Hat Linux 3.2.2-5)
configure:1507: $? = 0
configure:1509: gcc -V </dev/null >&5
gcc: argument to `-V' is missing
configure:1512: $? = 1
configure:1538: checking for C compiler default output
configure:1541: gcc    conftest.c  >&5
configure:1544: $? = 0
configure:1577: result: a.out
configure:1582: checking whether the C compiler works
configure:1588: ./a.out
configure:1591: $? = 0
configure:1606: result: yes
configure:1613: checking whether we are cross compiling
configure:1615: result: no
configure:1618: checking for suffix of executables
configure:1620: gcc -o conftest    conftest.c  >&5
configure:1623: $? = 0
configure:1645: result: 
configure:1651: checking for suffix of object files
configure:1675: gcc -c   conftest.c >&5
configure:1678: $? = 0
configure:1697: result: o
configure:1701: checking whether we are using the GNU C compiler
configure:1728: gcc -c   conftest.c >&5
configure:1731: $? = 0
configure:1734: test -s conftest.o
configure:1737: $? = 0
configure:1749: result: yes
configure:1755: checking whether gcc accepts -g
configure:1779: gcc -c -g  conftest.c >&5
configure:1782: $? = 0
configure:1785: test -s conftest.o
configure:1788: $? = 0
configure:1798: result: yes
configure:1825: gcc -c -g -O2  conftest.c >&5
conftest.c:2: parse error before "me"
configure:1828: $? = 1
configure: failed program was:
#ifndef __cplusplus
  choke me
#endif
configure:1975: checking for a BSD-compatible install
configure:2029: result: /usr/bin/install -c
configure:2048: checking how to run the C preprocessor
configure:2074: gcc -E  conftest.c
configure:2080: $? = 0
configure:2107: gcc -E  conftest.c
configure:2103:28: ac_nonexistent.h: No such file or directory
configure:2113: $? = 1
configure: failed program was:
#line 2102 "configure"
#include "confdefs.h"
#include <ac_nonexistent.h>
configure:2150: result: gcc -E
configure:2165: gcc -E  conftest.c
configure:2171: $? = 0
configure:2198: gcc -E  conftest.c
configure:2194:28: ac_nonexistent.h: No such file or directory
configure:2204: $? = 1
configure: failed program was:
#line 2193 "configure"
#include "confdefs.h"
#include <ac_nonexistent.h>
configure:2244: checking for ANSI C header files
configure:2258: gcc -E  conftest.c
configure:2264: $? = 0
configure:2349: gcc -o conftest -g -O2   conftest.c  >&5
configure:2352: $? = 0
configure:2354: ./conftest
configure:2357: $? = 0
configure:2371: result: yes
configure:2395: checking for sys/types.h
configure:2408: gcc -c -g -O2  conftest.c >&5
configure:2411: $? = 0
configure:2414: test -s conftest.o
configure:2417: $? = 0
configure:2427: result: yes
configure:2395: checking for sys/stat.h
configure:2408: gcc -c -g -O2  conftest.c >&5
configure:2411: $? = 0
configure:2414: test -s conftest.o
configure:2417: $? = 0
configure:2427: result: yes
configure:2395: checking for stdlib.h
configure:2408: gcc -c -g -O2  conftest.c >&5
configure:2411: $? = 0
configure:2414: test -s conftest.o
configure:2417: $? = 0
configure:2427: result: yes
configure:2395: checking for string.h
configure:2408: gcc -c -g -O2  conftest.c >&5
configure:2411: $? = 0
configure:2414: test -s conftest.o
configure:2417: $? = 0
configure:2427: result: yes
configure:2395: checking for memory.h
configure:2408: gcc -c -g -O2  conftest.c >&5
configure:2411: $? = 0
configure:2414: test -s conftest.o
configure:2417: $? = 0
configure:2427: result: yes
configure:2395: checking for strings.h
configure:2408: gcc -c -g -O2  conftest.c >&5
configure:2411: $? = 0
configure:2414: test -s conftest.o
configure:2417: $? = 0
configure:2427: result: yes
configure:2395: checking for inttypes.h
configure:2408: gcc -c -g -O2  conftest.c >&5
configure:2411: $? = 0
configure:2414: test -s conftest.o
configure:2417: $? = 0
configure:2427: result: yes
configure:2395: checking for stdint.h
configure:2408: gcc -c -g -O2  conftest.c >&5
configure:2411: $? = 0
configure:2414: test -s conftest.o
configure:2417: $? = 0
configure:2427: result: yes
configure:2395: checking for unistd.h
configure:2408: gcc -c -g -O2  conftest.c >&5
configure:2411: $? = 0
configure:2414: test -s conftest.o
configure:2417: $? = 0
configure:2427: result: yes
configure:2455: checking sys/time.h usability
configure:2464: gcc -c -g -O2  conftest.c >&5
configure:2467: $? = 0
configure:2470: test -s conftest.o
configure:2473: $? = 0
configure:2482: result: yes
configure:2486: checking sys/time.h presence
configure:2493: gcc -E  conftest.c
configure:2499: $? = 0
configure:2517: result: yes
configure:2535: checking for sys/time.h
configure:2542: result: yes
configure:2455: checking syslog.h usability
configure:2464: gcc -c -g -O2  conftest.c >&5
configure:2467: $? = 0
configure:2470: test -s conftest.o
configure:2473: $? = 0
configure:2482: result: yes
configure:2486: checking syslog.h presence
configure:2493: gcc -E  conftest.c
configure:2499: $? = 0
configure:2517: result: yes
configure:2535: checking for syslog.h
configure:2542: result: yes
configure:2446: checking for unistd.h
configure:2451: result: yes
configure:2556: checking for gcc option to accept ANSI C
configure:2619: gcc  -c -g -O2  conftest.c >&5
configure:2622: $? = 0
configure:2625: test -s conftest.o
configure:2628: $? = 0
configure:2645: result: none needed
configure:2653: checking for an ANSI C-conforming const
configure:2723: gcc -c -g -O2  conftest.c >&5
configure:2726: $? = 0
configure:2729: test -s conftest.o
configure:2732: $? = 0
configure:2742: result: yes
configure:2752: checking whether time.h and sys/time.h may both be included
configure:2780: gcc -c -g -O2  conftest.c >&5
configure:2783: $? = 0
configure:2786: test -s conftest.o
configure:2789: $? = 0
configure:2799: result: yes
configure:2810: checking return type of signal handlers
configure:2844: gcc -c -g -O2  conftest.c >&5
configure:2847: $? = 0
configure:2850: test -s conftest.o
configure:2853: $? = 0
configure:2863: result: void
configure:2875: checking for vprintf
configure:2918: gcc -o conftest -g -O2   conftest.c  >&5
configure:2921: $? = 0
configure:2924: test -s conftest
configure:2927: $? = 0
configure:2937: result: yes
configure:2944: checking for _doprnt
configure:2987: gcc -o conftest -g -O2   conftest.c  >&5
/tmp/ccaMgfbg.o(.text+0xf): In function `main':
/home/joel/project/bpalogin-2.0.2/configure:2977: undefined reference to `_doprnt'
collect2: ld returned 1 exit status
configure:2990: $? = 1
configure: failed program was:
#line 2949 "configure"
#include "confdefs.h"
/* System header to define __stub macros and hopefully few prototypes,
    which can conflict with char _doprnt (); below.  */
#include <assert.h>
/* Override any gcc2 internal prototype to avoid an error.  */
#ifdef __cplusplus
extern "C"
#endif
/* We use char because int might match the return type of a gcc2
   builtin and then its argument prototype would still apply.  */
char _doprnt ();
char (*f) ();

#ifdef F77_DUMMY_MAIN
#  ifdef __cplusplus
     extern "C"
#  endif
   int F77_DUMMY_MAIN() { return 1; }
#endif
int
main ()
{
/* The GNU C library defines this for functions which it implements
    to always fail with ENOSYS.  Some functions are actually named
    something starting with __ and the normal name is an alias.  */
#if defined (__stub__doprnt) || defined (__stub____doprnt)
choke me
#else
f = _doprnt;
#endif

  ;
  return 0;
}
configure:3006: result: no
configure:3027: checking for select
configure:3070: gcc -o conftest -g -O2   conftest.c  >&5
configure:3073: $? = 0
configure:3076: test -s conftest
configure:3079: $? = 0
configure:3089: result: yes
configure:3027: checking for socket
configure:3070: gcc -o conftest -g -O2   conftest.c  >&5
configure:3073: $? = 0
configure:3076: test -s conftest
configure:3079: $? = 0
configure:3089: result: yes
configure:3027: checking for strcspn
configure:3070: gcc -o conftest -g -O2   conftest.c  >&5
configure:3042: warning: conflicting types for built-in function `strcspn'
configure:3073: $? = 0
configure:3076: test -s conftest
configure:3079: $? = 0
configure:3089: result: yes
configure:3027: checking for strerror
configure:3070: gcc -o conftest -g -O2   conftest.c  >&5
configure:3073: $? = 0
configure:3076: test -s conftest
configure:3079: $? = 0
configure:3089: result: yes
configure:3100: checking for gethostbyname in -lnsl
configure:3133: gcc -o conftest -g -O2   conftest.c -lnsl   >&5
configure:3136: $? = 0
configure:3139: test -s conftest
configure:3142: $? = 0
configure:3153: result: yes
configure:3165: checking for connect in -lsocket
configure:3198: gcc -o conftest -g -O2   conftest.c -lsocket  -lnsl  >&5
/usr/bin/ld: cannot find -lsocket
collect2: ld returned 1 exit status
configure:3201: $? = 1
configure: failed program was:
#line 3172 "configure"
#include "confdefs.h"

/* Override any gcc2 internal prototype to avoid an error.  */
#ifdef __cplusplus
extern "C"
#endif
/* We use char because int might match the return type of a gcc2
   builtin and then its argument prototype would still apply.  */
char connect ();
#ifdef F77_DUMMY_MAIN
#  ifdef __cplusplus
     extern "C"
#  endif
   int F77_DUMMY_MAIN() { return 1; }
#endif
int
main ()
{
connect ();
  ;
  return 0;
}
configure:3218: result: no
configure:3232: checking for chkconfig
configure:3250: found /sbin/chkconfig
configure:3262: result: /sbin/chkconfig
configure:3271: checking for sed
configure:3289: found /bin/sed
configure:3301: result: /bin/sed
configure:3420: creating ./config.status

## ---------------------- ##
## Running config.status. ##
## ---------------------- ##

This file was extended by config.status, which was
generated by GNU Autoconf 2.53.  Invocation command line was

  CONFIG_FILES    = 
  CONFIG_HEADERS  = 
  CONFIG_LINKS    = 
  CONFIG_COMMANDS = 
  $ ./config.status 

on redhat9

config.status:560: creating Makefile

## ---------------- ##
## Cache variables. ##
## ---------------- ##

ac_cv_c_compiler_gnu=yes
ac_cv_c_const=yes
ac_cv_env_CC_set=
ac_cv_env_CC_value=
ac_cv_env_CFLAGS_set=
ac_cv_env_CFLAGS_value=
ac_cv_env_CPPFLAGS_set=
ac_cv_env_CPPFLAGS_value=
ac_cv_env_CPP_set=
ac_cv_env_CPP_value=
ac_cv_env_LDFLAGS_set=
ac_cv_env_LDFLAGS_value=
ac_cv_env_build_alias_set=
ac_cv_env_build_alias_value=
ac_cv_env_host_alias_set=
ac_cv_env_host_alias_value=
ac_cv_env_target_alias_set=
ac_cv_env_target_alias_value=
ac_cv_exeext=
ac_cv_func__doprnt=no
ac_cv_func_select=yes
ac_cv_func_socket=yes
ac_cv_func_strcspn=yes
ac_cv_func_strerror=yes
ac_cv_func_vprintf=yes
ac_cv_header_inttypes_h=yes
ac_cv_header_memory_h=yes
ac_cv_header_stdc=yes
ac_cv_header_stdint_h=yes
ac_cv_header_stdlib_h=yes
ac_cv_header_string_h=yes
ac_cv_header_strings_h=yes
ac_cv_header_sys_stat_h=yes
ac_cv_header_sys_time_h=yes
ac_cv_header_sys_types_h=yes
ac_cv_header_syslog_h=yes
ac_cv_header_time=yes
ac_cv_header_unistd_h=yes
ac_cv_lib_nsl_gethostbyname=yes
ac_cv_lib_socket_connect=no
ac_cv_objext=o
ac_cv_path_CHKCONFIG=/sbin/chkconfig
ac_cv_path_SED=/bin/sed
ac_cv_path_install='/usr/bin/install -c'
ac_cv_prog_CPP='gcc -E'
ac_cv_prog_ac_ct_CC=gcc
ac_cv_prog_cc_g=yes
ac_cv_prog_cc_stdc=
ac_cv_type_signal=void

## ----------- ##
## confdefs.h. ##
## ----------- ##

#define PACKAGE_NAME ""
#define PACKAGE_TARNAME ""
#define PACKAGE_VERSION ""
#define PACKAGE_STRING ""
#define PACKAGE_BUGREPORT ""
#define STDC_HEADERS 1
#define HAVE_SYS_TYPES_H 1
#define HAVE_SYS_STAT_H 1
#define HAVE_STDLIB_H 1
#define HAVE_STRING_H 1
#define HAVE_MEMORY_H 1
#define HAVE_STRINGS_H 1
#define HAVE_INTTYPES_H 1
#define HAVE_STDINT_H 1
#define HAVE_UNISTD_H 1
#define HAVE_SYS_TIME_H 1
#define HAVE_SYSLOG_H 1
#define HAVE_UNISTD_H 1
#define TIME_WITH_SYS_TIME 1
#define RETSIGTYPE void
#define HAVE_VPRINTF 1
#define HAVE_SELECT 1
#define HAVE_SOCKET 1
#define HAVE_STRCSPN 1
#define HAVE_STRERROR 1
#define HAVE_LIBNSL 1

configure: exit 0
