This file contains any messages produced by compilers while
running configure, to aid debugging if configure makes a mistake.

It was created by libpng configure 1.2.25, which was
generated by GNU Autoconf 2.61.  Invocation command line was

  $ ./configure --host=arm-linux --prefix=/home/sam_pan/workspace2/progs.gpl/DFB CC=/opt/storlink_arm_920t_le_uclibc//bin/arm-linux-gcc CFLAGS=-I/home/sam_pan/workspace2/progs.gpl/DFB/include LDFLAGS=-L/home/sam_pan/workspace2/progs.gpl/DFB/lib

## --------- ##
## Platform. ##
## --------- ##

hostname = enzo
uname -m = i686
uname -r = 2.6.18-1.2798.fc6
uname -s = Linux
uname -v = #1 SMP Mon Oct 16 14:54:20 EDT 2006

/usr/bin/uname -p = unknown
/bin/uname -X     = unknown

/bin/arch              = i686
/usr/bin/arch -k       = unknown
/usr/convex/getsysinfo = unknown
/usr/bin/hostinfo      = unknown
/bin/machine           = unknown
/usr/bin/oslevel       = unknown
/bin/universe          = unknown

PATH: /opt/storlink_arm_920t_le_uclibc/bin
PATH: /usr/kerberos/bin
PATH: /usr/local/bin
PATH: /bin
PATH: /usr/bin
PATH: /home/sam_pan/bin


## ----------- ##
## Core tests. ##
## ----------- ##

configure:1852: loading site script /home/sam_pan/workspace2/progs.gpl/DFB/share/config.site
| #! /bin/bash
| 
| CC=/opt/storlink_arm_920t_le_uclibc//bin/arm-linux-gcc
| CXX=/opt/storlink_arm_920t_le_uclibc//bin/arm-linux-g++ 
| AR=/opt/storlink_arm_920t_le_uclibc//bin/arm-linux-ar 
| RANLIB=/opt/storlink_arm_920t_le_uclibc//bin/arm-linux-ranlib 
| LD=/opt/storlink_arm_920t_le_uclibc//bin/arm-linux-ld  
| CFLAGS=-I/home/sam_pan/workspace2/progs.gpl/DFB/include 
| LDFLAGS=-L/home/sam_pan/workspace2/progs.gpl/DFB/lib 
| prefix=/home/sam_pan/workspace2/progs.gpl/DFB
| #FREETYPE_CFLAGS= -I/usr/include/freetype2
| 
configure:2001: checking for a BSD-compatible install
configure:2057: result: /usr/bin/install -c
configure:2068: checking whether build environment is sane
configure:2111: result: yes
configure:2176: checking for gawk
configure:2192: found /bin/gawk
configure:2203: result: gawk
configure:2214: checking whether make sets $(MAKE)
configure:2235: result: yes
configure:2311: checking for arm-linux-strip
configure:2327: found /opt/storlink_arm_920t_le_uclibc/bin/arm-linux-strip
configure:2338: result: arm-linux-strip
configure:2419: checking whether to enable maintainer-specific portions of Makefiles
configure:2428: result: no
configure:2463: checking for arm-linux-gcc
configure:2490: result: /opt/storlink_arm_920t_le_uclibc//bin/arm-linux-gcc
configure:2768: checking for C compiler version
configure:2775: /opt/storlink_arm_920t_le_uclibc//bin/arm-linux-gcc --version >&5
arm-linux-gcc (GCC) 3.4.6
Copyright (C) 2006 Free Software Foundation, Inc.
This is free software; see the source for copying conditions.  There is NO
warranty; not even for MERCHANTABILITY or FITNESS FOR A PARTICULAR PURPOSE.

configure:2778: $? = 0
configure:2785: /opt/storlink_arm_920t_le_uclibc//bin/arm-linux-gcc -v >&5
Reading specs from /spaces/opt/storlink_arm_920t_le_uclibc/bin/../lib/gcc/arm-linux-uclibc/3.4.6/specs
Configured with: /home/joely/storm/buildroot/buildroot4/toolchain_build_arm/gcc-3.4.6/configure --prefix=/opt/storlink_arm_920t_le_uclibc --build=i386-pc-linux-gnu --host=i386-pc-linux-gnu --target=arm-linux-uclibc --enable-languages=c --disable-__cxa_atexit --enable-target-optspace --with-gnu-ld --enable-shared --disable-nls --enable-threads --disable-multilib --with-float=soft --enable-sjlj-exceptions
Thread model: posix
gcc version 3.4.6
configure:2788: $? = 0
configure:2795: /opt/storlink_arm_920t_le_uclibc//bin/arm-linux-gcc -V >&5
arm-linux-gcc: `-V' option must have argument
configure:2798: $? = 1
configure:2821: checking for C compiler default output file name
configure:2848: /opt/storlink_arm_920t_le_uclibc//bin/arm-linux-gcc -I/home/sam_pan/workspace2/progs.gpl/DFB/include  -L/home/sam_pan/workspace2/progs.gpl/DFB/lib conftest.c  >&5
configure:2851: $? = 0
configure:2889: result: a.out
configure:2906: checking whether the C compiler works
configure:2916: ./a.out
./configure: line 2917: ./a.out: cannot execute binary file
configure:2919: $? = 126
configure:2936: result: yes
configure:2943: checking whether we are cross compiling
configure:2945: result: yes
configure:2948: checking for suffix of executables
configure:2955: /opt/storlink_arm_920t_le_uclibc//bin/arm-linux-gcc -o conftest -I/home/sam_pan/workspace2/progs.gpl/DFB/include  -L/home/sam_pan/workspace2/progs.gpl/DFB/lib conftest.c  >&5
configure:2958: $? = 0
configure:2982: result: 
configure:2988: checking for suffix of object files
configure:3014: /opt/storlink_arm_920t_le_uclibc//bin/arm-linux-gcc -c -I/home/sam_pan/workspace2/progs.gpl/DFB/include  conftest.c >&5
configure:3017: $? = 0
configure:3040: result: o
configure:3044: checking whether we are using the GNU C compiler
configure:3073: /opt/storlink_arm_920t_le_uclibc//bin/arm-linux-gcc -c -I/home/sam_pan/workspace2/progs.gpl/DFB/include  conftest.c >&5
configure:3079: $? = 0
configure:3096: result: yes
configure:3101: checking whether /opt/storlink_arm_920t_le_uclibc//bin/arm-linux-gcc accepts -g
configure:3131: /opt/storlink_arm_920t_le_uclibc//bin/arm-linux-gcc -c -g  conftest.c >&5
configure:3137: $? = 0
configure:3236: result: yes
configure:3253: checking for /opt/storlink_arm_920t_le_uclibc//bin/arm-linux-gcc option to accept ISO C89
configure:3327: /opt/storlink_arm_920t_le_uclibc//bin/arm-linux-gcc  -c -I/home/sam_pan/workspace2/progs.gpl/DFB/include  conftest.c >&5
configure:3333: $? = 0
configure:3356: result: none needed
configure:3385: checking for style of include used by make
configure:3413: result: GNU
configure:3441: checking dependency style of /opt/storlink_arm_920t_le_uclibc//bin/arm-linux-gcc
configure:3531: result: gcc3
configure:3548: checking for a sed that does not truncate output
configure:3604: result: /bin/sed
configure:3613: checking build system type
configure:3631: result: i686-pc-linux-uclibc
configure:3653: checking host system type
configure:3668: result: arm-unknown-linux-gnu
configure:3690: checking for grep that handles long lines and -e
configure:3764: result: /bin/grep
configure:3769: checking for egrep
configure:3847: result: /bin/grep -E
configure:3863: checking for ld used by /opt/storlink_arm_920t_le_uclibc//bin/arm-linux-gcc
configure:3930: result: /opt/storlink_arm_920t_le_uclibc//bin/arm-linux-ld
configure:3939: checking if the linker (/opt/storlink_arm_920t_le_uclibc//bin/arm-linux-ld) is GNU ld
configure:3954: result: yes
configure:3964: checking how to run the C preprocessor
configure:4004: /opt/storlink_arm_920t_le_uclibc//bin/arm-linux-gcc -E  conftest.c
configure:4010: $? = 0
configure:4041: /opt/storlink_arm_920t_le_uclibc//bin/arm-linux-gcc -E  conftest.c
conftest.c:10:28: ac_nonexistent.h: No such file or directory
configure:4047: $? = 1
configure: failed program was:
| /* confdefs.h.  */
| #define PACKAGE_NAME "libpng"
| #define PACKAGE_TARNAME "libpng"
| #define PACKAGE_VERSION "1.2.25"
| #define PACKAGE_STRING "libpng 1.2.25"
| #define PACKAGE_BUGREPORT "png-mng-implement@lists.sourceforge.net"
| #define PACKAGE "libpng"
| #define VERSION "1.2.25"
| /* end confdefs.h.  */
| #include <ac_nonexistent.h>
configure:4080: result: /opt/storlink_arm_920t_le_uclibc//bin/arm-linux-gcc -E
configure:4109: /opt/storlink_arm_920t_le_uclibc//bin/arm-linux-gcc -E  conftest.c
configure:4115: $? = 0
configure:4146: /opt/storlink_arm_920t_le_uclibc//bin/arm-linux-gcc -E  conftest.c
conftest.c:10:28: ac_nonexistent.h: No such file or directory
configure:4152: $? = 1
configure: failed program was:
| /* confdefs.h.  */
| #define PACKAGE_NAME "libpng"
| #define PACKAGE_TARNAME "libpng"
| #define PACKAGE_VERSION "1.2.25"
| #define PACKAGE_STRING "libpng 1.2.25"
| #define PACKAGE_BUGREPORT "png-mng-implement@lists.sourceforge.net"
| #define PACKAGE "libpng"
| #define VERSION "1.2.25"
| /* end confdefs.h.  */
| #include <ac_nonexistent.h>
configure:4192: checking for arm-linux-sed
configure:4219: result: /bin/sed
configure:4298: checking for a BSD-compatible install
configure:4354: result: /usr/bin/install -c
configure:4365: checking whether ln -s works
configure:4369: result: yes
configure:4376: checking whether make sets $(MAKE)
configure:4397: result: yes
configure:4478: checking for /opt/storlink_arm_920t_le_uclibc//bin/arm-linux-ld option to reload object files
configure:4485: result: -r
configure:4503: checking for BSD-compatible nm
configure:4552: result: /opt/storlink_arm_920t_le_uclibc/bin/arm-linux-nm -B
configure:4556: checking how to recognize dependent libraries
configure:4742: result: pass_all
configure:4979: checking for ANSI C header files
configure:5009: /opt/storlink_arm_920t_le_uclibc//bin/arm-linux-gcc -c -I/home/sam_pan/workspace2/progs.gpl/DFB/include  conftest.c >&5
configure:5015: $? = 0
configure:5143: result: yes
configure:5167: checking for sys/types.h
configure:5188: /opt/storlink_arm_920t_le_uclibc//bin/arm-linux-gcc -c -I/home/sam_pan/workspace2/progs.gpl/DFB/include  conftest.c >&5
configure:5194: $? = 0
configure:5210: result: yes
configure:5167: checking for sys/stat.h
configure:5188: /opt/storlink_arm_920t_le_uclibc//bin/arm-linux-gcc -c -I/home/sam_pan/workspace2/progs.gpl/DFB/include  conftest.c >&5
configure:5194: $? = 0
configure:5210: result: yes
configure:5167: checking for stdlib.h
configure:5188: /opt/storlink_arm_920t_le_uclibc//bin/arm-linux-gcc -c -I/home/sam_pan/workspace2/progs.gpl/DFB/include  conftest.c >&5
configure:5194: $? = 0
configure:5210: result: yes
configure:5167: checking for string.h
configure:5188: /opt/storlink_arm_920t_le_uclibc//bin/arm-linux-gcc -c -I/home/sam_pan/workspace2/progs.gpl/DFB/include  conftest.c >&5
configure:5194: $? = 0
configure:5210: result: yes
configure:5167: checking for memory.h
configure:5188: /opt/storlink_arm_920t_le_uclibc//bin/arm-linux-gcc -c -I/home/sam_pan/workspace2/progs.gpl/DFB/include  conftest.c >&5
configure:5194: $? = 0
configure:5210: result: yes
configure:5167: checking for strings.h
configure:5188: /opt/storlink_arm_920t_le_uclibc//bin/arm-linux-gcc -c -I/home/sam_pan/workspace2/progs.gpl/DFB/include  conftest.c >&5
configure:5194: $? = 0
configure:5210: result: yes
configure:5167: checking for inttypes.h
configure:5188: /opt/storlink_arm_920t_le_uclibc//bin/arm-linux-gcc -c -I/home/sam_pan/workspace2/progs.gpl/DFB/include  conftest.c >&5
configure:5194: $? = 0
configure:5210: result: yes
configure:5167: checking for stdint.h
configure:5188: /opt/storlink_arm_920t_le_uclibc//bin/arm-linux-gcc -c -I/home/sam_pan/workspace2/progs.gpl/DFB/include  conftest.c >&5
configure:5194: $? = 0
configure:5210: result: yes
configure:5167: checking for unistd.h
configure:5188: /opt/storlink_arm_920t_le_uclibc//bin/arm-linux-gcc -c -I/home/sam_pan/workspace2/progs.gpl/DFB/include  conftest.c >&5
configure:5194: $? = 0
configure:5210: result: yes
configure:5237: checking dlfcn.h usability
configure:5254: /opt/storlink_arm_920t_le_uclibc//bin/arm-linux-gcc -c -I/home/sam_pan/workspace2/progs.gpl/DFB/include  conftest.c >&5
configure:5260: $? = 0
configure:5274: result: yes
configure:5278: checking dlfcn.h presence
configure:5293: /opt/storlink_arm_920t_le_uclibc//bin/arm-linux-gcc -E  conftest.c
configure:5299: $? = 0
configure:5313: result: yes
configure:5346: checking for dlfcn.h
configure:5354: result: yes
configure:5483: checking for C++ compiler version
configure:5490: /opt/storlink_arm_920t_le_uclibc//bin/arm-linux-g++ --version >&5
./configure: line 5491: /opt/storlink_arm_920t_le_uclibc//bin/arm-linux-g++: No such file or directory
configure:5493: $? = 127
configure:5500: /opt/storlink_arm_920t_le_uclibc//bin/arm-linux-g++ -v >&5
./configure: line 5501: /opt/storlink_arm_920t_le_uclibc//bin/arm-linux-g++: No such file or directory
configure:5503: $? = 127
configure:5510: /opt/storlink_arm_920t_le_uclibc//bin/arm-linux-g++ -V >&5
./configure: line 5511: /opt/storlink_arm_920t_le_uclibc//bin/arm-linux-g++: No such file or directory
configure:5513: $? = 127
configure:5516: checking whether we are using the GNU C++ compiler
configure:5545: /opt/storlink_arm_920t_le_uclibc//bin/arm-linux-g++ -c   conftest.cpp >&5
./configure: line 5546: /opt/storlink_arm_920t_le_uclibc//bin/arm-linux-g++: No such file or directory
configure:5551: $? = 127
configure: failed program was:
| /* confdefs.h.  */
| #define PACKAGE_NAME "libpng"
| #define PACKAGE_TARNAME "libpng"
| #define PACKAGE_VERSION "1.2.25"
| #define PACKAGE_STRING "libpng 1.2.25"
| #define PACKAGE_BUGREPORT "png-mng-implement@lists.sourceforge.net"
| #define PACKAGE "libpng"
| #define VERSION "1.2.25"
| #define STDC_HEADERS 1
| #define HAVE_SYS_TYPES_H 1
| #define HAVE_SYS_STAT_H 1
| #define HAVE_STDLIB_H 1
| #define HAVE_STRING_H 1
| #define HAVE_MEMORY_H 1
| #define HAVE_STRINGS_H 1
| #define HAVE_INTTYPES_H 1
| #define HAVE_STDINT_H 1
| #define HAVE_UNISTD_H 1
| #define HAVE_DLFCN_H 1
| /* end confdefs.h.  */
| 
| int
| main ()
| {
| #ifndef __GNUC__
|        choke me
| #endif
| 
|   ;
|   return 0;
| }
configure:5568: result: no
configure:5573: checking whether /opt/storlink_arm_920t_le_uclibc//bin/arm-linux-g++ accepts -g
configure:5603: /opt/storlink_arm_920t_le_uclibc//bin/arm-linux-g++ -c -g  conftest.cpp >&5
./configure: line 5604: /opt/storlink_arm_920t_le_uclibc//bin/arm-linux-g++: No such file or directory
configure:5609: $? = 127
configure: failed program was:
| /* confdefs.h.  */
| #define PACKAGE_NAME "libpng"
| #define PACKAGE_TARNAME "libpng"
| #define PACKAGE_VERSION "1.2.25"
| #define PACKAGE_STRING "libpng 1.2.25"
| #define PACKAGE_BUGREPORT "png-mng-implement@lists.sourceforge.net"
| #define PACKAGE "libpng"
| #define VERSION "1.2.25"
| #define STDC_HEADERS 1
| #define HAVE_SYS_TYPES_H 1
| #define HAVE_SYS_STAT_H 1
| #define HAVE_STDLIB_H 1
| #define HAVE_STRING_H 1
| #define HAVE_MEMORY_H 1
| #define HAVE_STRINGS_H 1
| #define HAVE_INTTYPES_H 1
| #define HAVE_STDINT_H 1
| #define HAVE_UNISTD_H 1
| #define HAVE_DLFCN_H 1
| /* end confdefs.h.  */
| 
| int
| main ()
| {
| 
|   ;
|   return 0;
| }
configure:5641: /opt/storlink_arm_920t_le_uclibc//bin/arm-linux-g++ -c   conftest.cpp >&5
./configure: line 5642: /opt/storlink_arm_920t_le_uclibc//bin/arm-linux-g++: No such file or directory
configure:5647: $? = 127
configure: failed program was:
| /* confdefs.h.  */
| #define PACKAGE_NAME "libpng"
| #define PACKAGE_TARNAME "libpng"
| #define PACKAGE_VERSION "1.2.25"
| #define PACKAGE_STRING "libpng 1.2.25"
| #define PACKAGE_BUGREPORT "png-mng-implement@lists.sourceforge.net"
| #define PACKAGE "libpng"
| #define VERSION "1.2.25"
| #define STDC_HEADERS 1
| #define HAVE_SYS_TYPES_H 1
| #define HAVE_SYS_STAT_H 1
| #define HAVE_STDLIB_H 1
| #define HAVE_STRING_H 1
| #define HAVE_MEMORY_H 1
| #define HAVE_STRINGS_H 1
| #define HAVE_INTTYPES_H 1
| #define HAVE_STDINT_H 1
| #define HAVE_UNISTD_H 1
| #define HAVE_DLFCN_H 1
| /* end confdefs.h.  */
| 
| int
| main ()
| {
| 
|   ;
|   return 0;
| }
configure:5680: /opt/storlink_arm_920t_le_uclibc//bin/arm-linux-g++ -c -g  conftest.cpp >&5
./configure: line 5681: /opt/storlink_arm_920t_le_uclibc//bin/arm-linux-g++: No such file or directory
configure:5686: $? = 127
configure: failed program was:
| /* confdefs.h.  */
| #define PACKAGE_NAME "libpng"
| #define PACKAGE_TARNAME "libpng"
| #define PACKAGE_VERSION "1.2.25"
| #define PACKAGE_STRING "libpng 1.2.25"
| #define PACKAGE_BUGREPORT "png-mng-implement@lists.sourceforge.net"
| #define PACKAGE "libpng"
| #define VERSION "1.2.25"
| #define STDC_HEADERS 1
| #define HAVE_SYS_TYPES_H 1
| #define HAVE_SYS_STAT_H 1
| #define HAVE_STDLIB_H 1
| #define HAVE_STRING_H 1
| #define HAVE_MEMORY_H 1
| #define HAVE_STRINGS_H 1
| #define HAVE_INTTYPES_H 1
| #define HAVE_STDINT_H 1
| #define HAVE_UNISTD_H 1
| #define HAVE_DLFCN_H 1
| /* end confdefs.h.  */
| 
| int
| main ()
| {
| 
|   ;
|   return 0;
| }
configure:5708: result: no
configure:5733: checking dependency style of /opt/storlink_arm_920t_le_uclibc//bin/arm-linux-g++
configure:5823: result: none
configure:5850: checking how to run the C++ preprocessor
configure:5886: /opt/storlink_arm_920t_le_uclibc//bin/arm-linux-g++ -E  conftest.cpp
./configure: line 5887: /opt/storlink_arm_920t_le_uclibc//bin/arm-linux-g++: No such file or directory
configure:5892: $? = 127
configure: failed program was:
| /* confdefs.h.  */
| #define PACKAGE_NAME "libpng"
| #define PACKAGE_TARNAME "libpng"
| #define PACKAGE_VERSION "1.2.25"
| #define PACKAGE_STRING "libpng 1.2.25"
| #define PACKAGE_BUGREPORT "png-mng-implement@lists.sourceforge.net"
| #define PACKAGE "libpng"
| #define VERSION "1.2.25"
| #define STDC_HEADERS 1
| #define HAVE_SYS_TYPES_H 1
| #define HAVE_SYS_STAT_H 1
| #define HAVE_STDLIB_H 1
| #define HAVE_STRING_H 1
| #define HAVE_MEMORY_H 1
| #define HAVE_STRINGS_H 1
| #define HAVE_INTTYPES_H 1
| #define HAVE_STDINT_H 1
| #define HAVE_UNISTD_H 1
| #define HAVE_DLFCN_H 1
| /* end confdefs.h.  */
| #ifdef __STDC__
| # include <limits.h>
| #else
| # include <assert.h>
| #endif
| 		     Syntax error
configure:5886: /opt/storlink_arm_920t_le_uclibc//bin/arm-linux-g++ -E  conftest.cpp
./configure: line 5887: /opt/storlink_arm_920t_le_uclibc//bin/arm-linux-g++: No such file or directory
configure:5892: $? = 127
configure: failed program was:
| /* confdefs.h.  */
| #define PACKAGE_NAME "libpng"
| #define PACKAGE_TARNAME "libpng"
| #define PACKAGE_VERSION "1.2.25"
| #define PACKAGE_STRING "libpng 1.2.25"
| #define PACKAGE_BUGREPORT "png-mng-implement@lists.sourceforge.net"
| #define PACKAGE "libpng"
| #define VERSION "1.2.25"
| #define STDC_HEADERS 1
| #define HAVE_SYS_TYPES_H 1
| #define HAVE_SYS_STAT_H 1
| #define HAVE_STDLIB_H 1
| #define HAVE_STRING_H 1
| #define HAVE_MEMORY_H 1
| #define HAVE_STRINGS_H 1
| #define HAVE_INTTYPES_H 1
| #define HAVE_STDINT_H 1
| #define HAVE_UNISTD_H 1
| #define HAVE_DLFCN_H 1
| /* end confdefs.h.  */
| #ifdef __STDC__
| # include <limits.h>
| #else
| # include <assert.h>
| #endif
| 		     Syntax error
configure:5886: /lib/cpp  conftest.cpp
configure:5892: $? = 0
configure:5923: /lib/cpp  conftest.cpp
conftest.cpp:21:28: error: ac_nonexistent.h: No such file or directory
configure:5929: $? = 1
configure: failed program was:
| /* confdefs.h.  */
| #define PACKAGE_NAME "libpng"
| #define PACKAGE_TARNAME "libpng"
| #define PACKAGE_VERSION "1.2.25"
| #define PACKAGE_STRING "libpng 1.2.25"
| #define PACKAGE_BUGREPORT "png-mng-implement@lists.sourceforge.net"
| #define PACKAGE "libpng"
| #define VERSION "1.2.25"
| #define STDC_HEADERS 1
| #define HAVE_SYS_TYPES_H 1
| #define HAVE_SYS_STAT_H 1
| #define HAVE_STDLIB_H 1
| #define HAVE_STRING_H 1
| #define HAVE_MEMORY_H 1
| #define HAVE_STRINGS_H 1
| #define HAVE_INTTYPES_H 1
| #define HAVE_STDINT_H 1
| #define HAVE_UNISTD_H 1
| #define HAVE_DLFCN_H 1
| /* end confdefs.h.  */
| #include <ac_nonexistent.h>
configure:5962: result: /lib/cpp
configure:5991: /lib/cpp  conftest.cpp
configure:5997: $? = 0
configure:6028: /lib/cpp  conftest.cpp
conftest.cpp:21:28: error: ac_nonexistent.h: No such file or directory
configure:6034: $? = 1
configure: failed program was:
| /* confdefs.h.  */
| #define PACKAGE_NAME "libpng"
| #define PACKAGE_TARNAME "libpng"
| #define PACKAGE_VERSION "1.2.25"
| #define PACKAGE_STRING "libpng 1.2.25"
| #define PACKAGE_BUGREPORT "png-mng-implement@lists.sourceforge.net"
| #define PACKAGE "libpng"
| #define VERSION "1.2.25"
| #define STDC_HEADERS 1
| #define HAVE_SYS_TYPES_H 1
| #define HAVE_SYS_STAT_H 1
| #define HAVE_STDLIB_H 1
| #define HAVE_STRING_H 1
| #define HAVE_MEMORY_H 1
| #define HAVE_STRINGS_H 1
| #define HAVE_INTTYPES_H 1
| #define HAVE_STDINT_H 1
| #define HAVE_UNISTD_H 1
| #define HAVE_DLFCN_H 1
| /* end confdefs.h.  */
| #include <ac_nonexistent.h>
configure:6083: checking for arm-linux-g77
configure:6113: result: no
configure:6083: checking for arm-linux-xlf
configure:6113: result: no
configure:6083: checking for arm-linux-f77
configure:6113: result: no
configure:6083: checking for arm-linux-frt
configure:6113: result: no
configure:6083: checking for arm-linux-pgf77
configure:6113: result: no
configure:6083: checking for arm-linux-cf77
configure:6113: result: no
configure:6083: checking for arm-linux-fort77
configure:6113: result: no
configure:6083: checking for arm-linux-fl32
configure:6113: result: no
configure:6083: checking for arm-linux-af77
configure:6113: result: no
configure:6083: checking for arm-linux-xlf90
configure:6113: result: no
configure:6083: checking for arm-linux-f90
configure:6113: result: no
configure:6083: checking for arm-linux-pgf90
configure:6113: result: no
configure:6083: checking for arm-linux-pghpf
configure:6113: result: no
configure:6083: checking for arm-linux-epcf90
configure:6113: result: no
configure:6083: checking for arm-linux-gfortran
configure:6113: result: no
configure:6083: checking for arm-linux-g95
configure:6113: result: no
configure:6083: checking for arm-linux-xlf95
configure:6113: result: no
configure:6083: checking for arm-linux-f95
configure:6113: result: no
configure:6083: checking for arm-linux-fort
configure:6113: result: no
configure:6083: checking for arm-linux-ifort
configure:6113: result: no
configure:6083: checking for arm-linux-ifc
configure:6113: result: no
configure:6083: checking for arm-linux-efc
configure:6113: result: no
configure:6083: checking for arm-linux-pgf95
configure:6113: result: no
configure:6083: checking for arm-linux-lf95
configure:6113: result: no
configure:6083: checking for arm-linux-ftn
configure:6113: result: no
configure:6127: checking for g77
configure:6157: result: no
configure:6127: checking for xlf
configure:6157: result: no
configure:6127: checking for f77
configure:6157: result: no
configure:6127: checking for frt
configure:6157: result: no
configure:6127: checking for pgf77
configure:6157: result: no
configure:6127: checking for cf77
configure:6157: result: no
configure:6127: checking for fort77
configure:6157: result: no
configure:6127: checking for fl32
configure:6157: result: no
configure:6127: checking for af77
configure:6157: result: no
configure:6127: checking for xlf90
configure:6157: result: no
configure:6127: checking for f90
configure:6157: result: no
configure:6127: checking for pgf90
configure:6157: result: no
configure:6127: checking for pghpf
configure:6157: result: no
configure:6127: checking for epcf90
configure:6157: result: no
configure:6127: checking for gfortran
configure:6143: found /usr/bin/gfortran
configure:6154: result: gfortran
configure:6172: WARNING: In the future, Autoconf will not detect cross-tools
whose name does not start with the host triplet.  If you think this
configuration is useful to you, please write to autoconf@gnu.org.
configure:6184: checking for Fortran 77 compiler version
configure:6191: gfortran --version >&5
GNU Fortran (GCC) 4.1.2 20070626 (Red Hat 4.1.2-13)
Copyright (C) 2007 Free Software Foundation, Inc.

GNU Fortran comes with NO WARRANTY, to the extent permitted by law.
You may redistribute copies of GNU Fortran
under the terms of the GNU General Public License.
For more information about these matters, see the file named COPYING

configure:6194: $? = 0
configure:6201: gfortran -v >&5
Using built-in specs.
Target: i386-redhat-linux
Configured with: ../configure --prefix=/usr --mandir=/usr/share/man --infodir=/usr/share/info --enable-shared --enable-threads=posix --enable-checking=release --with-system-zlib --enable-__cxa_atexit --disable-libunwind-exceptions --enable-libgcj-multifile --enable-languages=c,c++,objc,obj-c++,java,fortran,ada --enable-java-awt=gtk --disable-dssi --enable-plugin --with-java-home=/usr/lib/jvm/java-1.4.2-gcj-1.4.2.0/jre --with-cpu=generic --host=i386-redhat-linux
Thread model: posix
gcc version 4.1.2 20070626 (Red Hat 4.1.2-13)
configure:6204: $? = 0
configure:6211: gfortran -V >&5
gfortran: '-V' option must have argument
configure:6214: $? = 1
configure:6222: checking whether we are using the GNU Fortran 77 compiler
configure:6241: gfortran -c  conftest.F >&5
configure:6247: $? = 0
configure:6264: result: yes
configure:6270: checking whether gfortran accepts -g
configure:6287: gfortran -c -g conftest.f >&5
configure:6293: $? = 0
configure:6309: result: yes
configure:6339: checking the maximum length of command line arguments
configure:6451: result: 98304
configure:6463: checking command to parse /opt/storlink_arm_920t_le_uclibc/bin/arm-linux-nm -B output from /opt/storlink_arm_920t_le_uclibc//bin/arm-linux-gcc object
configure:6568: /opt/storlink_arm_920t_le_uclibc//bin/arm-linux-gcc -c -I/home/sam_pan/workspace2/progs.gpl/DFB/include  conftest.c >&5
configure:6571: $? = 0
configure:6575: /opt/storlink_arm_920t_le_uclibc/bin/arm-linux-nm -B conftest.o \| sed -n -e 's/^.*[ 	]\([ABCDGIRSTW][ABCDGIRSTW]*\)[ 	][ 	]*\([_A-Za-z][_A-Za-z0-9]*\)$/\1 \2 \2/p' \> conftest.nm
configure:6578: $? = 0
configure:6630: /opt/storlink_arm_920t_le_uclibc//bin/arm-linux-gcc -o conftest -I/home/sam_pan/workspace2/progs.gpl/DFB/include  -L/home/sam_pan/workspace2/progs.gpl/DFB/lib conftest.c conftstm.o >&5
configure:6633: $? = 0
configure:6671: result: ok
configure:6675: checking for objdir
configure:6690: result: .libs
configure:6742: checking for arm-linux-ar
configure:6769: result: /opt/storlink_arm_920t_le_uclibc//bin/arm-linux-ar
configure:6838: checking for arm-linux-ranlib
configure:6865: result: /opt/storlink_arm_920t_le_uclibc//bin/arm-linux-ranlib
configure:6934: checking for arm-linux-strip
configure:6961: result: arm-linux-strip
configure:7287: checking if /opt/storlink_arm_920t_le_uclibc//bin/arm-linux-gcc supports -fno-rtti -fno-exceptions
configure:7304: /opt/storlink_arm_920t_le_uclibc//bin/arm-linux-gcc -c -I/home/sam_pan/workspace2/progs.gpl/DFB/include  -fno-rtti -fno-exceptions conftest.c >&5
cc1: warning: command line option "-fno-rtti" is valid for C++/ObjC++ but not for C
configure:7308: $? = 0
configure:7322: result: no
configure:7337: checking for /opt/storlink_arm_920t_le_uclibc//bin/arm-linux-gcc option to produce PIC
configure:7569: result: -fPIC
configure:7577: checking if /opt/storlink_arm_920t_le_uclibc//bin/arm-linux-gcc PIC flag -fPIC works
configure:7594: /opt/storlink_arm_920t_le_uclibc//bin/arm-linux-gcc -c -I/home/sam_pan/workspace2/progs.gpl/DFB/include  -fPIC -DPIC conftest.c >&5
configure:7598: $? = 0
configure:7612: result: yes
configure:7640: checking if /opt/storlink_arm_920t_le_uclibc//bin/arm-linux-gcc static flag -static works
configure:7668: result: yes
configure:7678: checking if /opt/storlink_arm_920t_le_uclibc//bin/arm-linux-gcc supports -c -o file.o
configure:7698: /opt/storlink_arm_920t_le_uclibc//bin/arm-linux-gcc -c -I/home/sam_pan/workspace2/progs.gpl/DFB/include  -o out/conftest2.o conftest.c >&5
configure:7702: $? = 0
configure:7725: result: yes
configure:7751: checking whether the /opt/storlink_arm_920t_le_uclibc//bin/arm-linux-gcc linker (/opt/storlink_arm_920t_le_uclibc//bin/arm-linux-ld) supports shared libraries
configure:8731: result: yes
configure:8752: checking whether -lc should be explicitly linked in
configure:8757: /opt/storlink_arm_920t_le_uclibc//bin/arm-linux-gcc -c -I/home/sam_pan/workspace2/progs.gpl/DFB/include  conftest.c >&5
configure:8760: $? = 0
configure:8775: /opt/storlink_arm_920t_le_uclibc//bin/arm-linux-gcc -shared conftest.o  -v -Wl,-soname -Wl,conftest -o conftest 2\>\&1 \| grep  -lc  \>/dev/null 2\>\&1
configure:8778: $? = 0
configure:8790: result: no
configure:8798: checking dynamic linker characteristics
configure:9400: result: GNU/Linux ld.so
configure:9409: checking how to hardcode library paths into programs
configure:9434: result: immediate
configure:9448: checking whether stripping libraries is possible
configure:9453: result: yes
configure:10255: checking if libtool supports shared libraries
configure:10257: result: yes
configure:10260: checking whether to build shared libraries
configure:10281: result: yes
configure:10284: checking whether to build static libraries
configure:10288: result: yes
configure:10381: creating libtool
configure:11111: checking whether the /opt/storlink_arm_920t_le_uclibc//bin/arm-linux-g++ linker (/opt/storlink_arm_920t_le_uclibc//bin/arm-linux-ld) supports shared libraries
configure:12085: result: yes
configure:12103: /opt/storlink_arm_920t_le_uclibc//bin/arm-linux-g++ -c   conftest.cpp >&5
./configure: line 12104: /opt/storlink_arm_920t_le_uclibc//bin/arm-linux-g++: No such file or directory
configure:12106: $? = 127
configure:12258: checking for /opt/storlink_arm_920t_le_uclibc//bin/arm-linux-g++ option to produce PIC
configure:12542: result: 
configure:12613: checking if /opt/storlink_arm_920t_le_uclibc//bin/arm-linux-g++ static flag  works
configure:12641: result: no
configure:12651: checking if /opt/storlink_arm_920t_le_uclibc//bin/arm-linux-g++ supports -c -o file.o
configure:12671: /opt/storlink_arm_920t_le_uclibc//bin/arm-linux-g++ -c   -o out/conftest2.o conftest.cpp >&5
./configure: line 12673: /opt/storlink_arm_920t_le_uclibc//bin/arm-linux-g++: No such file or directory
configure:12675: $? = 127
configure:12698: result: no
configure:12724: checking whether the /opt/storlink_arm_920t_le_uclibc//bin/arm-linux-g++ linker (/opt/storlink_arm_920t_le_uclibc//bin/arm-linux-ld) supports shared libraries
configure:12749: result: yes
configure:12816: checking dynamic linker characteristics
configure:13366: result: GNU/Linux ld.so
configure:13375: checking how to hardcode library paths into programs
configure:13400: result: unsupported
configure:13934: checking if libtool supports shared libraries
configure:13936: result: yes
configure:13939: checking whether to build shared libraries
configure:13959: result: yes
configure:13962: checking whether to build static libraries
configure:13966: result: yes
configure:13976: checking for gfortran option to produce PIC
configure:14208: result: -fPIC
configure:14216: checking if gfortran PIC flag -fPIC works
configure:14233: gfortran -c -g -O2 -fPIC conftest.f >&5
configure:14237: $? = 0
configure:14251: result: yes
configure:14279: checking if gfortran static flag -static works
configure:14307: result: yes
configure:14317: checking if gfortran supports -c -o file.o
configure:14337: gfortran -c -g -O2 -o out/conftest2.o conftest.f >&5
configure:14341: $? = 0
configure:14364: result: yes
configure:14390: checking whether the gfortran linker (/opt/storlink_arm_920t_le_uclibc//bin/arm-linux-ld) supports shared libraries
configure:15350: result: yes
configure:15417: checking dynamic linker characteristics
configure:15967: result: GNU/Linux ld.so
configure:15976: checking how to hardcode library paths into programs
configure:16001: result: immediate
configure:19573: checking for ANSI C header files
configure:19737: result: yes
configure:19765: checking malloc.h usability
configure:19782: /opt/storlink_arm_920t_le_uclibc//bin/arm-linux-gcc -c -I/home/sam_pan/workspace2/progs.gpl/DFB/include  conftest.c >&5
configure:19788: $? = 0
configure:19802: result: yes
configure:19806: checking malloc.h presence
configure:19821: /opt/storlink_arm_920t_le_uclibc//bin/arm-linux-gcc -E  conftest.c
configure:19827: $? = 0
configure:19841: result: yes
configure:19874: checking for malloc.h
configure:19882: result: yes
configure:19755: checking for stdlib.h
configure:19761: result: yes
configure:19755: checking for string.h
configure:19761: result: yes
configure:19755: checking for strings.h
configure:19761: result: yes
configure:19897: checking for an ANSI C-conforming const
configure:19972: /opt/storlink_arm_920t_le_uclibc//bin/arm-linux-gcc -c -I/home/sam_pan/workspace2/progs.gpl/DFB/include  conftest.c >&5
configure:19978: $? = 0
configure:19993: result: yes
configure:20003: checking for size_t
configure:20033: /opt/storlink_arm_920t_le_uclibc//bin/arm-linux-gcc -c -I/home/sam_pan/workspace2/progs.gpl/DFB/include  conftest.c >&5
configure:20039: $? = 0
configure:20054: result: yes
configure:20066: checking whether struct tm is in sys/time.h or time.h
configure:20096: /opt/storlink_arm_920t_le_uclibc//bin/arm-linux-gcc -c -I/home/sam_pan/workspace2/progs.gpl/DFB/include  conftest.c >&5
configure:20102: $? = 0
configure:20117: result: time.h
configure:20129: checking for working strtod
configure:20208: result: no
configure:20217: checking for pow
configure:20273: /opt/storlink_arm_920t_le_uclibc//bin/arm-linux-gcc -o conftest -I/home/sam_pan/workspace2/progs.gpl/DFB/include  -L/home/sam_pan/workspace2/progs.gpl/DFB/lib conftest.c  >&5
conftest.c:49: warning: conflicting types for built-in function 'pow'
/tmp/ccqBSQUl.o: In function `main':
conftest.c:(.text+0xc): undefined reference to `pow'
collect2: ld returned 1 exit status
configure:20279: $? = 1
configure: failed program was:
| /* confdefs.h.  */
| #define PACKAGE_NAME "libpng"
| #define PACKAGE_TARNAME "libpng"
| #define PACKAGE_VERSION "1.2.25"
| #define PACKAGE_STRING "libpng 1.2.25"
| #define PACKAGE_BUGREPORT "png-mng-implement@lists.sourceforge.net"
| #define PACKAGE "libpng"
| #define VERSION "1.2.25"
| #define STDC_HEADERS 1
| #define HAVE_SYS_TYPES_H 1
| #define HAVE_SYS_STAT_H 1
| #define HAVE_STDLIB_H 1
| #define HAVE_STRING_H 1
| #define HAVE_MEMORY_H 1
| #define HAVE_STRINGS_H 1
| #define HAVE_INTTYPES_H 1
| #define HAVE_STDINT_H 1
| #define HAVE_UNISTD_H 1
| #define HAVE_DLFCN_H 1
| #define STDC_HEADERS 1
| #define HAVE_MALLOC_H 1
| #define HAVE_STDLIB_H 1
| #define HAVE_STRING_H 1
| #define HAVE_STRINGS_H 1
| /* end confdefs.h.  */
| /* Define pow to an innocuous variant, in case <limits.h> declares pow.
|    For example, HP-UX 11i <limits.h> declares gettimeofday.  */
| #define pow innocuous_pow
| 
| /* System header to define __stub macros and hopefully few prototypes,
|     which can conflict with char pow (); below.
|     Prefer <limits.h> to <assert.h> if __STDC__ is defined, since
|     <limits.h> exists even on freestanding compilers.  */
| 
| #ifdef __STDC__
| # include <limits.h>
| #else
| # include <assert.h>
| #endif
| 
| #undef pow
| 
| /* Override any GCC internal prototype to avoid an error.
|    Use char because int might match the return type of a GCC
|    builtin and then its argument prototype would still apply.  */
| #ifdef __cplusplus
| extern "C"
| #endif
| char pow ();
| /* The GNU C library defines this for functions which it implements
|     to always fail with ENOSYS.  Some functions are actually named
|     something starting with __ and the normal name is an alias.  */
| #if defined __stub_pow || defined __stub___pow
| choke me
| #endif
| 
| int
| main ()
| {
| return pow ();
|   ;
|   return 0;
| }
configure:20296: result: no
configure:20300: checking for pow in -lm
configure:20335: /opt/storlink_arm_920t_le_uclibc//bin/arm-linux-gcc -o conftest -I/home/sam_pan/workspace2/progs.gpl/DFB/include  -L/home/sam_pan/workspace2/progs.gpl/DFB/lib conftest.c -lm   >&5
conftest.c:33: warning: conflicting types for built-in function 'pow'
configure:20341: $? = 0
configure:20359: result: yes
configure:20376: checking for memset
configure:20432: /opt/storlink_arm_920t_le_uclibc//bin/arm-linux-gcc -o conftest -I/home/sam_pan/workspace2/progs.gpl/DFB/include  -L/home/sam_pan/workspace2/progs.gpl/DFB/lib conftest.c  >&5
conftest.c:49: warning: conflicting types for built-in function 'memset'
configure:20438: $? = 0
configure:20456: result: yes
configure:20474: checking for pow
configure:20554: result: no
configure:20563: checking for pow in -lm
configure:20622: result: yes
configure:20641: checking for zlibVersion in -lz
configure:20676: /opt/storlink_arm_920t_le_uclibc//bin/arm-linux-gcc -o conftest -I/home/sam_pan/workspace2/progs.gpl/DFB/include  -L/home/sam_pan/workspace2/progs.gpl/DFB/lib conftest.c -lz  -lm  >&5
configure:20682: $? = 0
configure:20700: result: yes
configure:20717: checking if assembler code in pnggccrd.c can be compiled without PNG_NO_MMX_CODE
configure:20740: /opt/storlink_arm_920t_le_uclibc//bin/arm-linux-gcc -c -I/home/sam_pan/workspace2/progs.gpl/DFB/include  conftest.c >&5
configure:20746: $? = 0
configure:20751: result: yes
configure:20768: checking if libraries can be versioned
configure:20773: result: yes
configure:20794: checking for symbol prefix
configure:20801: result: 
configure:20823: pkgconfig directory is ${libdir}/pkgconfig
configure:21002: creating ./config.status

## ---------------------- ##
## Running config.status. ##
## ---------------------- ##

This file was extended by libpng config.status 1.2.25, which was
generated by GNU Autoconf 2.61.  Invocation command line was

  CONFIG_FILES    = 
  CONFIG_HEADERS  = 
  CONFIG_LINKS    = 
  CONFIG_COMMANDS = 
  $ ./config.status 

on enzo

config.status:678: creating Makefile
config.status:678: creating libpng.pc
config.status:678: creating libpng-config
config.status:678: creating config.h
config.status:953: executing depfiles commands

## ---------------- ##
## Cache variables. ##
## ---------------- ##

ac_cv_build=i686-pc-linux-uclibc
ac_cv_c_compiler_gnu=yes
ac_cv_c_const=yes
ac_cv_cxx_compiler_gnu=no
ac_cv_env_CCC_set=
ac_cv_env_CCC_value=
ac_cv_env_CC_set=set
ac_cv_env_CC_value=/opt/storlink_arm_920t_le_uclibc//bin/arm-linux-gcc
ac_cv_env_CFLAGS_set=set
ac_cv_env_CFLAGS_value=-I/home/sam_pan/workspace2/progs.gpl/DFB/include
ac_cv_env_CPPFLAGS_set=
ac_cv_env_CPPFLAGS_value=
ac_cv_env_CPP_set=
ac_cv_env_CPP_value=
ac_cv_env_CXXCPP_set=
ac_cv_env_CXXCPP_value=
ac_cv_env_CXXFLAGS_set=
ac_cv_env_CXXFLAGS_value=
ac_cv_env_CXX_set=
ac_cv_env_CXX_value=
ac_cv_env_F77_set=
ac_cv_env_F77_value=
ac_cv_env_FFLAGS_set=
ac_cv_env_FFLAGS_value=
ac_cv_env_LDFLAGS_set=set
ac_cv_env_LDFLAGS_value=-L/home/sam_pan/workspace2/progs.gpl/DFB/lib
ac_cv_env_LIBS_set=
ac_cv_env_LIBS_value=
ac_cv_env_build_alias_set=
ac_cv_env_build_alias_value=
ac_cv_env_host_alias_set=set
ac_cv_env_host_alias_value=arm-linux
ac_cv_env_target_alias_set=
ac_cv_env_target_alias_value=
ac_cv_f77_compiler_gnu=yes
ac_cv_func_memset=yes
ac_cv_func_pow=no
ac_cv_func_strtod=no
ac_cv_header_dlfcn_h=yes
ac_cv_header_inttypes_h=yes
ac_cv_header_malloc_h=yes
ac_cv_header_memory_h=yes
ac_cv_header_stdc=yes
ac_cv_header_stdint_h=yes
ac_cv_header_stdlib_h=yes
ac_cv_header_string_h=yes
ac_cv_header_strings_h=yes
ac_cv_header_sys_stat_h=yes
ac_cv_header_sys_types_h=yes
ac_cv_header_unistd_h=yes
ac_cv_host=arm-unknown-linux-gnu
ac_cv_lib_m_pow=yes
ac_cv_lib_z_zlibVersion=yes
ac_cv_objext=o
ac_cv_path_EGREP='/bin/grep -E'
ac_cv_path_GREP=/bin/grep
ac_cv_path_install='/usr/bin/install -c'
ac_cv_prog_AR=/opt/storlink_arm_920t_le_uclibc//bin/arm-linux-ar
ac_cv_prog_AWK=gawk
ac_cv_prog_CC=/opt/storlink_arm_920t_le_uclibc//bin/arm-linux-gcc
ac_cv_prog_CPP='/opt/storlink_arm_920t_le_uclibc//bin/arm-linux-gcc -E'
ac_cv_prog_CXXCPP=/lib/cpp
ac_cv_prog_RANLIB=/opt/storlink_arm_920t_le_uclibc//bin/arm-linux-ranlib
ac_cv_prog_SED=/bin/sed
ac_cv_prog_STRIP=arm-linux-strip
ac_cv_prog_ac_ct_F77=gfortran
ac_cv_prog_cc_c89=
ac_cv_prog_cc_g=yes
ac_cv_prog_cxx_g=no
ac_cv_prog_f77_g=yes
ac_cv_prog_make_make_set=yes
ac_cv_struct_tm=time.h
ac_cv_type_size_t=yes
am_cv_CC_dependencies_compiler_type=gcc3
am_cv_CXX_dependencies_compiler_type=none
lt_cv_deplibs_check_method=pass_all
lt_cv_file_magic_cmd='$MAGIC_CMD'
lt_cv_file_magic_test_file=
lt_cv_ld_reload_flag=-r
lt_cv_objdir=.libs
lt_cv_path_LD=/opt/storlink_arm_920t_le_uclibc//bin/arm-linux-ld
lt_cv_path_LDCXX=
lt_cv_path_NM='/opt/storlink_arm_920t_le_uclibc/bin/arm-linux-nm -B'
lt_cv_path_SED=/bin/sed
lt_cv_prog_compiler_c_o=yes
lt_cv_prog_compiler_c_o_CXX=no
lt_cv_prog_compiler_c_o_F77=yes
lt_cv_prog_compiler_rtti_exceptions=no
lt_cv_prog_gnu_ld=yes
lt_cv_prog_gnu_ldcxx=
lt_cv_sys_global_symbol_pipe='sed -n -e '\''s/^.*[ 	]\([ABCDGIRSTW][ABCDGIRSTW]*\)[ 	][ 	]*\([_A-Za-z][_A-Za-z0-9]*\)$/\1 \2 \2/p'\'''
lt_cv_sys_global_symbol_to_c_name_address='sed -n -e '\''s/^: \([^ ]*\) $/  {\"\1\", (lt_ptr) 0},/p'\'' -e '\''s/^[BCDEGRST] \([^ ]*\) \([^ ]*\)$/  {"\2", (lt_ptr) \&\2},/p'\'''
lt_cv_sys_global_symbol_to_cdecl='sed -n -e '\''s/^. .* \(.*\)$/extern int \1;/p'\'''
lt_cv_sys_max_cmd_len=98304
lt_lt_cv_prog_compiler_c_o='"yes"'
lt_lt_cv_prog_compiler_c_o_CXX='"no"'
lt_lt_cv_prog_compiler_c_o_F77='"yes"'
lt_lt_cv_sys_global_symbol_pipe='"sed -n -e '\''s/^.*[ 	]\\([ABCDGIRSTW][ABCDGIRSTW]*\\)[ 	][ 	]*\\([_A-Za-z][_A-Za-z0-9]*\\)\$/\\1 \\2 \\2/p'\''"'
lt_lt_cv_sys_global_symbol_to_c_name_address='"sed -n -e '\''s/^: \\([^ ]*\\) \$/  {\\\"\\1\\\", (lt_ptr) 0},/p'\'' -e '\''s/^[BCDEGRST] \\([^ ]*\\) \\([^ ]*\\)\$/  {\"\\2\", (lt_ptr) \\&\\2},/p'\''"'
lt_lt_cv_sys_global_symbol_to_cdecl='"sed -n -e '\''s/^. .* \\(.*\\)\$/extern int \\1;/p'\''"'

## ----------------- ##
## Output variables. ##
## ----------------- ##

ACLOCAL='${SHELL} /home/sam_pan/workspace2/progs.gpl/DFB/libpng-1.2.25/missing --run aclocal-1.9'
AMDEPBACKSLASH='\'
AMDEP_FALSE='#'
AMDEP_TRUE=''
AMTAR='${SHELL} /home/sam_pan/workspace2/progs.gpl/DFB/libpng-1.2.25/missing --run tar'
AR='/opt/storlink_arm_920t_le_uclibc//bin/arm-linux-ar'
AUTOCONF='${SHELL} /home/sam_pan/workspace2/progs.gpl/DFB/libpng-1.2.25/missing --run autoconf'
AUTOHEADER='${SHELL} /home/sam_pan/workspace2/progs.gpl/DFB/libpng-1.2.25/missing --run autoheader'
AUTOMAKE='${SHELL} /home/sam_pan/workspace2/progs.gpl/DFB/libpng-1.2.25/missing --run automake-1.9'
AWK='gawk'
CC='/opt/storlink_arm_920t_le_uclibc//bin/arm-linux-gcc'
CCDEPMODE='depmode=gcc3'
CFLAGS='-I/home/sam_pan/workspace2/progs.gpl/DFB/include'
CPP='/opt/storlink_arm_920t_le_uclibc//bin/arm-linux-gcc -E'
CPPFLAGS=''
CXX='/opt/storlink_arm_920t_le_uclibc//bin/arm-linux-g++'
CXXCPP='/lib/cpp'
CXXDEPMODE='depmode=none'
CXXFLAGS=''
CYGPATH_W='echo'
DEFS='-DHAVE_CONFIG_H'
DEPDIR='.deps'
ECHO='echo'
ECHO_C=''
ECHO_N='-n'
ECHO_T=''
EGREP='/bin/grep -E'
EXEEXT=''
F77='gfortran'
FFLAGS='-g -O2'
GREP='/bin/grep'
HAVE_LD_VERSION_SCRIPT_FALSE='#'
HAVE_LD_VERSION_SCRIPT_TRUE=''
INSTALL_DATA='${INSTALL} -m 644'
INSTALL_PROGRAM='${INSTALL}'
INSTALL_SCRIPT='${INSTALL}'
INSTALL_STRIP_PROGRAM='${SHELL} $(install_sh) -c -s'
LDFLAGS='-L/home/sam_pan/workspace2/progs.gpl/DFB/lib'
LIBOBJS=' ${LIBOBJDIR}strtod$U.o'
LIBPNG_DEFINES='-DPNG_CONFIGURE_LIBPNG '
LIBPNG_NO_MMX=''
LIBS='-lz -lm '
LIBTOOL='$(SHELL) $(top_builddir)/libtool'
LN_S='ln -s'
LTLIBOBJS=' ${LIBOBJDIR}strtod$U.lo'
MAINT='#'
MAINTAINER_MODE_FALSE=''
MAINTAINER_MODE_TRUE='#'
MAKEINFO='${SHELL} /home/sam_pan/workspace2/progs.gpl/DFB/libpng-1.2.25/missing --run makeinfo'
OBJEXT='o'
PACKAGE='libpng'
PACKAGE_BUGREPORT='png-mng-implement@lists.sourceforge.net'
PACKAGE_NAME='libpng'
PACKAGE_STRING='libpng 1.2.25'
PACKAGE_TARNAME='libpng'
PACKAGE_VERSION='1.2.25'
PATH_SEPARATOR=':'
PNGLIB_MAJOR='1'
PNGLIB_MINOR='2'
PNGLIB_RELEASE='25'
PNGLIB_VERSION='1.2.25'
POW_LIB='-lm'
RANLIB='/opt/storlink_arm_920t_le_uclibc//bin/arm-linux-ranlib'
SED='/bin/sed'
SET_MAKE=''
SHELL='/bin/sh'
STRIP='arm-linux-strip'
SYMBOL_PREFIX=''
VERSION='1.2.25'
ac_ct_CC=''
ac_ct_CXX=''
ac_ct_F77='gfortran'
am__fastdepCC_FALSE='#'
am__fastdepCC_TRUE=''
am__fastdepCXX_FALSE=''
am__fastdepCXX_TRUE='#'
am__include='include'
am__leading_dot='.'
am__quote=''
am__tar='${AMTAR} chof - "$$tardir"'
am__untar='${AMTAR} xf -'
binconfigs='${binconfigs}'
bindir='${exec_prefix}/bin'
build='i686-pc-linux-uclibc'
build_alias=''
build_cpu='i686'
build_os='linux-uclibc'
build_vendor='pc'
compatlib='libpng.la'
datadir='${datarootdir}'
datarootdir='${prefix}/share'
docdir='${datarootdir}/doc/${PACKAGE_TARNAME}'
dvidir='${docdir}'
exec_prefix='${prefix}'
host='arm-unknown-linux-gnu'
host_alias='arm-linux'
host_cpu='arm'
host_os='linux-gnu'
host_vendor='unknown'
htmldir='${docdir}'
includedir='${prefix}/include'
infodir='${datarootdir}/info'
install_sh='/home/sam_pan/workspace2/progs.gpl/DFB/libpng-1.2.25/install-sh'
libdir='${exec_prefix}/lib'
libexecdir='${exec_prefix}/libexec'
localedir='${datarootdir}/locale'
localstatedir='${prefix}/var'
mandir='${datarootdir}/man'
mkdir_p='mkdir -p --'
oldincludedir='/usr/include'
pdfdir='${docdir}'
pkgconfigdir='${libdir}/pkgconfig'
prefix='/home/sam_pan/workspace2/progs.gpl/DFB'
program_transform_name='s,x,x,'
psdir='${docdir}'
sbindir='${exec_prefix}/sbin'
sharedstatedir='${prefix}/com'
sysconfdir='${prefix}/etc'
target_alias=''

## ----------- ##
## confdefs.h. ##
## ----------- ##

#define PACKAGE_NAME "libpng"
#define PACKAGE_TARNAME "libpng"
#define PACKAGE_VERSION "1.2.25"
#define PACKAGE_STRING "libpng 1.2.25"
#define PACKAGE_BUGREPORT "png-mng-implement@lists.sourceforge.net"
#define PACKAGE "libpng"
#define VERSION "1.2.25"
#define STDC_HEADERS 1
#define HAVE_SYS_TYPES_H 1
#define HAVE_SYS_STAT_H 1
#define HAVE_STDLIB_H 1
#define HAVE_STRING_H 1
#define HAVE_MEMORY_H 1
#define HAVE_STRINGS_H 1
#define HAVE_INTTYPES_H 1
#define HAVE_STDINT_H 1
#define HAVE_UNISTD_H 1
#define HAVE_DLFCN_H 1
#define STDC_HEADERS 1
#define HAVE_MALLOC_H 1
#define HAVE_STDLIB_H 1
#define HAVE_STRING_H 1
#define HAVE_STRINGS_H 1
#define HAVE_MEMSET 1
#define HAVE_LIBM 1
#define HAVE_LIBZ 1

configure: exit 0
