This file contains any messages produced by compilers while
running configure, to aid debugging if configure makes a mistake.

It was created by configure, which was
generated by GNU Autoconf 2.57.  Invocation command line was

  $ ./configure --prefix=/usr/local --host=arm-linux-gnu CC=/opt/storlink_arm_920t_le_uclibc//bin/arm-linux-gcc AS=/opt/storlink_arm_920t_le_uclibc//bin/arm-linux-as AR=/opt/storlink_arm_920t_le_uclibc//bin/arm-linux-ar LD=/opt/storlink_arm_920t_le_uclibc//bin/arm-linux-ld RANLIB=/opt/storlink_arm_920t_le_uclibc//bin/arm-linux-ranlib STRIP=/opt/storlink_arm_920t_le_uclibc//bin/arm-linux-strip CFLAGS=-Os -Wall -D__UCLIBC_HAS_MMU__ -D__UCLIBC__ -DLOGNUM=1 -DRGDB_BLOCK_OFFSET=0 -DDEFAULT_STORAGE_FS=\"EXT3\" CXX=/opt/storlink_arm_920t_le_uclibc//bin/arm-linux-g++ LDFLAGS= host_alias=arm-linux-gnu --cache-file=/dev/null --srcdir=.

## --------- ##
## Platform. ##
## --------- ##

hostname = localhost
uname -m = i686
uname -r = 2.6.18-1.2798.fc6
uname -s = Linux
uname -v = #1 SMP Mon Oct 16 14:54:20 EDT 2006

/usr/bin/uname -p = unknown
/bin/uname -X     = unknown

/bin/arch              = i686
/usr/bin/arch -k       = unknown
/usr/convex/getsysinfo = unknown
hostinfo               = unknown
/bin/machine           = unknown
/usr/bin/oslevel       = unknown
/bin/universe          = unknown

PATH: /opt/storlink_arm_920t_le_uclibc/bin
PATH: /opt/storlink_arm_920t_le_uclibc/bin
PATH: /opt/storlink_arm_920t_le_uclibc/bin
PATH: /opt/storlink_arm_920t_le_uclibc/bin
PATH: /opt/storlink_arm_920t_le_uclibc/bin
PATH: /opt/storlink_arm_920t_le_uclibc/bin
PATH: /opt/storlink_arm_920t_le_uclibc/bin
PATH: /opt/storlink_arm_920t_le_uclibc/bin
PATH: /usr/kerberos/sbin
PATH: /opt/storlink_arm_920t_le_uclibc/bin
PATH: /usr/kerberos/bin
PATH: /usr/local/bin
PATH: /bin
PATH: /usr/bin
PATH: /home/user/bin


## ----------- ##
## Core tests. ##
## ----------- ##

configure:1485: checking whether make sets $(MAKE)
configure:1505: result: yes
configure:1529: checking for arm-linux-gnu-gcc
configure:1555: result: /opt/storlink_arm_920t_le_uclibc//bin/arm-linux-gcc
configure:1837: checking for C compiler version
configure:1840: /opt/storlink_arm_920t_le_uclibc//bin/arm-linux-gcc --version </dev/null >&5
arm-linux-gcc (GCC) 3.4.6
Copyright (C) 2006 Free Software Foundation, Inc.
This is free software; see the source for copying conditions.  There is NO
warranty; not even for MERCHANTABILITY or FITNESS FOR A PARTICULAR PURPOSE.

configure:1843: $? = 0
configure:1845: /opt/storlink_arm_920t_le_uclibc//bin/arm-linux-gcc -v </dev/null >&5
Reading specs from /opt/storlink_arm_920t_le_uclibc.20080713/lib/gcc/arm-linux-uclibc/3.4.6/specs
Configured with: /home/joely/storm/buildroot/buildroot5/toolchain_build_arm/gcc-3.4.6/configure --prefix=/opt/storlink_arm_920t_le_uclibc.20080713 --build=i386-pc-linux-gnu --host=i386-pc-linux-gnu --target=arm-linux-uclibc --enable-languages=c,c++ --disable-__cxa_atexit --enable-target-optspace --with-gnu-ld --enable-shared --disable-nls --enable-threads --disable-multilib --with-float=soft --enable-sjlj-exceptions
Thread model: posix
gcc version 3.4.6
configure:1848: $? = 0
configure:1850: /opt/storlink_arm_920t_le_uclibc//bin/arm-linux-gcc -V </dev/null >&5
arm-linux-gcc: `-V' option must have argument
configure:1853: $? = 1
configure:1877: checking for C compiler default output
configure:1880: /opt/storlink_arm_920t_le_uclibc//bin/arm-linux-gcc -Os -Wall -D__UCLIBC_HAS_MMU__ -D__UCLIBC__ -DLOGNUM=1 -DRGDB_BLOCK_OFFSET=0 -DDEFAULT_STORAGE_FS=\"EXT3\"   conftest.c  >&5
configure:1883: $? = 0
configure:1929: result: a.out
configure:1934: checking whether the C compiler works
configure:1940: ./a.out
./configure: line 1941: ./a.out: cannot execute binary file
configure:1943: $? = 126
configure:1960: result: yes
configure:1967: checking whether we are cross compiling
configure:1969: result: yes
configure:1972: checking for suffix of executables
configure:1974: /opt/storlink_arm_920t_le_uclibc//bin/arm-linux-gcc -o conftest -Os -Wall -D__UCLIBC_HAS_MMU__ -D__UCLIBC__ -DLOGNUM=1 -DRGDB_BLOCK_OFFSET=0 -DDEFAULT_STORAGE_FS=\"EXT3\"   conftest.c  >&5
configure:1977: $? = 0
configure:2002: result: 
configure:2008: checking for suffix of object files
configure:2030: /opt/storlink_arm_920t_le_uclibc//bin/arm-linux-gcc -c -Os -Wall -D__UCLIBC_HAS_MMU__ -D__UCLIBC__ -DLOGNUM=1 -DRGDB_BLOCK_OFFSET=0 -DDEFAULT_STORAGE_FS=\"EXT3\"  conftest.c >&5
configure:2033: $? = 0
configure:2055: result: o
configure:2059: checking whether we are using the GNU C compiler
configure:2084: /opt/storlink_arm_920t_le_uclibc//bin/arm-linux-gcc -c -Os -Wall -D__UCLIBC_HAS_MMU__ -D__UCLIBC__ -DLOGNUM=1 -DRGDB_BLOCK_OFFSET=0 -DDEFAULT_STORAGE_FS=\"EXT3\"  conftest.c >&5
configure:2087: $? = 0
configure:2090: test -s conftest.o
configure:2093: $? = 0
configure:2106: result: yes
configure:2112: checking whether /opt/storlink_arm_920t_le_uclibc//bin/arm-linux-gcc accepts -g
configure:2134: /opt/storlink_arm_920t_le_uclibc//bin/arm-linux-gcc -c -g  conftest.c >&5
configure:2137: $? = 0
configure:2140: test -s conftest.o
configure:2143: $? = 0
configure:2154: result: yes
configure:2171: checking for /opt/storlink_arm_920t_le_uclibc//bin/arm-linux-gcc option to accept ANSI C
configure:2232: /opt/storlink_arm_920t_le_uclibc//bin/arm-linux-gcc  -c -Os -Wall -D__UCLIBC_HAS_MMU__ -D__UCLIBC__ -DLOGNUM=1 -DRGDB_BLOCK_OFFSET=0 -DDEFAULT_STORAGE_FS=\"EXT3\"  conftest.c >&5
configure:2235: $? = 0
configure:2238: test -s conftest.o
configure:2241: $? = 0
configure:2259: result: none needed
configure:2277: /opt/storlink_arm_920t_le_uclibc//bin/arm-linux-gcc -c -Os -Wall -D__UCLIBC_HAS_MMU__ -D__UCLIBC__ -DLOGNUM=1 -DRGDB_BLOCK_OFFSET=0 -DDEFAULT_STORAGE_FS=\"EXT3\"  conftest.c >&5
conftest.c:2: error: syntax error before "me"
configure:2280: $? = 1
configure: failed program was:
| #ifndef __cplusplus
|   choke me
| #endif
configure:2394: checking how to run the C preprocessor
configure:2430: /opt/storlink_arm_920t_le_uclibc//bin/arm-linux-gcc -E  conftest.c
configure:2436: $? = 0
configure:2468: /opt/storlink_arm_920t_le_uclibc//bin/arm-linux-gcc -E  conftest.c
configure:2467:28: ac_nonexistent.h: No such file or directory
configure:2474: $? = 1
configure: failed program was:
| #line 2459 "configure"
| /* confdefs.h.  */
| 
| #define PACKAGE_NAME ""
| #define PACKAGE_TARNAME ""
| #define PACKAGE_VERSION ""
| #define PACKAGE_STRING ""
| #define PACKAGE_BUGREPORT ""
| /* end confdefs.h.  */
| #include <ac_nonexistent.h>
configure:2512: result: /opt/storlink_arm_920t_le_uclibc//bin/arm-linux-gcc -E
configure:2537: /opt/storlink_arm_920t_le_uclibc//bin/arm-linux-gcc -E  conftest.c
configure:2543: $? = 0
configure:2575: /opt/storlink_arm_920t_le_uclibc//bin/arm-linux-gcc -E  conftest.c
configure:2574:28: ac_nonexistent.h: No such file or directory
configure:2581: $? = 1
configure: failed program was:
| #line 2566 "configure"
| /* confdefs.h.  */
| 
| #define PACKAGE_NAME ""
| #define PACKAGE_TARNAME ""
| #define PACKAGE_VERSION ""
| #define PACKAGE_STRING ""
| #define PACKAGE_BUGREPORT ""
| /* end confdefs.h.  */
| #include <ac_nonexistent.h>
configure:2625: checking for egrep
configure:2635: result: grep -E
configure:2641: checking whether /opt/storlink_arm_920t_le_uclibc//bin/arm-linux-gcc needs -traditional
configure:2685: result: no
configure:2704: checking for a BSD-compatible install
configure:2758: result: /usr/bin/install -c
configure:2777: checking build system type
configure:2795: result: i686-pc-linux-gnu
configure:2803: checking host system type
configure:2817: result: arm-unknown-linux-gnu
configure:2828: checking whether to activate relocatable installation
configure:2843: result: no
configure:2863: checking for AIX
configure:2886: result: no
configure:2892: checking for ANSI C header files
configure:2918: /opt/storlink_arm_920t_le_uclibc//bin/arm-linux-gcc -c -Os -Wall -D__UCLIBC_HAS_MMU__ -D__UCLIBC__ -DLOGNUM=1 -DRGDB_BLOCK_OFFSET=0 -DDEFAULT_STORAGE_FS=\"EXT3\"  conftest.c >&5
configure:2921: $? = 0
configure:2924: test -s conftest.o
configure:2927: $? = 0
configure:3042: result: yes
configure:3066: checking for sys/types.h
configure:3083: /opt/storlink_arm_920t_le_uclibc//bin/arm-linux-gcc -c -Os -Wall -D__UCLIBC_HAS_MMU__ -D__UCLIBC__ -DLOGNUM=1 -DRGDB_BLOCK_OFFSET=0 -DDEFAULT_STORAGE_FS=\"EXT3\"  conftest.c >&5
configure:3086: $? = 0
configure:3089: test -s conftest.o
configure:3092: $? = 0
configure:3103: result: yes
configure:3066: checking for sys/stat.h
configure:3083: /opt/storlink_arm_920t_le_uclibc//bin/arm-linux-gcc -c -Os -Wall -D__UCLIBC_HAS_MMU__ -D__UCLIBC__ -DLOGNUM=1 -DRGDB_BLOCK_OFFSET=0 -DDEFAULT_STORAGE_FS=\"EXT3\"  conftest.c >&5
configure:3086: $? = 0
configure:3089: test -s conftest.o
configure:3092: $? = 0
configure:3103: result: yes
configure:3066: checking for stdlib.h
configure:3083: /opt/storlink_arm_920t_le_uclibc//bin/arm-linux-gcc -c -Os -Wall -D__UCLIBC_HAS_MMU__ -D__UCLIBC__ -DLOGNUM=1 -DRGDB_BLOCK_OFFSET=0 -DDEFAULT_STORAGE_FS=\"EXT3\"  conftest.c >&5
configure:3086: $? = 0
configure:3089: test -s conftest.o
configure:3092: $? = 0
configure:3103: result: yes
configure:3066: checking for string.h
configure:3083: /opt/storlink_arm_920t_le_uclibc//bin/arm-linux-gcc -c -Os -Wall -D__UCLIBC_HAS_MMU__ -D__UCLIBC__ -DLOGNUM=1 -DRGDB_BLOCK_OFFSET=0 -DDEFAULT_STORAGE_FS=\"EXT3\"  conftest.c >&5
configure:3086: $? = 0
configure:3089: test -s conftest.o
configure:3092: $? = 0
configure:3103: result: yes
configure:3066: checking for memory.h
configure:3083: /opt/storlink_arm_920t_le_uclibc//bin/arm-linux-gcc -c -Os -Wall -D__UCLIBC_HAS_MMU__ -D__UCLIBC__ -DLOGNUM=1 -DRGDB_BLOCK_OFFSET=0 -DDEFAULT_STORAGE_FS=\"EXT3\"  conftest.c >&5
configure:3086: $? = 0
configure:3089: test -s conftest.o
configure:3092: $? = 0
configure:3103: result: yes
configure:3066: checking for strings.h
configure:3083: /opt/storlink_arm_920t_le_uclibc//bin/arm-linux-gcc -c -Os -Wall -D__UCLIBC_HAS_MMU__ -D__UCLIBC__ -DLOGNUM=1 -DRGDB_BLOCK_OFFSET=0 -DDEFAULT_STORAGE_FS=\"EXT3\"  conftest.c >&5
configure:3086: $? = 0
configure:3089: test -s conftest.o
configure:3092: $? = 0
configure:3103: result: yes
configure:3066: checking for inttypes.h
configure:3083: /opt/storlink_arm_920t_le_uclibc//bin/arm-linux-gcc -c -Os -Wall -D__UCLIBC_HAS_MMU__ -D__UCLIBC__ -DLOGNUM=1 -DRGDB_BLOCK_OFFSET=0 -DDEFAULT_STORAGE_FS=\"EXT3\"  conftest.c >&5
configure:3086: $? = 0
configure:3089: test -s conftest.o
configure:3092: $? = 0
configure:3103: result: yes
configure:3066: checking for stdint.h
configure:3083: /opt/storlink_arm_920t_le_uclibc//bin/arm-linux-gcc -c -Os -Wall -D__UCLIBC_HAS_MMU__ -D__UCLIBC__ -DLOGNUM=1 -DRGDB_BLOCK_OFFSET=0 -DDEFAULT_STORAGE_FS=\"EXT3\"  conftest.c >&5
configure:3086: $? = 0
configure:3089: test -s conftest.o
configure:3092: $? = 0
configure:3103: result: yes
configure:3066: checking for unistd.h
configure:3083: /opt/storlink_arm_920t_le_uclibc//bin/arm-linux-gcc -c -Os -Wall -D__UCLIBC_HAS_MMU__ -D__UCLIBC__ -DLOGNUM=1 -DRGDB_BLOCK_OFFSET=0 -DDEFAULT_STORAGE_FS=\"EXT3\"  conftest.c >&5
configure:3086: $? = 0
configure:3089: test -s conftest.o
configure:3092: $? = 0
configure:3103: result: yes
configure:3125: checking minix/config.h usability
configure:3138: /opt/storlink_arm_920t_le_uclibc//bin/arm-linux-gcc -c -Os -Wall -D__UCLIBC_HAS_MMU__ -D__UCLIBC__ -DLOGNUM=1 -DRGDB_BLOCK_OFFSET=0 -DDEFAULT_STORAGE_FS=\"EXT3\"  conftest.c >&5
configure:3180:26: minix/config.h: No such file or directory
configure:3141: $? = 1
configure: failed program was:
| #line 3127 "configure"
| /* confdefs.h.  */
| 
| #define PACKAGE_NAME ""
| #define PACKAGE_TARNAME ""
| #define PACKAGE_VERSION ""
| #define PACKAGE_STRING ""
| #define PACKAGE_BUGREPORT ""
| #define INSTALLPREFIX "/usr/local"
| #define STDC_HEADERS 1
| #define HAVE_SYS_TYPES_H 1
| #define HAVE_SYS_STAT_H 1
| #define HAVE_STDLIB_H 1
| #define HAVE_STRING_H 1
| #define HAVE_MEMORY_H 1
| #define HAVE_STRINGS_H 1
| #define HAVE_INTTYPES_H 1
| #define HAVE_STDINT_H 1
| #define HAVE_UNISTD_H 1
| /* end confdefs.h.  */
| #include <stdio.h>
| #if HAVE_SYS_TYPES_H
| # include <sys/types.h>
| #endif
| #if HAVE_SYS_STAT_H
| # include <sys/stat.h>
| #endif
| #if STDC_HEADERS
| # include <stdlib.h>
| # include <stddef.h>
| #else
| # if HAVE_STDLIB_H
| #  include <stdlib.h>
| # endif
| #endif
| #if HAVE_STRING_H
| # if !STDC_HEADERS && HAVE_MEMORY_H
| #  include <memory.h>
| # endif
| # include <string.h>
| #endif
| #if HAVE_STRINGS_H
| # include <strings.h>
| #endif
| #if HAVE_INTTYPES_H
| # include <inttypes.h>
| #else
| # if HAVE_STDINT_H
| #  include <stdint.h>
| # endif
| #endif
| #if HAVE_UNISTD_H
| # include <unistd.h>
| #endif
| #include <minix/config.h>
configure:3157: result: no
configure:3161: checking minix/config.h presence
configure:3172: /opt/storlink_arm_920t_le_uclibc//bin/arm-linux-gcc -E  conftest.c
configure:3182:26: minix/config.h: No such file or directory
configure:3178: $? = 1
configure: failed program was:
| #line 3163 "configure"
| /* confdefs.h.  */
| 
| #define PACKAGE_NAME ""
| #define PACKAGE_TARNAME ""
| #define PACKAGE_VERSION ""
| #define PACKAGE_STRING ""
| #define PACKAGE_BUGREPORT ""
| #define INSTALLPREFIX "/usr/local"
| #define STDC_HEADERS 1
| #define HAVE_SYS_TYPES_H 1
| #define HAVE_SYS_STAT_H 1
| #define HAVE_STDLIB_H 1
| #define HAVE_STRING_H 1
| #define HAVE_MEMORY_H 1
| #define HAVE_STRINGS_H 1
| #define HAVE_INTTYPES_H 1
| #define HAVE_STDINT_H 1
| #define HAVE_UNISTD_H 1
| /* end confdefs.h.  */
| #include <minix/config.h>
configure:3197: result: no
configure:3233: checking for minix/config.h
configure:3240: result: no
configure:3270: checking for strerror in -lcposix
configure:3301: /opt/storlink_arm_920t_le_uclibc//bin/arm-linux-gcc -o conftest -Os -Wall -D__UCLIBC_HAS_MMU__ -D__UCLIBC__ -DLOGNUM=1 -DRGDB_BLOCK_OFFSET=0 -DDEFAULT_STORAGE_FS=\"EXT3\"   conftest.c -lcposix   >&5
/opt/storlink_arm_920t_le_uclibc.20080713/usr/bin/arm-linux-uclibc-ld: cannot find -lcposix
collect2: ld returned 1 exit status
configure:3304: $? = 1
configure: failed program was:
| #line 3277 "configure"
| /* confdefs.h.  */
| 
| #define PACKAGE_NAME ""
| #define PACKAGE_TARNAME ""
| #define PACKAGE_VERSION ""
| #define PACKAGE_STRING ""
| #define PACKAGE_BUGREPORT ""
| #define INSTALLPREFIX "/usr/local"
| #define STDC_HEADERS 1
| #define HAVE_SYS_TYPES_H 1
| #define HAVE_SYS_STAT_H 1
| #define HAVE_STDLIB_H 1
| #define HAVE_STRING_H 1
| #define HAVE_MEMORY_H 1
| #define HAVE_STRINGS_H 1
| #define HAVE_INTTYPES_H 1
| #define HAVE_STDINT_H 1
| #define HAVE_UNISTD_H 1
| /* end confdefs.h.  */
| 
| /* Override any gcc2 internal prototype to avoid an error.  */
| #ifdef __cplusplus
| extern "C"
| #endif
| /* We use char because int might match the return type of a gcc2
|    builtin and then its argument prototype would still apply.  */
| char strerror ();
| int
| main ()
| {
| strerror ();
|   ;
|   return 0;
| }
configure:3322: result: no
configure:3410: checking for a sed that does not truncate output
configure:3464: result: /bin/sed
configure:3478: checking for ld used by /opt/storlink_arm_920t_le_uclibc//bin/arm-linux-gcc
configure:3545: result: /opt/storlink_arm_920t_le_uclibc//bin/arm-linux-ld
configure:3554: checking if the linker (/opt/storlink_arm_920t_le_uclibc//bin/arm-linux-ld) is GNU ld
configure:3569: result: yes
configure:3574: checking for /opt/storlink_arm_920t_le_uclibc//bin/arm-linux-ld option to reload object files
configure:3581: result: -r
configure:3590: checking for BSD-compatible nm
configure:3632: result: nm
configure:3636: checking whether ln -s works
configure:3640: result: yes
configure:3647: checking how to recognise dependent libraries
configure:3847: result: file_magic ELF [0-9][0-9]*-bit [LM]SB (shared object|dynamic lib )
configure:4299: checking dlfcn.h usability
configure:4312: /opt/storlink_arm_920t_le_uclibc//bin/arm-linux-gcc -c -Os -Wall -D__UCLIBC_HAS_MMU__ -D__UCLIBC__ -DLOGNUM=1 -DRGDB_BLOCK_OFFSET=0 -DDEFAULT_STORAGE_FS=\"EXT3\"  conftest.c >&5
configure:4315: $? = 0
configure:4318: test -s conftest.o
configure:4321: $? = 0
configure:4331: result: yes
configure:4335: checking dlfcn.h presence
configure:4346: /opt/storlink_arm_920t_le_uclibc//bin/arm-linux-gcc -E  conftest.c
configure:4352: $? = 0
configure:4371: result: yes
configure:4407: checking for dlfcn.h
configure:4414: result: yes
configure:4437: checking for arm-linux-gnu-g++
configure:4463: result: /opt/storlink_arm_920t_le_uclibc//bin/arm-linux-g++
configure:4521: checking for C++ compiler version
configure:4524: /opt/storlink_arm_920t_le_uclibc//bin/arm-linux-g++ --version </dev/null >&5
arm-linux-g++ (GCC) 3.4.6
Copyright (C) 2006 Free Software Foundation, Inc.
This is free software; see the source for copying conditions.  There is NO
warranty; not even for MERCHANTABILITY or FITNESS FOR A PARTICULAR PURPOSE.

configure:4527: $? = 0
configure:4529: /opt/storlink_arm_920t_le_uclibc//bin/arm-linux-g++ -v </dev/null >&5
Reading specs from /opt/storlink_arm_920t_le_uclibc.20080713/lib/gcc/arm-linux-uclibc/3.4.6/specs
Configured with: /home/joely/storm/buildroot/buildroot5/toolchain_build_arm/gcc-3.4.6/configure --prefix=/opt/storlink_arm_920t_le_uclibc.20080713 --build=i386-pc-linux-gnu --host=i386-pc-linux-gnu --target=arm-linux-uclibc --enable-languages=c,c++ --disable-__cxa_atexit --enable-target-optspace --with-gnu-ld --enable-shared --disable-nls --enable-threads --disable-multilib --with-float=soft --enable-sjlj-exceptions
Thread model: posix
gcc version 3.4.6
configure:4532: $? = 0
configure:4534: /opt/storlink_arm_920t_le_uclibc//bin/arm-linux-g++ -V </dev/null >&5
arm-linux-g++: `-V' option must have argument
configure:4537: $? = 1
configure:4540: checking whether we are using the GNU C++ compiler
configure:4565: /opt/storlink_arm_920t_le_uclibc//bin/arm-linux-g++ -c   conftest.cc >&5
configure:4568: $? = 0
configure:4571: test -s conftest.o
configure:4574: $? = 0
configure:4587: result: yes
configure:4593: checking whether /opt/storlink_arm_920t_le_uclibc//bin/arm-linux-g++ accepts -g
configure:4615: /opt/storlink_arm_920t_le_uclibc//bin/arm-linux-g++ -c -g  conftest.cc >&5
configure:4618: $? = 0
configure:4621: test -s conftest.o
configure:4624: $? = 0
configure:4635: result: yes
configure:4679: /opt/storlink_arm_920t_le_uclibc//bin/arm-linux-g++ -c -g -O2  conftest.cc >&5
configure:4682: $? = 0
configure:4685: test -s conftest.o
configure:4688: $? = 0
configure:4715: /opt/storlink_arm_920t_le_uclibc//bin/arm-linux-g++ -c -g -O2  conftest.cc >&5
configure: In function `int main()':
configure:4722: error: `exit' was not declared in this scope
configure:4718: $? = 1
configure: failed program was:
| #line 4698 "configure"
| /* confdefs.h.  */
| 
| #define PACKAGE_NAME ""
| #define PACKAGE_TARNAME ""
| #define PACKAGE_VERSION ""
| #define PACKAGE_STRING ""
| #define PACKAGE_BUGREPORT ""
| #define INSTALLPREFIX "/usr/local"
| #define STDC_HEADERS 1
| #define HAVE_SYS_TYPES_H 1
| #define HAVE_SYS_STAT_H 1
| #define HAVE_STDLIB_H 1
| #define HAVE_STRING_H 1
| #define HAVE_MEMORY_H 1
| #define HAVE_STRINGS_H 1
| #define HAVE_INTTYPES_H 1
| #define HAVE_STDINT_H 1
| #define HAVE_UNISTD_H 1
| #define HAVE_DLFCN_H 1
| /* end confdefs.h.  */
| 
| int
| main ()
| {
| exit (42);
|   ;
|   return 0;
| }
configure:4679: /opt/storlink_arm_920t_le_uclibc//bin/arm-linux-g++ -c -g -O2  conftest.cc >&5
configure:4682: $? = 0
configure:4685: test -s conftest.o
configure:4688: $? = 0
configure:4715: /opt/storlink_arm_920t_le_uclibc//bin/arm-linux-g++ -c -g -O2  conftest.cc >&5
configure:4718: $? = 0
configure:4721: test -s conftest.o
configure:4724: $? = 0
configure:4752: checking how to run the C++ preprocessor
configure:4784: /opt/storlink_arm_920t_le_uclibc//bin/arm-linux-g++ -E  conftest.cc
configure:4790: $? = 0
configure:4822: /opt/storlink_arm_920t_le_uclibc//bin/arm-linux-g++ -E  conftest.cc
configure:4836:28: ac_nonexistent.h: No such file or directory
configure:4828: $? = 1
configure: failed program was:
| #line 4813 "configure"
| /* confdefs.h.  */
| 
| #define PACKAGE_NAME ""
| #define PACKAGE_TARNAME ""
| #define PACKAGE_VERSION ""
| #define PACKAGE_STRING ""
| #define PACKAGE_BUGREPORT ""
| #define INSTALLPREFIX "/usr/local"
| #define STDC_HEADERS 1
| #define HAVE_SYS_TYPES_H 1
| #define HAVE_SYS_STAT_H 1
| #define HAVE_STDLIB_H 1
| #define HAVE_STRING_H 1
| #define HAVE_MEMORY_H 1
| #define HAVE_STRINGS_H 1
| #define HAVE_INTTYPES_H 1
| #define HAVE_STDINT_H 1
| #define HAVE_UNISTD_H 1
| #define HAVE_DLFCN_H 1
| #ifdef __cplusplus
| #include <stdlib.h>
| #endif
| /* end confdefs.h.  */
| #include <ac_nonexistent.h>
configure:4866: result: /opt/storlink_arm_920t_le_uclibc//bin/arm-linux-g++ -E
configure:4891: /opt/storlink_arm_920t_le_uclibc//bin/arm-linux-g++ -E  conftest.cc
configure:4897: $? = 0
configure:4929: /opt/storlink_arm_920t_le_uclibc//bin/arm-linux-g++ -E  conftest.cc
configure:4943:28: ac_nonexistent.h: No such file or directory
configure:4935: $? = 1
configure: failed program was:
| #line 4920 "configure"
| /* confdefs.h.  */
| 
| #define PACKAGE_NAME ""
| #define PACKAGE_TARNAME ""
| #define PACKAGE_VERSION ""
| #define PACKAGE_STRING ""
| #define PACKAGE_BUGREPORT ""
| #define INSTALLPREFIX "/usr/local"
| #define STDC_HEADERS 1
| #define HAVE_SYS_TYPES_H 1
| #define HAVE_SYS_STAT_H 1
| #define HAVE_STDLIB_H 1
| #define HAVE_STRING_H 1
| #define HAVE_MEMORY_H 1
| #define HAVE_STRINGS_H 1
| #define HAVE_INTTYPES_H 1
| #define HAVE_STDINT_H 1
| #define HAVE_UNISTD_H 1
| #define HAVE_DLFCN_H 1
| #ifdef __cplusplus
| #include <stdlib.h>
| #endif
| /* end confdefs.h.  */
| #include <ac_nonexistent.h>
configure:4987: checking for arm-linux-gnu-g77
configure:5016: result: no
configure:4987: checking for arm-linux-gnu-f77
configure:5016: result: no
configure:4987: checking for arm-linux-gnu-xlf
configure:5016: result: no
configure:4987: checking for arm-linux-gnu-frt
configure:5016: result: no
configure:4987: checking for arm-linux-gnu-pgf77
configure:5016: result: no
configure:4987: checking for arm-linux-gnu-fl32
configure:5016: result: no
configure:4987: checking for arm-linux-gnu-af77
configure:5016: result: no
configure:4987: checking for arm-linux-gnu-fort77
configure:5016: result: no
configure:4987: checking for arm-linux-gnu-f90
configure:5016: result: no
configure:4987: checking for arm-linux-gnu-xlf90
configure:5016: result: no
configure:4987: checking for arm-linux-gnu-pgf90
configure:5016: result: no
configure:4987: checking for arm-linux-gnu-epcf90
configure:5016: result: no
configure:4987: checking for arm-linux-gnu-f95
configure:5016: result: no
configure:4987: checking for arm-linux-gnu-fort
configure:5016: result: no
configure:4987: checking for arm-linux-gnu-xlf95
configure:5016: result: no
configure:4987: checking for arm-linux-gnu-lf95
configure:5016: result: no
configure:4987: checking for arm-linux-gnu-g95
configure:5016: result: no
configure:5029: checking for g77
configure:5058: result: no
configure:5029: checking for f77
configure:5058: result: no
configure:5029: checking for xlf
configure:5058: result: no
configure:5029: checking for frt
configure:5058: result: no
configure:5029: checking for pgf77
configure:5058: result: no
configure:5029: checking for fl32
configure:5058: result: no
configure:5029: checking for af77
configure:5058: result: no
configure:5029: checking for fort77
configure:5058: result: no
configure:5029: checking for f90
configure:5058: result: no
configure:5029: checking for xlf90
configure:5058: result: no
configure:5029: checking for pgf90
configure:5058: result: no
configure:5029: checking for epcf90
configure:5058: result: no
configure:5029: checking for f95
configure:5045: found /usr/bin/f95
configure:5055: result: f95
configure:5070: checking for Fortran 77 compiler version
configure:5073: f95 --version </dev/null >&5
GNU Fortran 95 (GCC) 4.1.1 20061011 (Red Hat 4.1.1-30)
Copyright (C) 2006 Free Software Foundation, Inc.

GNU Fortran comes with NO WARRANTY, to the extent permitted by law.
You may redistribute copies of GNU Fortran
under the terms of the GNU General Public License.
For more information about these matters, see the file named COPYING

configure:5076: $? = 0
configure:5078: f95 -v </dev/null >&5
Using built-in specs.
Target: i386-redhat-linux
Configured with: ../configure --prefix=/usr --mandir=/usr/share/man --infodir=/usr/share/info --enable-shared --enable-threads=posix --enable-checking=release --with-system-zlib --enable-__cxa_atexit --disable-libunwind-exceptions --enable-libgcj-multifile --enable-languages=c,c++,objc,obj-c++,java,fortran,ada --enable-java-awt=gtk --disable-dssi --enable-plugin --with-java-home=/usr/lib/jvm/java-1.4.2-gcj-1.4.2.0/jre --with-cpu=generic --host=i386-redhat-linux
Thread model: posix
gcc version 4.1.1 20061011 (Red Hat 4.1.1-30)
configure:5081: $? = 0
configure:5083: f95 -V </dev/null >&5
f95: '-V' option must have argument
configure:5086: $? = 1
configure:5093: checking whether we are using the GNU Fortran 77 compiler
configure:5107: f95 -c  conftest.F >&5
configure:5110: $? = 0
configure:5113: test -s conftest.o
configure:5116: $? = 0
configure:5129: result: yes
configure:5136: checking whether f95 accepts -g
configure:5148: f95 -c -g conftest.f >&5
configure:5151: $? = 0
configure:5154: test -s conftest.o
configure:5157: $? = 0
configure:5169: result: yes
configure:5197: checking the maximum length of command line arguments
configure:5256: result: 32768
configure:5267: checking command to parse nm output from /opt/storlink_arm_920t_le_uclibc//bin/arm-linux-gcc object
configure:5356: /opt/storlink_arm_920t_le_uclibc//bin/arm-linux-gcc -c -Os -Wall -D__UCLIBC_HAS_MMU__ -D__UCLIBC__ -DLOGNUM=1 -DRGDB_BLOCK_OFFSET=0 -DDEFAULT_STORAGE_FS=\"EXT3\"  conftest.c >&5
configure:5359: $? = 0
configure:5363: nm conftest.o \| sed -n -e 's/^.*[ 	]\([ABCDGISTW][ABCDGISTW]*\)[ 	][ 	]*\(\)\([_A-Za-z][_A-Za-z0-9]*\)$/\1 \2\3 \3/p' \> conftest.nm
configure:5366: $? = 0
configure:5418: /opt/storlink_arm_920t_le_uclibc//bin/arm-linux-gcc -o conftest -Os -Wall -D__UCLIBC_HAS_MMU__ -D__UCLIBC__ -DLOGNUM=1 -DRGDB_BLOCK_OFFSET=0 -DDEFAULT_STORAGE_FS=\"EXT3\"   conftest.c conftstm.o >&5
configure:5421: $? = 0
configure:5459: result: ok
configure:5463: checking for objdir
configure:5478: result: .libs
configure:5530: checking for arm-linux-gnu-ar
configure:5556: result: /opt/storlink_arm_920t_le_uclibc//bin/arm-linux-ar
configure:5610: checking for arm-linux-gnu-ranlib
configure:5636: result: /opt/storlink_arm_920t_le_uclibc//bin/arm-linux-ranlib
configure:5690: checking for arm-linux-gnu-strip
configure:5716: result: /opt/storlink_arm_920t_le_uclibc//bin/arm-linux-strip
configure:5809: checking for arm-linux-gnu-file
configure:5865: result: no
configure:5871: checking for file
configure:5924: result: /usr/bin/file
configure:6017: checking if /opt/storlink_arm_920t_le_uclibc//bin/arm-linux-gcc static flag  works
configure:6040: result: yes
configure:6057: checking if /opt/storlink_arm_920t_le_uclibc//bin/arm-linux-gcc supports -fno-rtti -fno-exceptions
configure:6075: /opt/storlink_arm_920t_le_uclibc//bin/arm-linux-gcc -c -Os -Wall -D__UCLIBC_HAS_MMU__ -D__UCLIBC__ -DLOGNUM=1 -DRGDB_BLOCK_OFFSET=0 -DDEFAULT_STORAGE_FS=\"EXT3\"  -fno-rtti -fno-exceptions conftest.c >&5
cc1: warning: command line option "-fno-rtti" is valid for C++/ObjC++ but not for C
configure:6079: $? = 0
configure:6090: result: no
configure:6105: checking for /opt/storlink_arm_920t_le_uclibc//bin/arm-linux-gcc option to produce PIC
configure:6282: result: -fPIC
configure:6289: checking if /opt/storlink_arm_920t_le_uclibc//bin/arm-linux-gcc PIC flag -fPIC works
configure:6307: /opt/storlink_arm_920t_le_uclibc//bin/arm-linux-gcc -c -Os -Wall -D__UCLIBC_HAS_MMU__ -D__UCLIBC__ -DLOGNUM=1 -DRGDB_BLOCK_OFFSET=0 -DDEFAULT_STORAGE_FS=\"EXT3\"  -fPIC -DPIC conftest.c >&5
configure:6311: $? = 0
configure:6322: result: yes
configure:6346: checking if /opt/storlink_arm_920t_le_uclibc//bin/arm-linux-gcc supports -c -o file.o
configure:6374: /opt/storlink_arm_920t_le_uclibc//bin/arm-linux-gcc -c -Os -Wall -D__UCLIBC_HAS_MMU__ -D__UCLIBC__ -DLOGNUM=1 -DRGDB_BLOCK_OFFSET=0 -DDEFAULT_STORAGE_FS=\"EXT3\"  -o out/conftest2.o conftest.c >&5
configure:6378: $? = 0
configure:6395: result: yes
configure:6421: checking whether the /opt/storlink_arm_920t_le_uclibc//bin/arm-linux-gcc linker (/opt/storlink_arm_920t_le_uclibc//bin/arm-linux-ld) supports shared libraries
configure:7215: result: yes
configure:7241: checking whether -lc should be explicitly linked in
configure:7246: /opt/storlink_arm_920t_le_uclibc//bin/arm-linux-gcc -c -Os -Wall -D__UCLIBC_HAS_MMU__ -D__UCLIBC__ -DLOGNUM=1 -DRGDB_BLOCK_OFFSET=0 -DDEFAULT_STORAGE_FS=\"EXT3\"  conftest.c >&5
configure:7249: $? = 0
configure:7263: /opt/storlink_arm_920t_le_uclibc//bin/arm-linux-gcc -shared conftest.o  -v -Wl,-soname -Wl,conftest -o conftest 2\>\&1 \| grep  -lc  \>/dev/null 2\>\&1
configure:7266: $? = 0
configure:7278: result: no
configure:7286: checking how to hardcode library paths into programs
configure:7311: result: immediate
configure:7325: checking whether stripping libraries is possible
configure:7330: result: yes
configure:7352: checking dynamic linker characteristics
configure:7875: result: GNU/Linux ld.so
configure:8601: checking if libtool supports shared libraries
configure:8603: result: yes
configure:8606: checking whether to build shared libraries
configure:8655: result: yes
configure:8658: checking whether to build static libraries
configure:8662: result: yes
configure:8753: creating libtool
configure:9297: checking for ld used by /opt/storlink_arm_920t_le_uclibc//bin/arm-linux-g++
configure:9364: result: /opt/storlink_arm_920t_le_uclibc//bin/arm-linux-ld
configure:9373: checking if the linker (/opt/storlink_arm_920t_le_uclibc//bin/arm-linux-ld) is GNU ld
configure:9388: result: yes
configure:9439: checking whether the /opt/storlink_arm_920t_le_uclibc//bin/arm-linux-g++ linker (/opt/storlink_arm_920t_le_uclibc//bin/arm-linux-ld) supports shared libraries
configure:10234: result: yes
configure:10252: /opt/storlink_arm_920t_le_uclibc//bin/arm-linux-g++ -c -g -O2  conftest.cc >&5
configure:10255: $? = 0
configure:10351: checking for /opt/storlink_arm_920t_le_uclibc//bin/arm-linux-g++ option to produce PIC
configure:10603: result: -fPIC
configure:10610: checking if /opt/storlink_arm_920t_le_uclibc//bin/arm-linux-g++ PIC flag -fPIC works
configure:10628: /opt/storlink_arm_920t_le_uclibc//bin/arm-linux-g++ -c -g -O2  -fPIC -DPIC conftest.cc >&5
configure:10632: $? = 0
configure:10643: result: yes
configure:10667: checking if /opt/storlink_arm_920t_le_uclibc//bin/arm-linux-g++ supports -c -o file.o
configure:10695: /opt/storlink_arm_920t_le_uclibc//bin/arm-linux-g++ -c -g -O2  -o out/conftest2.o conftest.cc >&5
configure:10699: $? = 0
configure:10716: result: yes
configure:10742: checking whether the /opt/storlink_arm_920t_le_uclibc//bin/arm-linux-g++ linker (/opt/storlink_arm_920t_le_uclibc//bin/arm-linux-ld) supports shared libraries
configure:10767: result: yes
configure:10838: checking how to hardcode library paths into programs
configure:10863: result: immediate
configure:10877: checking whether stripping libraries is possible
configure:10882: result: yes
configure:10904: checking dynamic linker characteristics
configure:11427: result: GNU/Linux ld.so
configure:12626: checking if libtool supports shared libraries
configure:12628: result: yes
configure:12631: checking whether to build shared libraries
configure:12649: result: yes
configure:12652: checking whether to build static libraries
configure:12656: result: yes
configure:12668: checking for f95 option to produce PIC
configure:12845: result: -fPIC
configure:12852: checking if f95 PIC flag -fPIC works
configure:12870: f95 -c -g -O2 -fPIC conftest.f >&5
configure:12874: $? = 0
configure:12885: result: yes
configure:12909: checking if f95 supports -c -o file.o
configure:12937: f95 -c -g -O2 -o out/conftest2.o conftest.f >&5
configure:12941: $? = 0
configure:12958: result: yes
configure:12984: checking whether the f95 linker (/opt/storlink_arm_920t_le_uclibc//bin/arm-linux-ld) supports shared libraries
configure:13756: result: yes
configure:13827: checking how to hardcode library paths into programs
configure:13852: result: immediate
configure:13866: checking whether stripping libraries is possible
configure:13871: result: yes
configure:13893: checking dynamic linker characteristics
configure:14416: result: GNU/Linux ld.so
configure:18319: checking for nl_langinfo and CODESET
configure:18341: /opt/storlink_arm_920t_le_uclibc//bin/arm-linux-gcc -o conftest -Os -Wall -D__UCLIBC_HAS_MMU__ -D__UCLIBC__ -DLOGNUM=1 -DRGDB_BLOCK_OFFSET=0 -DDEFAULT_STORAGE_FS=\"EXT3\"   conftest.c  >&5
configure: In function `main':
configure:18351: warning: unused variable `cs'
configure:18344: $? = 0
configure:18347: test -s conftest
configure:18350: $? = 0
configure:18362: result: yes
configure:18373: checking whether we are using the GNU C Library 2.1 or newer
configure:18405: result: yes
configure:18427: checking stddef.h usability
configure:18440: /opt/storlink_arm_920t_le_uclibc//bin/arm-linux-gcc -c -Os -Wall -D__UCLIBC_HAS_MMU__ -D__UCLIBC__ -DLOGNUM=1 -DRGDB_BLOCK_OFFSET=0 -DDEFAULT_STORAGE_FS=\"EXT3\"  conftest.c >&5
configure:18443: $? = 0
configure:18446: test -s conftest.o
configure:18449: $? = 0
configure:18459: result: yes
configure:18463: checking stddef.h presence
configure:18474: /opt/storlink_arm_920t_le_uclibc//bin/arm-linux-gcc -E  conftest.c
configure:18480: $? = 0
configure:18499: result: yes
configure:18535: checking for stddef.h
configure:18542: result: yes
configure:18418: checking for stdlib.h
configure:18423: result: yes
configure:18418: checking for string.h
configure:18423: result: yes
configure:18559: checking for setlocale
configure:18609: /opt/storlink_arm_920t_le_uclibc//bin/arm-linux-gcc -o conftest -Os -Wall -D__UCLIBC_HAS_MMU__ -D__UCLIBC__ -DLOGNUM=1 -DRGDB_BLOCK_OFFSET=0 -DDEFAULT_STORAGE_FS=\"EXT3\"   conftest.c  >&5
configure:18612: $? = 0
configure:18615: test -s conftest
configure:18618: $? = 0
configure:18629: result: yes
configure:18736: creating ./config.status

## ---------------------- ##
## Running config.status. ##
## ---------------------- ##

This file was extended by config.status, which was
generated by GNU Autoconf 2.57.  Invocation command line was

  CONFIG_FILES    = 
  CONFIG_HEADERS  = 
  CONFIG_LINKS    = 
  CONFIG_COMMANDS = 
  $ ./config.status 

on localhost

config.status:651: creating Makefile
config.status:651: creating lib/Makefile
config.status:755: creating config.h
config.status:870: config.h is unchanged

## ---------------- ##
## Cache variables. ##
## ---------------- ##

ac_cv_build=i686-pc-linux-gnu
ac_cv_build_alias=i686-pc-linux-gnu
ac_cv_c_compiler_gnu=yes
ac_cv_cxx_compiler_gnu=yes
ac_cv_env_CC_set=set
ac_cv_env_CC_value=/opt/storlink_arm_920t_le_uclibc//bin/arm-linux-gcc
ac_cv_env_CFLAGS_set=set
ac_cv_env_CFLAGS_value='-Os -Wall -D__UCLIBC_HAS_MMU__ -D__UCLIBC__ -DLOGNUM=1 -DRGDB_BLOCK_OFFSET=0 -DDEFAULT_STORAGE_FS=\"EXT3\"'
ac_cv_env_CPPFLAGS_set=
ac_cv_env_CPPFLAGS_value=
ac_cv_env_CPP_set=
ac_cv_env_CPP_value=
ac_cv_env_CXXCPP_set=
ac_cv_env_CXXCPP_value=
ac_cv_env_CXXFLAGS_set=
ac_cv_env_CXXFLAGS_value=
ac_cv_env_CXX_set=set
ac_cv_env_CXX_value=/opt/storlink_arm_920t_le_uclibc//bin/arm-linux-g++
ac_cv_env_F77_set=
ac_cv_env_F77_value=
ac_cv_env_FFLAGS_set=
ac_cv_env_FFLAGS_value=
ac_cv_env_LDFLAGS_set=set
ac_cv_env_LDFLAGS_value=
ac_cv_env_build_alias_set=
ac_cv_env_build_alias_value=
ac_cv_env_host_alias_set=set
ac_cv_env_host_alias_value=arm-linux-gnu
ac_cv_env_target_alias_set=
ac_cv_env_target_alias_value=
ac_cv_exeext=
ac_cv_f77_compiler_gnu=yes
ac_cv_func_setlocale=yes
ac_cv_gnu_library_2_1=yes
ac_cv_header_dlfcn_h=yes
ac_cv_header_inttypes_h=yes
ac_cv_header_memory_h=yes
ac_cv_header_minix_config_h=no
ac_cv_header_stdc=yes
ac_cv_header_stddef_h=yes
ac_cv_header_stdint_h=yes
ac_cv_header_stdlib_h=yes
ac_cv_header_string_h=yes
ac_cv_header_strings_h=yes
ac_cv_header_sys_stat_h=yes
ac_cv_header_sys_types_h=yes
ac_cv_header_unistd_h=yes
ac_cv_host=arm-unknown-linux-gnu
ac_cv_host_alias=arm-linux-gnu
ac_cv_lib_cposix_strerror=no
ac_cv_objext=o
ac_cv_path_install='/usr/bin/install -c'
ac_cv_prog_AR=/opt/storlink_arm_920t_le_uclibc//bin/arm-linux-ar
ac_cv_prog_CC=/opt/storlink_arm_920t_le_uclibc//bin/arm-linux-gcc
ac_cv_prog_CPP='/opt/storlink_arm_920t_le_uclibc//bin/arm-linux-gcc -E'
ac_cv_prog_CXX=/opt/storlink_arm_920t_le_uclibc//bin/arm-linux-g++
ac_cv_prog_CXXCPP='/opt/storlink_arm_920t_le_uclibc//bin/arm-linux-g++ -E'
ac_cv_prog_RANLIB=/opt/storlink_arm_920t_le_uclibc//bin/arm-linux-ranlib
ac_cv_prog_STRIP=/opt/storlink_arm_920t_le_uclibc//bin/arm-linux-strip
ac_cv_prog_ac_ct_F77=f95
ac_cv_prog_cc_g=yes
ac_cv_prog_cc_stdc=
ac_cv_prog_cxx_g=yes
ac_cv_prog_egrep='grep -E'
ac_cv_prog_f77_g=yes
ac_cv_prog_gcc_traditional=no
ac_cv_prog_make_make_set=yes
am_cv_langinfo_codeset=yes
lt_cv_deplibs_check_method='file_magic ELF [0-9][0-9]*-bit [LM]SB (shared object|dynamic lib )'
lt_cv_file_magic_cmd='$MAGIC_CMD'
lt_cv_file_magic_test_file='/lib/libc.so.6 /lib/libc-2.5.so'
lt_cv_ld_reload_flag=-r
lt_cv_objdir=.libs
lt_cv_path_LD=/opt/storlink_arm_920t_le_uclibc//bin/arm-linux-ld
lt_cv_path_LDCXX=/opt/storlink_arm_920t_le_uclibc//bin/arm-linux-ld
lt_cv_path_MAGIC_CMD=/usr/bin/file
lt_cv_path_NM=nm
lt_cv_path_SED=/bin/sed
lt_cv_prog_compiler_c_o=yes
lt_cv_prog_compiler_c_o_CXX=yes
lt_cv_prog_compiler_c_o_F77=yes
lt_cv_prog_compiler_rtti_exceptions=no
lt_cv_prog_gnu_ld=yes
lt_cv_prog_gnu_ldcxx=yes
lt_cv_sys_global_symbol_pipe='sed -n -e '\''s/^.*[ 	]\([ABCDGISTW][ABCDGISTW]*\)[ 	][ 	]*\(\)\([_A-Za-z][_A-Za-z0-9]*\)$/\1 \2\3 \3/p'\'''
lt_cv_sys_global_symbol_to_c_name_address='sed -n -e '\''s/^: \([^ ]*\) $/  {\"\1\", (lt_ptr) 0},/p'\'' -e '\''s/^[BCDEGRST] \([^ ]*\) \([^ ]*\)$/  {"\2", (lt_ptr) \&\2},/p'\'''
lt_cv_sys_global_symbol_to_cdecl='sed -n -e '\''s/^. .* \(.*\)$/extern int \1;/p'\'''
lt_cv_sys_max_cmd_len=32768
lt_lt_cv_prog_compiler_c_o='"yes"'
lt_lt_cv_prog_compiler_c_o_CXX='"yes"'
lt_lt_cv_prog_compiler_c_o_F77='"yes"'
lt_lt_cv_sys_global_symbol_pipe='"sed -n -e '\''s/^.*[ 	]\\([ABCDGISTW][ABCDGISTW]*\\)[ 	][ 	]*\\(\\)\\([_A-Za-z][_A-Za-z0-9]*\\)\$/\\1 \\2\\3 \\3/p'\''"'
lt_lt_cv_sys_global_symbol_to_c_name_address='"sed -n -e '\''s/^: \\([^ ]*\\) \$/  {\\\"\\1\\\", (lt_ptr) 0},/p'\'' -e '\''s/^[BCDEGRST] \\([^ ]*\\) \\([^ ]*\\)\$/  {\"\\2\", (lt_ptr) \\&\\2},/p'\''"'
lt_lt_cv_sys_global_symbol_to_cdecl='"sed -n -e '\''s/^. .* \\(.*\\)\$/extern int \\1;/p'\''"'

## ----------------- ##
## Output variables. ##
## ----------------- ##

AR='/opt/storlink_arm_920t_le_uclibc//bin/arm-linux-ar'
AS='/opt/storlink_arm_920t_le_uclibc//bin/arm-linux-as'
CC='/opt/storlink_arm_920t_le_uclibc//bin/arm-linux-gcc'
CFLAGS='-Os -Wall -D__UCLIBC_HAS_MMU__ -D__UCLIBC__ -DLOGNUM=1 -DRGDB_BLOCK_OFFSET=0 -DDEFAULT_STORAGE_FS=\"EXT3\"'
CPP='/opt/storlink_arm_920t_le_uclibc//bin/arm-linux-gcc -E'
CPPFLAGS=''
CXX='/opt/storlink_arm_920t_le_uclibc//bin/arm-linux-g++'
CXXCPP='/opt/storlink_arm_920t_le_uclibc//bin/arm-linux-g++ -E'
CXXFLAGS='-g -O2'
DEFS='-DHAVE_CONFIG_H'
DLLTOOL='dlltool'
ECHO='echo'
ECHO_C=''
ECHO_N='-n'
ECHO_T=''
EGREP='grep -E'
EXEEXT=''
F77='f95'
FFLAGS='-g -O2'
GLIBC21='yes'
INSTALL_DATA='${INSTALL} -m 644'
INSTALL_PROGRAM='${INSTALL}'
INSTALL_SCRIPT='${INSTALL}'
LDFLAGS=''
LIBOBJS=''
LIBS=''
LIBTOOL='$(SHELL) $(top_builddir)/libtool'
LN_S='ln -s'
LTLIBOBJS=''
OBJDUMP='objdump'
OBJEXT='o'
PACKAGE=''
PACKAGE_BUGREPORT=''
PACKAGE_NAME=''
PACKAGE_STRING=''
PACKAGE_TARNAME=''
PACKAGE_VERSION=''
PATH_SEPARATOR=':'
RANLIB='/opt/storlink_arm_920t_le_uclibc//bin/arm-linux-ranlib'
RELOCATABLE='no'
SET_MAKE=''
SHELL='/bin/sh'
STRIP='/opt/storlink_arm_920t_le_uclibc//bin/arm-linux-strip'
VERSION=''
ac_ct_AR=''
ac_ct_AS=''
ac_ct_CC=''
ac_ct_CXX=''
ac_ct_DLLTOOL=''
ac_ct_F77='f95'
ac_ct_OBJDUMP=''
ac_ct_RANLIB=''
ac_ct_STRIP=''
bindir='${exec_prefix}/bin'
build='i686-pc-linux-gnu'
build_alias=''
build_cpu='i686'
build_os='linux-gnu'
build_vendor='pc'
datadir='${prefix}/share'
exec_prefix='${prefix}'
host='arm-unknown-linux-gnu'
host_alias='arm-linux-gnu'
host_cpu='arm'
host_os='linux-gnu'
host_vendor='unknown'
includedir='${prefix}/include'
infodir='${prefix}/info'
libdir='${exec_prefix}/lib'
libexecdir='${exec_prefix}/libexec'
localstatedir='${prefix}/var'
mandir='${datadir}/man'
oldincludedir='/usr/include'
prefix='/usr/local'
program_transform_name='s,x,x,'
sbindir='${exec_prefix}/sbin'
sharedstatedir='${prefix}/com'
sysconfdir='${prefix}/etc'
target_alias=''

## ----------- ##
## confdefs.h. ##
## ----------- ##

#define HAVE_DLFCN_H 1
#define HAVE_INTTYPES_H 1
#define HAVE_LANGINFO_CODESET 1
#define HAVE_MEMORY_H 1
#define HAVE_SETLOCALE 1
#define HAVE_STDDEF_H 1
#define HAVE_STDINT_H 1
#define HAVE_STDLIB_H 1
#define HAVE_STDLIB_H 1
#define HAVE_STRINGS_H 1
#define HAVE_STRING_H 1
#define HAVE_STRING_H 1
#define HAVE_SYS_STAT_H 1
#define HAVE_SYS_TYPES_H 1
#define HAVE_UNISTD_H 1
#define INSTALLPREFIX "/usr/local"
#define PACKAGE_BUGREPORT ""
#define PACKAGE_NAME ""
#define PACKAGE_STRING ""
#define PACKAGE_TARNAME ""
#define PACKAGE_VERSION ""
#define STDC_HEADERS 1
#endif
#ifdef __cplusplus
#include <stdlib.h>

configure: exit 0
